<?xml version="1.0" encoding="UTF-8" standalone="yes"?><!DOCTYPE report PUBLIC "-//JACOCO//DTD Report 1.1//EN" "report.dtd"><report name="mission-core"><sessioninfo id="ASRHQra0043-ba3f4dd0" start="1635148163350" dump="1635148671671"/><sessioninfo id="ASRHQra0043-41203bbc" start="1635155363122" dump="1635155363157"/><sessioninfo id="ASRHQra0043-9743e421" start="1635155383779" dump="1635155383808"/><sessioninfo id="ASRHQra0043-ed02795d" start="1635155403667" dump="1635155403715"/><sessioninfo id="ASRHQra0043-18b5dd28" start="1635155418765" dump="1635155418795"/><sessioninfo id="ASRHQra0043-445ae3ed" start="1635296950115" dump="1635296959187"/><sessioninfo id="ASRHQra0043-4c2b35f2" start="1635310081481" dump="1635310081528"/><sessioninfo id="ASRHQra0043-8c92db09" start="1635310141857" dump="1635310141870"/><sessioninfo id="ASRHQra0043-b385cb09" start="1635310151203" dump="1635310151221"/><sessioninfo id="ASRHQra0043-1ddec679" start="1635384306820" dump="1635384315005"/><sessioninfo id="ASRHQra0043-7a6d5df0" start="1635384462667" dump="1635384469779"/><sessioninfo id="ASRHQra0043-53e87117" start="1635384633749" dump="1635384641114"/><sessioninfo id="ASRHQra0043-edd337b6" start="1635486300413" dump="1635486309666"/><sessioninfo id="ASRHQra0043-ae756bd9" start="1635486776430" dump="1635486777686"/><sessioninfo id="ASRHQra0043-d3830619" start="1635487338546" dump="1635487345647"/><sessioninfo id="ASRHQra0043-faf28cb5" start="1637122034822" dump="1637122044992"/><sessioninfo id="ASRHQra0043-b7cf00a5" start="1637129170326" dump="1637129178595"/><sessioninfo id="ASRHQra0043-d6901980" start="1637138190356" dump="1637138203495"/><sessioninfo id="ASRHQra0043-3c96808b" start="1637138598651" dump="1637138607717"/><sessioninfo id="ASRHQra0043-3c2b6af3" start="1637138970992" dump="1637138979914"/><sessioninfo id="ASRHQra0043-c067782f" start="1637139804241" dump="1637139813973"/><sessioninfo id="ASRHQra0043-cd63b5cf" start="1637140195302" dump="1637140205372"/><sessioninfo id="ASRHQra0043-f16bd1b9" start="1637198581296" dump="1637198590552"/><sessioninfo id="ASRHQra0043-90944355" start="1637201226033" dump="1637201234783"/><sessioninfo id="ASRHQra0043-1d8bec04" start="1637286051300" dump="1637286061666"/><sessioninfo id="ASRHQra0043-c39a560" start="1637286627402" dump="1637286636389"/><sessioninfo id="ASRHQra0043-db84916c" start="1637573929283" dump="1637573939299"/><sessioninfo id="ASRHQra0043-1e9a7cad" start="1637647186647" dump="1637647196345"/><sessioninfo id="ASRHQra0043-b12a3a28" start="1637650044948" dump="1637650053828"/><sessioninfo id="ASRHQra0043-d4fdcc67" start="1637819051927" dump="1637819060465"/><sessioninfo id="ASRHQra0043-2dc8058f" start="1637826759635" dump="1637826770215"/><sessioninfo id="ASRHQra0043-e9f1328c" start="1637890088665" dump="1637890098300"/><sessioninfo id="ASRHQra0043-23897c1" start="1637894982608" dump="1637894992722"/><sessioninfo id="ASRHQra0043-a89253ca" start="1637919055282" dump="1637919065792"/><sessioninfo id="ASRHQra0043-ccda6ae4" start="1638155983813" dump="1638155993334"/><sessioninfo id="ASRHQra0043-82b88f4" start="1638330049039" dump="1638330057450"/><sessioninfo id="ASRHQra0043-ac003e5f" start="1638330071862" dump="1638330079449"/><sessioninfo id="ASRHQra0043-8471d454" start="1638337249480" dump="1638337252845"/><sessioninfo id="ASRHQra0043-fb0bcf77" start="1638337621688" dump="1638337629789"/><sessioninfo id="ASRHQra0043-fbe9b1c2" start="1638337720279" dump="1638337727803"/><sessioninfo id="ASRHQra0043-af7e7cc0" start="1638352297698" dump="1638352306566"/><sessioninfo id="ASRHQra0043-33266d31" start="1638858762932" dump="1638858775239"/><sessioninfo id="ASRHQra0043-373b159f" start="1638858880823" dump="1638858885699"/><sessioninfo id="ASRHQra0043-e273d255" start="1638859576549" dump="1638859576579"/><sessioninfo id="ASRHQra0043-dc14540c" start="1638859589576" dump="1638859589595"/><sessioninfo id="ASRHQra0043-115ccaf0" start="1638859778960" dump="1638859778973"/><sessioninfo id="ASRHQra0043-140b0d97" start="1638859785653" dump="1638859785675"/><sessioninfo id="ASRHQra0043-6aebad22" start="1638860120088" dump="1638860120102"/><sessioninfo id="ASRHQra0043-d7328125" start="1638860131514" dump="1638860131534"/><sessioninfo id="ASRHQra0043-be1c6861" start="1638860247158" dump="1638860248729"/><sessioninfo id="ASRHQra0043-312c700a" start="1638861272119" dump="1638861273554"/><sessioninfo id="ASRHQra0043-9517a011" start="1638861401981" dump="1638861403371"/><sessioninfo id="ASRHQra0043-7d11e83b" start="1638861442870" dump="1638861450074"/><sessioninfo id="ASRHQra0043-bbff12f3" start="1638861713335" dump="1638861724356"/><sessioninfo id="ASRHQra0043-166579b2" start="1638926527721" dump="1638926527764"/><sessioninfo id="ASRHQra0043-4c70eeda" start="1638926992336" dump="1638926993575"/><sessioninfo id="ASRHQra0043-910031e8" start="1638927072630" dump="1638927115736"/><sessioninfo id="ASRHQra0043-aeba02f9" start="1638927136795" dump="1638927204946"/><sessioninfo id="ASRHQra0043-8fdbca08" start="1638927470744" dump="1638927472037"/><sessioninfo id="ASRHQra0043-30d13f77" start="1638927857321" dump="1638927928071"/><sessioninfo id="ASRHQra0043-4c5b9082" start="1638927989924" dump="1638927991155"/><sessioninfo id="ASRHQra0043-f85faa7" start="1638928288146" dump="1638928289348"/><sessioninfo id="ASRHQra0043-c01221b2" start="1638932148451" dump="1638932149704"/><sessioninfo id="ASRHQra0043-3cbd16b2" start="1638933922446" dump="1638933922460"/><sessioninfo id="ASRHQra0043-3b928d57" start="1638933944526" dump="1638933980261"/><sessioninfo id="ASRHQra0043-314eed70" start="1638934120617" dump="1638934161481"/><sessioninfo id="ASRHQra0043-7f854958" start="1638934198798" dump="1638934237307"/><sessioninfo id="ASRHQra0043-a4c4d907" start="1638934320526" dump="1638934407721"/><sessioninfo id="ASRHQra0043-6d42a04b" start="1638934427587" dump="1638934427617"/><sessioninfo id="ASRHQra0043-6b8b39c9" start="1638934458000" dump="1638934458014"/><sessioninfo id="ASRHQra0043-6fe9732b" start="1638934495203" dump="1638934495221"/><sessioninfo id="ASRHQra0043-f672de07" start="1638934508544" dump="1638934508579"/><sessioninfo id="ASRHQra0043-b6b0aab4" start="1638934625584" dump="1638934625622"/><sessioninfo id="ASRHQra0043-58c96db0" start="1638934650783" dump="1638934650801"/><sessioninfo id="ASRHQra0043-7255e74" start="1638934686364" dump="1638934686384"/><sessioninfo id="ASRHQra0043-a443972c" start="1638934747038" dump="1638934747063"/><sessioninfo id="ASRHQra0043-b370a4ea" start="1638935334008" dump="1638935334041"/><sessioninfo id="ASRHQra0043-682cde4d" start="1638935456282" dump="1638935456312"/><sessioninfo id="ASRHQra0043-7a093fee" start="1638935495087" dump="1638935496328"/><sessioninfo id="ASRHQra0043-c84d4c99" start="1638935535690" dump="1638935547008"/><sessioninfo id="ASRHQra0043-ea518c58" start="1638935638499" dump="1638935648137"/><sessioninfo id="ASRHQra0043-78991111" start="1638935768335" dump="1638935790396"/><sessioninfo id="ASRHQra0043-342cb278" start="1638935817681" dump="1638935832652"/><sessioninfo id="ASRHQra0043-d46ced75" start="1638935897376" dump="1638935912430"/><sessioninfo id="ASRHQra0043-1586501f" start="1638935980656" dump="1638935994501"/><sessioninfo id="ASRHQra0043-be869cdd" start="1638943711207" dump="1638943712396"/><sessioninfo id="ASRHQra0043-25ed616f" start="1638943725760" dump="1638943727012"/><sessioninfo id="ASRHQra0043-9706f3ce" start="1638943741024" dump="1638943741058"/><sessioninfo id="ASRHQra0043-f53ae0c7" start="1638947763576" dump="1638947764901"/><sessioninfo id="ASRHQra0043-39296cd0" start="1638947948068" dump="1638947949319"/><sessioninfo id="ASRHQra0043-b94e4731" start="1638947988320" dump="1638947989580"/><sessioninfo id="ASRHQra0043-bf1cc12a" start="1638948028557" dump="1638948029557"/><sessioninfo id="ASRHQra0043-ac7341bb" start="1638948049747" dump="1638948050958"/><sessioninfo id="ASRHQra0043-23b29395" start="1638948105632" dump="1638948117499"/><sessioninfo id="ASRHQra0043-737248c5" start="1638948490340" dump="1638948491633"/><sessioninfo id="ASRHQra0043-5037837d" start="1638948851656" dump="1638948853089"/><sessioninfo id="ASRHQra0043-5ca95da8" start="1638948871463" dump="1638948883897"/><sessioninfo id="ASRHQra0043-47fc1224" start="1638949173026" dump="1638949173045"/><sessioninfo id="ASRHQra0043-cea5d314" start="1638949640023" dump="1638949640044"/><sessioninfo id="ASRHQra0043-11da18dc" start="1638949648753" dump="1638949648825"/><sessioninfo id="ASRHQra0043-38d0daa5" start="1638950188510" dump="1638950188527"/><sessioninfo id="ASRHQra0043-9eb388ac" start="1638951163898" dump="1638951177584"/><sessioninfo id="ASRHQra0043-a41de7ff" start="1638951233469" dump="1638951240311"/><sessioninfo id="ASRHQra0043-e9261182" start="1638951801528" dump="1638951801548"/><sessioninfo id="ASRHQra0043-3d535ea" start="1638951869433" dump="1638951869463"/><sessioninfo id="ASRHQra0043-c31e0c68" start="1638954360824" dump="1638954360872"/><sessioninfo id="ASRHQra0043-a29cf17c" start="1638954568358" dump="1638954568466"/><sessioninfo id="ASRHQra0043-4193b685" start="1638955760039" dump="1638955760088"/><sessioninfo id="ASRHQra0043-eeed86a3" start="1638956244840" dump="1638956244937"/><sessioninfo id="ASRHQra0043-d39d79b0" start="1638956271082" dump="1638956305475"/><sessioninfo id="ASRHQra0043-d7158021" start="1638956316053" dump="1638956363771"/><sessioninfo id="ASRHQra0043-8d9b6de7" start="1638956389149" dump="1638956434920"/><sessioninfo id="ASRHQra0043-660d59ee" start="1638956535886" dump="1638956535954"/><sessioninfo id="ASRHQra0043-3bbf2ad5" start="1638957024274" dump="1638957024395"/><sessioninfo id="ASRHQra0043-73e9d6c9" start="1638957128517" dump="1638957139754"/><sessioninfo id="ASRHQra0043-f7b32668" start="1638957379939" dump="1638957392372"/><sessioninfo id="ASRHQra0043-37b6ff18" start="1638957644099" dump="1638957657091"/><sessioninfo id="ASRHQra0043-681983db" start="1638957960123" dump="1638957973093"/><sessioninfo id="ASRHQra0043-b4553c36" start="1639016321152" dump="1639016321209"/><sessioninfo id="ASRHQra0043-65bf6ced" start="1639016979387" dump="1639016979444"/><sessioninfo id="ASRHQra0043-9914b745" start="1639016992157" dump="1639016992332"/><sessioninfo id="ASRHQra0043-36f32a71" start="1639017114817" dump="1639017114880"/><sessioninfo id="ASRHQra0043-59d149a0" start="1639017125506" dump="1639017125652"/><sessioninfo id="ASRHQra0043-afc850f2" start="1639017522617" dump="1639017537434"/><sessioninfo id="ASRHQra0043-cafb6b5" start="1639017597060" dump="1639017617908"/><sessioninfo id="ASRHQra0043-3d9b06a8" start="1639018708708" dump="1639018708774"/><sessioninfo id="ASRHQra0043-b85af868" start="1639020440103" dump="1639020440241"/><sessioninfo id="ASRHQra0043-40dc386e" start="1639020506358" dump="1639020506477"/><sessioninfo id="ASRHQra0043-e623eb2a" start="1639020741858" dump="1639020742211"/><sessioninfo id="ASRHQra0043-c41c2a5" start="1639020791125" dump="1639020791203"/><sessioninfo id="ASRHQra0043-b5a99db9" start="1639020848160" dump="1639020848523"/><sessioninfo id="ASRHQra0043-43aee04e" start="1639021610847" dump="1639021610986"/><sessioninfo id="ASRHQra0043-82caf883" start="1639021644053" dump="1639021644596"/><sessioninfo id="ASRHQra0043-a59a0df7" start="1639021778268" dump="1639021794682"/><sessioninfo id="ASRHQra0043-5f7b535f" start="1639021871345" dump="1639021886784"/><sessioninfo id="ASRHQra0043-544fee57" start="1639039098023" dump="1639039098089"/><sessioninfo id="ASRHQra0043-d7ba76b5" start="1639039134052" dump="1639039134205"/><sessioninfo id="ASRHQra0043-c6105869" start="1639039697746" dump="1639039697820"/><sessioninfo id="ASRHQra0043-9b94d843" start="1639039960394" dump="1639039960437"/><sessioninfo id="ASRHQra0043-22a942dd" start="1639039968116" dump="1639039968218"/><sessioninfo id="ASRHQra0043-d6e5157e" start="1639040988579" dump="1639040988631"/><sessioninfo id="ASRHQra0043-2623e5ee" start="1639041100598" dump="1639041100737"/><sessioninfo id="ASRHQra0043-5e21b35c" start="1639042808427" dump="1639042811907"/><sessioninfo id="ASRHQra0043-9d18f474" start="1639043765856" dump="1639043770347"/><sessioninfo id="ASRHQra0043-479d290c" start="1639043797662" dump="1639043813767"/><sessioninfo id="ASRHQra0043-875b47f6" start="1639043844582" dump="1639043844639"/><sessioninfo id="ASRHQra0043-fea6e532" start="1639043934954" dump="1639043934993"/><sessioninfo id="ASRHQra0043-ec944791" start="1639043947741" dump="1639043962387"/><sessioninfo id="ASRHQra0043-3bea01bd" start="1639098627713" dump="1639098627728"/><sessioninfo id="ASRHQra0043-3df9960a" start="1639100046693" dump="1639100047963"/><sessioninfo id="ASRHQra0043-fd1972e5" start="1639100265200" dump="1639100266524"/><sessioninfo id="ASRHQra0043-a2996416" start="1639100313647" dump="1639100333466"/><sessioninfo id="ASRHQra0043-3e0754f5" start="1639100439510" dump="1639100440724"/><sessioninfo id="ASRHQra0043-ed73aa60" start="1639100479567" dump="1639100495849"/><sessioninfo id="ASRHQra0043-d621c948" start="1639100641320" dump="1639100651462"/><sessioninfo id="ASRHQra0043-5a3fb985" start="1639102981211" dump="1639102986460"/><sessioninfo id="ASRHQra0043-8152c0e2" start="1639103093460" dump="1639103098279"/><sessioninfo id="ASRHQra0043-91ae86c8" start="1639103253055" dump="1639103258614"/><sessioninfo id="ASRHQra0043-c36711b6" start="1639103331473" dump="1639103336717"/><sessioninfo id="ASRHQra0043-8aa163f7" start="1639103695925" dump="1639103701125"/><sessioninfo id="ASRHQra0043-169998fa" start="1639104267796" dump="1639104273306"/><sessioninfo id="ASRHQra0043-e0f90991" start="1639104458056" dump="1639104463274"/><sessioninfo id="ASRHQra0043-27a5e075" start="1639104828866" dump="1639104832919"/><sessioninfo id="ASRHQra0043-8a4fe66" start="1639105222249" dump="1639105227707"/><sessioninfo id="ASRHQra0043-5a669692" start="1639105304264" dump="1639105309210"/><sessioninfo id="ASRHQra0043-26834b55" start="1639105469219" dump="1639105474301"/><sessioninfo id="ASRHQra0043-1996d01f" start="1639105553629" dump="1639105558461"/><sessioninfo id="ASRHQra0043-cd18180a" start="1639105596540" dump="1639105612286"/><sessioninfo id="ASRHQra0043-ac286099" start="1639105686848" dump="1639105692622"/><sessioninfo id="ASRHQra0043-270cfeae" start="1639105734536" dump="1639105752384"/><sessioninfo id="ASRHQra0043-e8793bfe" start="1639106024651" dump="1639106029827"/><sessioninfo id="ASRHQra0043-9e121faf" start="1639106051763" dump="1639106068094"/><sessioninfo id="ASRHQra0043-bd234aa8" start="1639106911387" dump="1639106915009"/><sessioninfo id="ASRHQra0043-22ea1c18" start="1639107102200" dump="1639107105867"/><sessioninfo id="ASRHQra0043-ff3f77ac" start="1639107131781" dump="1639107135494"/><sessioninfo id="ASRHQra0043-2d556c0" start="1639107218848" dump="1639107222637"/><sessioninfo id="ASRHQra0043-f4f7e737" start="1639107628144" dump="1639107633686"/><sessioninfo id="ASRHQra0043-9da03a8c" start="1639111619591" dump="1639111623112"/><sessioninfo id="ASRHQra0043-d0ed221b" start="1639111660444" dump="1639111690025"/><sessioninfo id="ASRHQra0043-7386d1bc" start="1639111716347" dump="1639111719650"/><sessioninfo id="ASRHQra0043-9ab9f203" start="1639111748306" dump="1639111751712"/><sessioninfo id="ASRHQra0043-b711fd5d" start="1639112033490" dump="1639112036943"/><sessioninfo id="ASRHQra0043-ce03039b" start="1639112268378" dump="1639112276653"/><sessioninfo id="ASRHQra0043-6c273373" start="1639112288302" dump="1639112307378"/><sessioninfo id="ASRHQra0043-3c900dcd" start="1639113959509" dump="1639113960650"/><sessioninfo id="ASRHQra0043-eded5a54" start="1639114045500" dump="1639114059191"/><sessioninfo id="ASRHQra0043-ca91e0de" start="1639114528674" dump="1639114530484"/><sessioninfo id="ASRHQra0043-3141c8bc" start="1639115641064" dump="1639115642223"/><sessioninfo id="ASRHQra0043-a2af9ae3" start="1639115732170" dump="1639115733294"/><sessioninfo id="ASRHQra0043-7ad0a912" start="1639115748043" dump="1639115750987"/><sessioninfo id="ASRHQra0043-feb9da59" start="1639116527199" dump="1639116527276"/><sessioninfo id="ASRHQra0043-a7279a26" start="1639118879859" dump="1639118883995"/><sessioninfo id="ASRHQra0043-19071819" start="1639123521150" dump="1639123523715"/><sessioninfo id="ASRHQra0043-aac7b32b" start="1639123612819" dump="1639123648185"/><sessioninfo id="ASRHQra0043-c2adcba5" start="1639123683115" dump="1639123693997"/><sessioninfo id="ASRHQra0043-21d4cbd1" start="1639127986074" dump="1639127990147"/><sessioninfo id="ASRHQra0043-b4daef3d" start="1639128177841" dump="1639128181652"/><sessioninfo id="ASRHQra0043-737b8f15" start="1639128400878" dump="1639128404772"/><sessioninfo id="ASRHQra0043-4a733491" start="1639128473342" dump="1639128476874"/><sessioninfo id="ASRHQra0043-212bcb9f" start="1639128548517" dump="1639128552297"/><sessioninfo id="ASRHQra0043-f0e2a79" start="1639128633575" dump="1639128637839"/><sessioninfo id="ASRHQra0043-d3d3870f" start="1639128784697" dump="1639128789079"/><sessioninfo id="ASRHQra0043-d5db7d0a" start="1639129298238" dump="1639129301920"/><sessioninfo id="ASRHQra0043-1cea13f1" start="1639129323914" dump="1639129415066"/><sessioninfo id="ASRHQra0043-6dec5f76" start="1639129812905" dump="1639129816979"/><sessioninfo id="ASRHQra0043-90b634e7" start="1639129832743" dump="1639129856151"/><sessioninfo id="ASRHQra0043-44b14b85" start="1639129999036" dump="1639130002563"/><sessioninfo id="ASRHQra0043-46e6e533" start="1639130124122" dump="1639130128113"/><sessioninfo id="ASRHQra0043-dd0a4039" start="1639130183952" dump="1639130185117"/><sessioninfo id="ASRHQra0043-7431a998" start="1639130197640" dump="1639130221781"/><sessioninfo id="ASRHQra0043-8fc773d9" start="1639130480711" dump="1639130503415"/><sessioninfo id="ASRHQra0043-fb37c1ca" start="1639359180111" dump="1639359202013"/><sessioninfo id="ASRHQra0043-8be6a9c9" start="1639384805788" dump="1639384825268"/><sessioninfo id="ASRHQra0043-1c7ec2c1" start="1639384961335" dump="1639384983618"/><sessioninfo id="ASRHQra0043-5b2a3f91" start="1639386777493" dump="1639386777527"/><sessioninfo id="ASRHQra0043-31841f4e" start="1639386816450" dump="1639386816488"/><sessioninfo id="ASRHQra0043-71a409a3" start="1639386929979" dump="1639386930016"/><sessioninfo id="ASRHQra0043-c5b87a78" start="1639387251472" dump="1639387251495"/><sessioninfo id="ASRHQra0043-5607f1b3" start="1639387272632" dump="1639387272656"/><sessioninfo id="ASRHQra0043-50782f63" start="1639387388785" dump="1639387395978"/><sessioninfo id="ASRHQra0043-ef3f997f" start="1639387417581" dump="1639387417600"/><sessioninfo id="ASRHQra0043-2c05a1e3" start="1639387522255" dump="1639387522292"/><sessioninfo id="ASRHQra0043-7c282c35" start="1639387534226" dump="1639387534251"/><sessioninfo id="ASRHQra0043-84a97cff" start="1639387572547" dump="1639387572594"/><sessioninfo id="ASRHQra0043-8a60d730" start="1639387642271" dump="1639387642323"/><sessioninfo id="ASRHQra0043-4c6f29d7" start="1639388307297" dump="1639388307344"/><sessioninfo id="ASRHQra0043-1dd57653" start="1639388347312" dump="1639388347342"/><sessioninfo id="ASRHQra0043-3871ab6" start="1639388363606" dump="1639388363646"/><sessioninfo id="ASRHQra0043-98b6b0db" start="1639388464398" dump="1639388464427"/><sessioninfo id="ASRHQra0043-ca6d26e2" start="1639388470473" dump="1639388470536"/><sessioninfo id="ASRHQra0043-718b652f" start="1639388563999" dump="1639388590037"/><sessioninfo id="ASRHQra0043-587ef3b6" start="1639389481363" dump="1639389481425"/><sessioninfo id="ASRHQra0043-b4276010" start="1639389681616" dump="1639389681697"/><sessioninfo id="ASRHQra0043-5a21689a" start="1639389687471" dump="1639389687640"/><sessioninfo id="ASRHQra0043-8babe8c3" start="1639446217084" dump="1639446217193"/><sessioninfo id="ASRHQra0043-4c0e356b" start="1639446675015" dump="1639446675102"/><sessioninfo id="ASRHQra0043-7c93ccd7" start="1639446715422" dump="1639446715648"/><sessioninfo id="ASRHQra0043-8d0ce3c8" start="1639446994863" dump="1639446995016"/><sessioninfo id="ASRHQra0043-79d18cb3" start="1639447381744" dump="1639447381849"/><sessioninfo id="ASRHQra0043-1b7d13ab" start="1639448079841" dump="1639448079907"/><sessioninfo id="ASRHQra0043-cade13c6" start="1639448525196" dump="1639448525282"/><sessioninfo id="ASRHQra0043-bdb3054c" start="1639448548338" dump="1639448548401"/><sessioninfo id="ASRHQra0043-fde2068e" start="1639449139735" dump="1639449139800"/><sessioninfo id="ASRHQra0043-64a13e91" start="1639449562811" dump="1639449562877"/><sessioninfo id="ASRHQra0043-7d1f4ccf" start="1639450045876" dump="1639450045945"/><sessioninfo id="ASRHQra0043-6a447d1e" start="1639451040114" dump="1639451040422"/><sessioninfo id="ASRHQra0043-f47a644d" start="1639451981140" dump="1639451981246"/><sessioninfo id="ASRHQra0043-2b547206" start="1639452022063" dump="1639452022199"/><sessioninfo id="ASRHQra0043-1ad7983d" start="1639452065718" dump="1639452067028"/><sessioninfo id="ASRHQra0043-66a215cd" start="1639452235581" dump="1639452236897"/><sessioninfo id="ASRHQra0043-a0b08829" start="1639453106988" dump="1639453107167"/><sessioninfo id="ASRHQra0043-409ede08" start="1639458816275" dump="1639458824291"/><sessioninfo id="ASRHQra0043-1cc09227" start="1639458864115" dump="1639458886255"/><sessioninfo id="ASRHQra0043-7fd1ef91" start="1639459781687" dump="1639459792967"/><sessioninfo id="ASRHQra0043-c9d02006" start="1639460137089" dump="1639460171894"/><sessioninfo id="ASRHQra0043-990e71c1" start="1639460707469" dump="1639460744289"/><sessioninfo id="ASRHQra0043-c96db455" start="1639461494129" dump="1639461501822"/><sessioninfo id="ASRHQra0043-db5c7a51" start="1639461670698" dump="1639461670708"/><sessioninfo id="ASRHQra0043-5d743b1b" start="1639462167856" dump="1639462167993"/><sessioninfo id="ASRHQra0043-fad40713" start="1639462279680" dump="1639462279693"/><sessioninfo id="ASRHQra0043-e777fae3" start="1639462291944" dump="1639462292091"/><sessioninfo id="ASRHQra0043-2734fea9" start="1639462424244" dump="1639462424759"/><sessioninfo id="ASRHQra0043-564582a3" start="1639462545461" dump="1639462565750"/><sessioninfo id="ASRHQra0043-537d6571" start="1639462651017" dump="1639462671747"/><sessioninfo id="ASRHQra0043-33a8a0ae" start="1639463010576" dump="1639463010636"/><sessioninfo id="ASRHQra0043-7281bb0d" start="1639463083728" dump="1639463083748"/><sessioninfo id="ASRHQra0043-1a935460" start="1639464000163" dump="1639464000173"/><sessioninfo id="ASRHQra0043-1b57cd72" start="1639464344648" dump="1639464344803"/><sessioninfo id="ASRHQra0043-eaf50726" start="1639464806471" dump="1639464806549"/><sessioninfo id="ASRHQra0043-7e67fd76" start="1639464839497" dump="1639464839542"/><sessioninfo id="ASRHQra0043-30bf974f" start="1639465259245" dump="1639465259993"/><sessioninfo id="ASRHQra0043-813e55f7" start="1639466295819" dump="1639466297742"/><sessioninfo id="ASRHQra0043-c9c31a60" start="1639466325769" dump="1639466346665"/><sessioninfo id="ASRHQra0043-2eec37d1" start="1639466438742" dump="1639466461121"/><sessioninfo id="ASRHQra0043-2c91cdc4" start="1639467315273" dump="1639467315945"/><sessioninfo id="ASRHQra0043-1fc8e60a" start="1639467428078" dump="1639467451624"/><sessioninfo id="ASRHQra0043-abd3936f" start="1639467546045" dump="1639467547299"/><sessioninfo id="ASRHQra0043-f1d07d9d" start="1639467561266" dump="1639467584434"/><sessioninfo id="ASRHQra0043-b9263cf8" start="1639467843222" dump="1639467844934"/><sessioninfo id="ASRHQra0043-81f8ba0a" start="1639468696926" dump="1639468699229"/><sessioninfo id="ASRHQra0043-f0661fe3" start="1639469641095" dump="1639469643579"/><sessioninfo id="ASRHQra0043-d80780c0" start="1639469886247" dump="1639469888627"/><sessioninfo id="ASRHQra0043-f09955ee" start="1639469969857" dump="1639469972211"/><sessioninfo id="ASRHQra0043-7eb09aab" start="1639469981618" dump="1639470004393"/><sessioninfo id="ASRHQra0043-e8494511" start="1639470211443" dump="1639470237370"/><sessioninfo id="ASRHQra0043-7522849c" start="1639471508719" dump="1639471509012"/><sessioninfo id="ASRHQra0043-2c4072" start="1639471738344" dump="1639471741320"/><sessioninfo id="ASRHQra0043-2d0c2a11" start="1639471850045" dump="1639471871756"/><sessioninfo id="ASRHQra0043-7b6aa2a6" start="1639472258983" dump="1639472282454"/><sessioninfo id="ASRHQra0043-ceb39e36" start="1639472956093" dump="1639472977788"/><sessioninfo id="ASRHQra0043-eec44fa5" start="1639473121503" dump="1639473146125"/><sessioninfo id="ASRHQra0043-8fba55b" start="1639717653798" dump="1639717702004"/><sessioninfo id="ASRHQra0043-aa92132c" start="1639718788752" dump="1639718817046"/><sessioninfo id="ASRHQra0043-c6d89a85" start="1639719802687" dump="1639719823959"/><sessioninfo id="ASRHQra0043-fd0f124a" start="1639720936781" dump="1639720959855"/><sessioninfo id="ASRHQra0043-8a94609" start="1639721400689" dump="1639721401833"/><sessioninfo id="ASRHQra0043-e963511a" start="1639721428764" dump="1639721429898"/><sessioninfo id="ASRHQra0043-1be84465" start="1639721440860" dump="1639721442776"/><sessioninfo id="ASRHQra0043-687ae25d" start="1639721500657" dump="1639721524557"/><sessioninfo id="ASRHQra0043-7e1f390d" start="1639721617040" dump="1639721637022"/><sessioninfo id="ASRHQra0043-4d29382e" start="1639721877635" dump="1639721897255"/><sessioninfo id="ASRHQra0043-251d4734" start="1639722455689" dump="1639722459459"/><sessioninfo id="ASRHQra0043-593a2219" start="1639722499323" dump="1639722509244"/><sessioninfo id="ASRHQra0043-c9a3a67" start="1639722575410" dump="1639722579099"/><sessioninfo id="ASRHQra0043-294e5e90" start="1639722664876" dump="1639722668930"/><sessioninfo id="ASRHQra0043-2274b1a4" start="1639722682733" dump="1639722703806"/><sessioninfo id="ASRHQra0043-c612e6be" start="1640072181777" dump="1640072193897"/><sessioninfo id="ASRHQra0043-1634d823" start="1640072242528" dump="1640072253303"/><sessioninfo id="ASRHQra0043-c9a8fdd3" start="1640317233886" dump="1640317243591"/><sessioninfo id="ASRHQra0043-e17aba27" start="1640317416555" dump="1640317449822"/><sessioninfo id="ASRHQra0043-ce20b714" start="1640317528380" dump="1640317532596"/><sessioninfo id="ASRHQra0043-eac24c16" start="1640317697462" dump="1640317702059"/><sessioninfo id="ASRHQra0043-ccca467" start="1640829494608" dump="1640829517284"/><sessioninfo id="ASRHQra0043-ceeeb5e6" start="1640829786314" dump="1640829807527"/><sessioninfo id="ASRHQra0043-26698e99" start="1640830576782" dump="1640830576801"/><sessioninfo id="ASRHQra0043-e0ed797d" start="1640832442559" dump="1640832461698"/><sessioninfo id="ASRHQra0043-f3c22afe" start="1640844613082" dump="1640844613946"/><sessioninfo id="ASRHQra0043-3bb412cc" start="1640844653662" dump="1640844654295"/><sessioninfo id="ASRHQra0043-e0c5fe5f" start="1640844767357" dump="1640844768117"/><sessioninfo id="ASRHQra0043-fc496b2f" start="1640844857730" dump="1640844858271"/><sessioninfo id="ASRHQra0043-6ba06f9e" start="1640844924178" dump="1640845220501"/><sessioninfo id="ASRHQra0043-89f19e3a" start="1641451090984" dump="1641451106421"/><sessioninfo id="ASRHQra0043-e84c1c5f" start="1643246931741" dump="1643246931764"/><sessioninfo id="ASRHQra0043-53548a9c" start="1643249428254" dump="1643249428275"/><sessioninfo id="ASRHQra0043-42e493e6" start="1643253269178" dump="1643253313398"/><sessioninfo id="ASRHQra0043-5a68f1a4" start="1643253557840" dump="1643253600639"/><sessioninfo id="ASRHQra0043-f2a7de24" start="1645070796864" dump="1645070796889"/><sessioninfo id="ASRHQra0043-e65789ea" start="1645071036407" dump="1645071036469"/><sessioninfo id="ASRHQra0043-e2dc756" start="1645071074745" dump="1645071107018"/><sessioninfo id="ASRHQra0043-dcaf9353" start="1645071175084" dump="1645071175111"/><sessioninfo id="ASRHQra0043-727ef751" start="1645071184233" dump="1645071184265"/><sessioninfo id="ASRHQra0043-c3149e22" start="1645074148880" dump="1645074148967"/><sessioninfo id="ASRHQra0043-63b5ad4b" start="1645756359459" dump="1645756401415"/><sessioninfo id="ASRHQra0043-da449160" start="1645769883905" dump="1645769923561"/><sessioninfo id="ASRHQra0043-2502ac4d" start="1645770199847" dump="1645770216468"/><sessioninfo id="ASRHQra0043-61646eaa" start="1645770240895" dump="1645770281665"/><sessioninfo id="ASRHQra0043-3598896d" start="1645771565956" dump="1645771603652"/><sessioninfo id="ASRHQra0043-61d9a551" start="1645771671172" dump="1645771713840"/><sessioninfo id="ASRHQra0043-e6f44571" start="1645782129382" dump="1645782139994"/><sessioninfo id="ASRHQra0043-f179bb48" start="1645782176277" dump="1645782217685"/><sessioninfo id="ASRHQra0043-70a9425e" start="1645782618281" dump="1645782637381"/><sessioninfo id="ASRHQra0043-27ea9e0e" start="1645782749829" dump="1645782783622"/><sessioninfo id="ASRHQra0043-efce37d9" start="1645783232379" dump="1645783289104"/><sessioninfo id="ASRHQra0043-b1241145" start="1646012144176" dump="1646012189813"/><sessioninfo id="ASRHQra0043-71355048" start="1646012404212" dump="1646012446448"/><sessioninfo id="ASRHQra0043-8398f1f7" start="1646012571889" dump="1646012619856"/><sessioninfo id="ASRHQra0043-f007f118" start="1646128525841" dump="1646128525905"/><sessioninfo id="ASRHQra0043-cee30751" start="1646128553427" dump="1646128553459"/><sessioninfo id="ASRHQra0043-2a0fb2a" start="1646128978362" dump="1646128978433"/><sessioninfo id="ASRHQra0043-cfc2844c" start="1646129024191" dump="1646129024219"/><sessioninfo id="ASRHQra0043-6199778f" start="1646129033005" dump="1646129033026"/><sessioninfo id="ASRHQra0043-4033ea0b" start="1646637683393" dump="1646637725096"/><sessioninfo id="ASRHQra0043-a78ef590" start="1646637857763" dump="1646637896194"/><sessioninfo id="ASRHQra0043-4f71f38a" start="1646643382070" dump="1646643382082"/><sessioninfo id="ASRHQra0043-876f349" start="1646876049186" dump="1646876050775"/><sessioninfo id="ASRHQra0043-7d255ce3" start="1646876134801" dump="1646876136687"/><sessioninfo id="ASRHQra0043-29bce752" start="1646876196793" dump="1646876198360"/><sessioninfo id="ASRHQra0043-9b7a6ad5" start="1646876493403" dump="1646876495176"/><sessioninfo id="ASRHQra0043-cad2c6df" start="1646876515704" dump="1646876517281"/><sessioninfo id="ASRHQra0043-30441cf6" start="1646878179394" dump="1646878180298"/><sessioninfo id="ASRHQra0043-a9733d7b" start="1646878217353" dump="1646878218978"/><sessioninfo id="ASRHQra0043-aea3af54" start="1646878237308" dump="1646878238730"/><sessioninfo id="ASRHQra0043-a2be28c6" start="1646879060799" dump="1646879064939"/><sessioninfo id="ASRHQra0043-bbbdda90" start="1646879080002" dump="1646879083565"/><sessioninfo id="ASRHQra0043-63eca740" start="1646879264669" dump="1646879269090"/><sessioninfo id="ASRHQra0043-5709414c" start="1646879923258" dump="1646879927397"/><sessioninfo id="ASRHQra0043-f7114f10" start="1646880026150" dump="1646880038035"/><sessioninfo id="ASRHQra0043-bd323238" start="1646880130127" dump="1646880142980"/><sessioninfo id="ASRHQra0043-3c09719a" start="1647242241504" dump="1647242245812"/><sessioninfo id="ASRHQra0043-b0d4814b" start="1648092940907" dump="1648092957196"/><sessioninfo id="ASRHQra0043-6a317846" start="1648634741588" dump="1648634786600"/><sessioninfo id="ASRHQra0043-ebcff0fa" start="1649294578397" dump="1649294578425"/><sessioninfo id="ASRHQra0043-2a317a16" start="1649294667014" dump="1649294667061"/><sessioninfo id="ASRHQra0043-c7ddd659" start="1649294697385" dump="1649294697410"/><sessioninfo id="ASRHQra0043-59e826c2" start="1649307493620" dump="1649307494384"/><sessioninfo id="ASRHQra0043-bbb166f2" start="1649307797006" dump="1649307797039"/><sessioninfo id="ASRHQra0043-86d5760f" start="1649307940329" dump="1649307940366"/><sessioninfo id="ASRHQra0043-3ac4ea31" start="1649310603942" dump="1649310605529"/><sessioninfo id="ASRHQra0043-92924445" start="1649310622702" dump="1649310624211"/><sessioninfo id="ASRHQra0043-95001ec9" start="1649310895106" dump="1649310895382"/><sessioninfo id="ASRHQra0043-8594e083" start="1649311192201" dump="1649311192531"/><sessioninfo id="ASRHQra0043-1894c29" start="1649311427901" dump="1649311428026"/><sessioninfo id="ASRHQra0043-4496502" start="1649312525841" dump="1649312528826"/><sessioninfo id="ASRHQra0043-e95eaa63" start="1649312873842" dump="1649312875870"/><sessioninfo id="ASRHQra0043-521eb40a" start="1649312980568" dump="1649312983422"/><sessioninfo id="ASRHQra0043-c6d44c66" start="1649313096240" dump="1649313098975"/><sessioninfo id="ASRHQra0043-2cedbb25" start="1649313238181" dump="1649313241953"/><sessioninfo id="ASRHQra0043-292361f7" start="1649314827718" dump="1649314828687"/><sessioninfo id="ASRHQra0043-27f578e6" start="1649315023627" dump="1649315023669"/><sessioninfo id="ASRHQra0043-69bdd187" start="1649315153525" dump="1649315153571"/><sessioninfo id="ASRHQra0043-233539eb" start="1649315171672" dump="1649315171697"/><sessioninfo id="ASRHQra0043-3dda3b2f" start="1649317184802" dump="1649317189159"/><sessioninfo id="ASRHQra0043-7be07631" start="1649317238973" dump="1649317243159"/><sessioninfo id="ASRHQra0043-8e880ac" start="1649318553595" dump="1649318575710"/><sessioninfo id="ASRHQra0043-29e6fd2f" start="1649319704782" dump="1649319713675"/><sessioninfo id="ASRHQra0043-a9bb0f2f" start="1649320013818" dump="1649320014907"/><sessioninfo id="ASRHQra0043-2fa67ede" start="1649320032826" dump="1649320034056"/><sessioninfo id="ASRHQra0043-219f3691" start="1649320056718" dump="1649320059116"/><sessioninfo id="ASRHQra0043-c8e660a6" start="1649320075081" dump="1649320076601"/><sessioninfo id="ASRHQra0043-17fdd18a" start="1649320209131" dump="1649320211005"/><sessioninfo id="ASRHQra0043-207e2c6c" start="1649320220251" dump="1649320240541"/><sessioninfo id="ASRHQra0043-1c329d4f" start="1649320377919" dump="1649320378909"/><sessioninfo id="ASRHQra0043-1b49c04b" start="1649320392065" dump="1649320393118"/><sessioninfo id="ASRHQra0043-244d5ab1" start="1649320404784" dump="1649320425094"/><sessioninfo id="ASRHQra0043-6bb8779b" start="1649320600248" dump="1649320623559"/><sessioninfo id="ASRHQra0043-4e469c6a" start="1649321136286" dump="1649321137233"/><sessioninfo id="ASRHQra0043-1144caa1" start="1649321294402" dump="1649321296909"/><sessioninfo id="ASRHQra0043-cb1a8148" start="1649321553566" dump="1649321561335"/><sessioninfo id="ASRHQra0043-73c62f63" start="1649321575192" dump="1649321597802"/><sessioninfo id="ASRHQra0043-fa69743" start="1649321719478" dump="1649321723653"/><sessioninfo id="ASRHQra0043-2fbd1e12" start="1649322020573" dump="1649322024762"/><sessioninfo id="ASRHQra0043-ae92248" start="1649322078502" dump="1649322082754"/><sessioninfo id="ASRHQra0043-cc5ade5d" start="1649322098563" dump="1649322098603"/><sessioninfo id="ASRHQra0043-6217ade4" start="1649322111837" dump="1649322117718"/><sessioninfo id="ASRHQra0043-f34e5115" start="1649322149314" dump="1649322149325"/><sessioninfo id="ASRHQra0043-7e4a36ed" start="1649322159178" dump="1649322159297"/><sessioninfo id="ASRHQra0043-71d7c5a0" start="1649322173943" dump="1649322173987"/><sessioninfo id="ASRHQra0043-76f60a97" start="1649322184123" dump="1649322185191"/><sessioninfo id="ASRHQra0043-ae0dc010" start="1649322190806" dump="1649322191843"/><sessioninfo id="ASRHQra0043-639dd433" start="1649322197117" dump="1649322198146"/><sessioninfo id="ASRHQra0043-ba641a24" start="1649322203680" dump="1649322204687"/><sessioninfo id="ASRHQra0043-6281d4f5" start="1649322210185" dump="1649322211204"/><sessioninfo id="ASRHQra0043-79cba4af" start="1649322216758" dump="1649322217803"/><sessioninfo id="ASRHQra0043-b7a048b7" start="1649322269869" dump="1649322270997"/><sessioninfo id="ASRHQra0043-3c8c4f70" start="1649322308725" dump="1649322336129"/><sessioninfo id="ASRHQra0043-86dc632e" start="1649322442428" dump="1649322443472"/><sessioninfo id="ASRHQra0043-8a566121" start="1649322496011" dump="1649322497047"/><sessioninfo id="ASRHQra0043-91987cac" start="1649322504248" dump="1649322505614"/><sessioninfo id="ASRHQra0043-e426928b" start="1649322678642" dump="1649322680043"/><sessioninfo id="ASRHQra0043-18132007" start="1649323240556" dump="1649323242037"/><sessioninfo id="ASRHQra0043-1b61c8a1" start="1649323249555" dump="1649323255480"/><sessioninfo id="ASRHQra0043-d2777735" start="1649323322736" dump="1649323322759"/><sessioninfo id="ASRHQra0043-4df462cc" start="1649323361044" dump="1649323361083"/><sessioninfo id="ASRHQra0043-22f84d76" start="1649323366765" dump="1649323367878"/><sessioninfo id="ASRHQra0043-5348c85f" start="1649323375924" dump="1649323378144"/><sessioninfo id="ASRHQra0043-e9a33b0d" start="1649323385954" dump="1649323387699"/><sessioninfo id="ASRHQra0043-c86cee93" start="1649323392817" dump="1649323392845"/><sessioninfo id="ASRHQra0043-fae981d9" start="1649323402107" dump="1649323403987"/><sessioninfo id="ASRHQra0043-3833f0bb" start="1649323418240" dump="1649323422236"/><sessioninfo id="ASRHQra0043-4228c141" start="1649323428834" dump="1649323428850"/><sessioninfo id="ASRHQra0043-c2fcf928" start="1649323438358" dump="1649323449222"/><sessioninfo id="ASRHQra0043-e69bbcb9" start="1649323623208" dump="1649323635445"/><sessioninfo id="ASRHQra0043-6228a62f" start="1649324032945" dump="1649324043815"/><sessioninfo id="ASRHQra0043-72484719" start="1649324056242" dump="1649324056681"/><sessioninfo id="ASRHQra0043-68f18f4e" start="1649324064628" dump="1649324064663"/><sessioninfo id="ASRHQra0043-9df744d7" start="1649324070297" dump="1649324070312"/><sessioninfo id="ASRHQra0043-80607e74" start="1649324080606" dump="1649324081485"/><sessioninfo id="ASRHQra0043-cf4540d8" start="1649324095020" dump="1649324096291"/><sessioninfo id="ASRHQra0043-40c4a877" start="1649324102547" dump="1649324102561"/><sessioninfo id="ASRHQra0043-97f81702" start="1649324107673" dump="1649324107688"/><sessioninfo id="ASRHQra0043-9c4b94aa" start="1649324114841" dump="1649324114867"/><sessioninfo id="ASRHQra0043-3aa12336" start="1649324124151" dump="1649324144098"/><sessioninfo id="ASRHQra0043-90dc7e0a" start="1649324309245" dump="1649324327684"/><sessioninfo id="ASRHQra0043-517bf56e" start="1649326314664" dump="1649326335292"/><sessioninfo id="ASRHQra0043-228686ab" start="1649326410255" dump="1649326432030"/><sessioninfo id="ASRHQra0043-848f032e" start="1649326458308" dump="1649326463501"/><sessioninfo id="ASRHQra0043-fd9a80d" start="1649326524416" dump="1649326544083"/><sessioninfo id="ASRHQra0043-34da5983" start="1649326621296" dump="1649326628844"/><sessioninfo id="ASRHQra0043-87342110" start="1649326759581" dump="1649326778957"/><sessioninfo id="ASRHQra0043-8efcbd38" start="1649326829950" dump="1649326849233"/><sessioninfo id="ASRHQra0043-238f70eb" start="1649326931779" dump="1649326954563"/><sessioninfo id="ASRHQra0043-6128b3ed" start="1649386515975" dump="1649386516000"/><sessioninfo id="ASRHQra0043-ffe5ec26" start="1649386527947" dump="1649386527988"/><sessioninfo id="ASRHQra0043-50ef0019" start="1649386540172" dump="1649386540201"/><sessioninfo id="ASRHQra0043-1c09819a" start="1649387025504" dump="1649387025528"/><sessioninfo id="ASRHQra0043-427dba6f" start="1649387039901" dump="1649387039942"/><sessioninfo id="ASRHQra0043-150cffec" start="1649395471981" dump="1649395493045"/><sessioninfo id="ASRHQra0043-50e44988" start="1649395815884" dump="1649395834032"/><sessioninfo id="ASRHQra0043-51847711" start="1649396217316" dump="1649396237574"/><sessioninfo id="ASRHQra0043-5f16d72c" start="1649396281041" dump="1649396297580"/><sessioninfo id="ASRHQra0043-c90bc9b8" start="1649396315493" dump="1649396331608"/><sessioninfo id="ASRHQra0043-4a959fea" start="1649396815957" dump="1649396833363"/><sessioninfo id="ASRHQra0043-bcbd67f2" start="1649396862796" dump="1649396882441"/><sessioninfo id="ASRHQra0043-883775b4" start="1649396936184" dump="1649397183634"/><sessioninfo id="ASRHQra0043-694b372f" start="1649397609552" dump="1649397618558"/><sessioninfo id="ASRHQra0043-38959eb3" start="1649397700656" dump="1649397717144"/><sessioninfo id="ASRHQra0043-d17d4b66" start="1649398222791" dump="1649398241313"/><sessioninfo id="ASRHQra0043-50e00a12" start="1649398599711" dump="1649398629332"/><sessioninfo id="ASRHQra0043-7f0e933" start="1649398775112" dump="1649398794487"/><sessioninfo id="ASRHQra0043-f69a66d7" start="1649398871062" dump="1649398893521"/><sessioninfo id="ASRHQra0043-d057f1ac" start="1649414279334" dump="1649414280468"/><sessioninfo id="ASRHQra0043-6b14b9e7" start="1649414343169" dump="1649414344058"/><sessioninfo id="ASRHQra0043-1c81b0a4" start="1649647113444" dump="1649647113544"/><sessioninfo id="ASRHQra0043-d9473a93" start="1649647589503" dump="1649647589616"/><sessioninfo id="ASRHQra0043-39beb350" start="1649647611496" dump="1649647612180"/><sessioninfo id="ASRHQra0043-d24295be" start="1649650539008" dump="1649650539061"/><sessioninfo id="ASRHQra0043-38b67de9" start="1649653878976" dump="1649653879037"/><sessioninfo id="ASRHQra0043-3576b0e6" start="1649653900146" dump="1649653900198"/><sessioninfo id="ASRHQra0043-ac0c24b6" start="1649657527827" dump="1649657531710"/><sessioninfo id="ASRHQra0043-2b4c52b7" start="1649657640548" dump="1649657644375"/><sessioninfo id="ASRHQra0043-b14dde5b" start="1649664806257" dump="1649664817340"/><sessioninfo id="ASRHQra0043-7da9b22b" start="1649664974285" dump="1649664984547"/><sessioninfo id="ASRHQra0043-d32fe3d4" start="1649665143791" dump="1649665153967"/><sessioninfo id="ASRHQra0043-14100108" start="1649665561390" dump="1649665563591"/><sessioninfo id="ASRHQra0043-bb7c4256" start="1649665590813" dump="1649665698595"/><sessioninfo id="ASRHQra0043-7d4c9f21" start="1649665925254" dump="1649665927178"/><sessioninfo id="ASRHQra0043-5803ac89" start="1649666171828" dump="1649666173533"/><sessioninfo id="ASRHQra0043-35b96bb" start="1649666192439" dump="1649666203064"/><sessioninfo id="ASRHQra0043-1bcaf78b" start="1649669381307" dump="1649669384236"/><sessioninfo id="ASRHQra0043-ad1dad19" start="1649669439082" dump="1649669458871"/><sessioninfo id="ASRHQra0043-7695922" start="1649669594802" dump="1649669596145"/><sessioninfo id="ASRHQra0043-d733bea3" start="1649669750996" dump="1649669752721"/><sessioninfo id="ASRHQra0043-329bc843" start="1649669765727" dump="1649669769612"/><sessioninfo id="ASRHQra0043-96a4da8b" start="1649669844103" dump="1649669868806"/><sessioninfo id="ASRHQra0043-e261d6e1" start="1649670080741" dump="1649670081993"/><sessioninfo id="ASRHQra0043-483ef47f" start="1649670122624" dump="1649670145048"/><sessioninfo id="ASRHQra0043-a2c99506" start="1649731438638" dump="1649731461304"/><sessioninfo id="ASRHQra0043-b9829031" start="1649731732451" dump="1649731733226"/><sessioninfo id="ASRHQra0043-9f93336f" start="1649732346416" dump="1649732346553"/><sessioninfo id="ASRHQra0043-831fa052" start="1649732367197" dump="1649732367308"/><sessioninfo id="ASRHQra0043-be70bdd4" start="1649732374501" dump="1649732374710"/><sessioninfo id="ASRHQra0043-e577af2d" start="1649732475220" dump="1649732475433"/><sessioninfo id="ASRHQra0043-8a79b30" start="1649732488153" dump="1649732489306"/><sessioninfo id="ASRHQra0043-98aecfb6" start="1649732502903" dump="1649732505494"/><sessioninfo id="ASRHQra0043-18c5a954" start="1649732568449" dump="1649732591219"/><sessioninfo id="ASRHQra0043-d6e1cfc2" start="1649732739195" dump="1649732739378"/><sessioninfo id="ASRHQra0043-935a159a" start="1649733499698" dump="1649733500124"/><sessioninfo id="ASRHQra0043-5e12614d" start="1649733545146" dump="1649733545804"/><sessioninfo id="ASRHQra0043-461154e2" start="1649733632051" dump="1649733653578"/><sessioninfo id="ASRHQra0043-63766c5d" start="1649734480851" dump="1649734481882"/><sessioninfo id="ASRHQra0043-dea00e19" start="1649734599213" dump="1649734600323"/><sessioninfo id="ASRHQra0043-1f2854fa" start="1649734709016" dump="1649734710060"/><sessioninfo id="ASRHQra0043-97d90769" start="1649735281403" dump="1649735282688"/><sessioninfo id="ASRHQra0043-1a6e80c3" start="1649735363693" dump="1649735364931"/><sessioninfo id="ASRHQra0043-198b0a25" start="1649735433894" dump="1649735435129"/><sessioninfo id="ASRHQra0043-836d810b" start="1649735479556" dump="1649735502335"/><sessioninfo id="ASRHQra0043-8ab838c6" start="1649739407487" dump="1649739433849"/><sessioninfo id="ASRHQra0043-8c4eecb3" start="1649740275563" dump="1649740278670"/><sessioninfo id="ASRHQra0043-8c0bfacd" start="1649740338155" dump="1649740341532"/><sessioninfo id="ASRHQra0043-6f4ce206" start="1649740503806" dump="1649740507050"/><sessioninfo id="ASRHQra0043-c1ef5787" start="1649740922529" dump="1649740922602"/><sessioninfo id="ASRHQra0043-7cca7954" start="1649741237921" dump="1649741238131"/><sessioninfo id="ASRHQra0043-f85ea969" start="1649741431468" dump="1649741431556"/><sessioninfo id="ASRHQra0043-f83d4765" start="1649741643501" dump="1649741644695"/><sessioninfo id="ASRHQra0043-4a26080a" start="1649741960037" dump="1649741966389"/><sessioninfo id="ASRHQra0043-6bc56c1c" start="1649742066468" dump="1649742087062"/><sessioninfo id="ASRHQra0043-5be6756a" start="1649742508105" dump="1649742529342"/><sessioninfo id="ASRHQra0043-11aea5f6" start="1649744317253" dump="1649744319191"/><sessioninfo id="ASRHQra0043-12ca450a" start="1649744333125" dump="1649744339594"/><sessioninfo id="ASRHQra0043-f3b50dda" start="1649744501810" dump="1649744506474"/><sessioninfo id="ASRHQra0043-566b0289" start="1649744517435" dump="1649744523517"/><sessioninfo id="ASRHQra0043-a4e1872e" start="1649745660709" dump="1649745687036"/><sessioninfo id="ASRHQra0043-3bf7006c" start="1649745820017" dump="1649745822835"/><sessioninfo id="ASRHQra0043-d7a3baed" start="1649745904948" dump="1649745907899"/><sessioninfo id="ASRHQra0043-5b1aa32" start="1649746011002" dump="1649746013914"/><sessioninfo id="ASRHQra0043-51f831c7" start="1649746102633" dump="1649746125194"/><sessioninfo id="ASRHQra0043-2772f97e" start="1649746466685" dump="1649746466757"/><sessioninfo id="ASRHQra0043-90814cc" start="1649746484141" dump="1649746484208"/><sessioninfo id="ASRHQra0043-722bc370" start="1649746663782" dump="1649746663922"/><sessioninfo id="ASRHQra0043-951a219a" start="1649746682503" dump="1649746682637"/><sessioninfo id="ASRHQra0043-966456c7" start="1649746859999" dump="1649746860149"/><sessioninfo id="ASRHQra0043-6d2d89ba" start="1649746981790" dump="1649746981858"/><sessioninfo id="ASRHQra0043-75ffe8cf" start="1649747200019" dump="1649747200088"/><sessioninfo id="ASRHQra0043-bbe0b6f1" start="1649747474867" dump="1649747475001"/><sessioninfo id="ASRHQra0043-9b8bc584" start="1649747752391" dump="1649747752585"/><sessioninfo id="ASRHQra0043-c69d5975" start="1649748604858" dump="1649748605081"/><sessioninfo id="ASRHQra0043-abd0e5d" start="1649748979698" dump="1649748979914"/><sessioninfo id="ASRHQra0043-8cecedd" start="1649748987296" dump="1649748987427"/><sessioninfo id="ASRHQra0043-85c8d71b" start="1649749116340" dump="1649749117961"/><sessioninfo id="ASRHQra0043-43771d1c" start="1649749991825" dump="1649749994138"/><sessioninfo id="ASRHQra0043-b59fafde" start="1649750110631" dump="1649750113534"/><sessioninfo id="ASRHQra0043-61f1774a" start="1649750267019" dump="1649750268732"/><sessioninfo id="ASRHQra0043-dee0bc3d" start="1649750441336" dump="1649750442792"/><sessioninfo id="ASRHQra0043-1ae17ada" start="1649750461415" dump="1649750464124"/><sessioninfo id="ASRHQra0043-99c0520b" start="1649750552779" dump="1649750552851"/><sessioninfo id="ASRHQra0043-a957f41a" start="1649750570123" dump="1649750570198"/><sessioninfo id="ASRHQra0043-6fae754d" start="1649750863305" dump="1649750863387"/><sessioninfo id="ASRHQra0043-9298c429" start="1649750918357" dump="1649750918449"/><sessioninfo id="ASRHQra0043-f4802021" start="1649751199984" dump="1649751200125"/><sessioninfo id="ASRHQra0043-1e2a2567" start="1649751248035" dump="1649751248169"/><sessioninfo id="ASRHQra0043-1dead218" start="1649751429778" dump="1649751429894"/><sessioninfo id="ASRHQra0043-25c8b30c" start="1649751470513" dump="1649751470641"/><sessioninfo id="ASRHQra0043-b3029210" start="1649751516764" dump="1649751516913"/><sessioninfo id="ASRHQra0043-1f686fab" start="1649751667080" dump="1649751668295"/><sessioninfo id="ASRHQra0043-dc83b3ea" start="1649751708956" dump="1649751710197"/><sessioninfo id="ASRHQra0043-10543394" start="1649751839677" dump="1649751840986"/><sessioninfo id="ASRHQra0043-7ef5fc0" start="1649751862606" dump="1649751863962"/><sessioninfo id="ASRHQra0043-97d87a9a" start="1649752108451" dump="1649752109744"/><sessioninfo id="ASRHQra0043-9cd916e4" start="1649752163078" dump="1649752164497"/><sessioninfo id="ASRHQra0043-729886d" start="1649752248928" dump="1649752256307"/><sessioninfo id="ASRHQra0043-8ed6aaf" start="1649752556201" dump="1649752564198"/><sessioninfo id="ASRHQra0043-ede54016" start="1649752682818" dump="1649752688831"/><sessioninfo id="ASRHQra0043-246500d8" start="1649753009440" dump="1649753009592"/><sessioninfo id="ASRHQra0043-c7958677" start="1649753070429" dump="1649753082692"/><sessioninfo id="ASRHQra0043-ba3ec74b" start="1649753304957" dump="1649753330000"/><sessioninfo id="ASRHQra0043-93e69b7d" start="1649753869489" dump="1649753869689"/><sessioninfo id="ASRHQra0043-99da0ed0" start="1649753990176" dump="1649753995337"/><sessioninfo id="ASRHQra0043-34651321" start="1649754060451" dump="1649754065378"/><sessioninfo id="ASRHQra0043-7f8a59e2" start="1649754157518" dump="1649754162222"/><sessioninfo id="ASRHQra0043-a249a5bd" start="1649754214438" dump="1649754219575"/><sessioninfo id="ASRHQra0043-4130d30d" start="1649754364260" dump="1649754369104"/><sessioninfo id="ASRHQra0043-fb39236f" start="1649754468910" dump="1649754473084"/><sessioninfo id="ASRHQra0043-52808a89" start="1649814669523" dump="1649814669577"/><sessioninfo id="ASRHQra0043-563e3016" start="1649815362049" dump="1649815362208"/><sessioninfo id="ASRHQra0043-619eb9f9" start="1649816736028" dump="1649816736252"/><sessioninfo id="ASRHQra0043-d4daf38d" start="1649816746321" dump="1649816747469"/><sessioninfo id="ASRHQra0043-fa2562a7" start="1649817265142" dump="1649817266196"/><sessioninfo id="ASRHQra0043-386ad0f" start="1649817673806" dump="1649817673889"/><sessioninfo id="ASRHQra0043-4ddf0e87" start="1649817918269" dump="1649817918453"/><sessioninfo id="ASRHQra0043-15443a99" start="1649817965337" dump="1649817965485"/><sessioninfo id="ASRHQra0043-b21fa41b" start="1649817978815" dump="1649817979857"/><sessioninfo id="ASRHQra0043-50299313" start="1649818699910" dump="1649818706207"/><sessioninfo id="ASRHQra0043-1d75a8f7" start="1649818771026" dump="1649818794276"/><sessioninfo id="ASRHQra0043-7cddb9b" start="1649819115522" dump="1649819116872"/><sessioninfo id="ASRHQra0043-bf72b953" start="1649819184554" dump="1649819208882"/><sessioninfo id="ASRHQra0043-efa7d2ef" start="1649904789993" dump="1649904793614"/><sessioninfo id="ASRHQra0043-2b3a92ef" start="1649904921019" dump="1649904922442"/><sessioninfo id="ASRHQra0043-4964d3b9" start="1649904935193" dump="1649904938250"/><sessioninfo id="ASRHQra0043-1ad0d221" start="1649906903021" dump="1649906907305"/><sessioninfo id="ASRHQra0043-1bfb250f" start="1649907004824" dump="1649907008932"/><sessioninfo id="ASRHQra0043-d70f9c72" start="1649907043786" dump="1649907047688"/><sessioninfo id="ASRHQra0043-f5da21e5" start="1649907155999" dump="1649907159869"/><sessioninfo id="ASRHQra0043-290cdfc8" start="1649907174370" dump="1649907197013"/><sessioninfo id="ASRHQra0043-894eb02a" start="1649907351775" dump="1649907376104"/><sessioninfo id="ASRHQra0043-742163d1" start="1649909516851" dump="1649909516965"/><sessioninfo id="ASRHQra0043-360ab9d4" start="1649916805601" dump="1649916805852"/><sessioninfo id="ASRHQra0043-2d5ea232" start="1649916895999" dump="1649916896228"/><sessioninfo id="ASRHQra0043-1f78d65a" start="1649918115619" dump="1649918115832"/><sessioninfo id="ASRHQra0043-aa548941" start="1649918487077" dump="1649918487269"/><sessioninfo id="ASRHQra0043-acdf682a" start="1649918595437" dump="1649918595615"/><sessioninfo id="ASRHQra0043-a7123412" start="1649918627711" dump="1649918628633"/><sessioninfo id="ASRHQra0043-a36d110a" start="1649919222297" dump="1649919223648"/><sessioninfo id="ASRHQra0043-28194f52" start="1649919492927" dump="1649919494497"/><sessioninfo id="ASRHQra0043-f6f31284" start="1649933535231" dump="1649933538493"/><sessioninfo id="ASRHQra0043-9d793740" start="1650247737492" dump="1650247740241"/><sessioninfo id="ASRHQra0043-e5e1d04c" start="1650248138108" dump="1650248143467"/><sessioninfo id="ASRHQra0043-ddc586ec" start="1650248590641" dump="1650248591779"/><sessioninfo id="ASRHQra0043-f4fcf89b" start="1650250086873" dump="1650250088164"/><sessioninfo id="ASRHQra0043-aa787a09" start="1650250171548" dump="1650250172707"/><sessioninfo id="ASRHQra0043-a2796e3e" start="1650250199705" dump="1650250202155"/><sessioninfo id="ASRHQra0043-950fa3ae" start="1650250353716" dump="1650250376819"/><sessioninfo id="ASRHQra0043-58dd8969" start="1650250666603" dump="1650250687791"/><sessioninfo id="ASRHQra0043-3bddb2f6" start="1650271732200" dump="1650271733546"/><sessioninfo id="ASRHQra0043-3582de50" start="1650271785667" dump="1650271786870"/><sessioninfo id="ASRHQra0043-3b471bb7" start="1650271862172" dump="1650271863376"/><sessioninfo id="ASRHQra0043-4919fb74" start="1650271926190" dump="1650271969034"/><sessioninfo id="ASRHQra0043-b79b9ca7" start="1650272024991" dump="1650272026208"/><sessioninfo id="ASRHQra0043-ffc5f1a4" start="1650272042737" dump="1650272066797"/><sessioninfo id="ASRHQra0043-95105681" start="1650272595718" dump="1650272618408"/><sessioninfo id="ASRHQra0043-254a860d" start="1650273611652" dump="1650273639571"/><sessioninfo id="ASRHQra0043-ae2dddbd" start="1650273762378" dump="1650273791636"/><sessioninfo id="ASRHQra0043-7a1a3d00" start="1650274437311" dump="1650274460707"/><sessioninfo id="ASRHQra0043-633cc56d" start="1650274827587" dump="1650274829122"/><sessioninfo id="ASRHQra0043-a52dfe0" start="1650274901981" dump="1650274926973"/><sessioninfo id="ASRHQra0043-6a841618" start="1650334425886" dump="1650334426059"/><sessioninfo id="ASRHQra0043-eac3b128" start="1650337151725" dump="1650337151970"/><sessioninfo id="ASRHQra0043-4fe76dcb" start="1650337254692" dump="1650337254980"/><sessioninfo id="ASRHQra0043-26ac4e02" start="1650337286066" dump="1650337286386"/><sessioninfo id="ASRHQra0043-13994cfb" start="1650338130296" dump="1650338130472"/><sessioninfo id="ASRHQra0043-e86e3c96" start="1650338195661" dump="1650338196186"/><sessioninfo id="ASRHQra0043-cad8953a" start="1650338308912" dump="1650338346925"/><sessioninfo id="ASRHQra0043-8e75bc9e" start="1650338549222" dump="1650338560007"/><sessioninfo id="ASRHQra0043-31a4ac2a" start="1650338572978" dump="1650338573468"/><sessioninfo id="ASRHQra0043-85a57c17" start="1650338622460" dump="1650338622944"/><sessioninfo id="ASRHQra0043-424e42ff" start="1650339458241" dump="1650339458740"/><sessioninfo id="ASRHQra0043-8e23aa48" start="1650339469736" dump="1650339472176"/><sessioninfo id="ASRHQra0043-47fb1f48" start="1650340667883" dump="1650340670443"/><sessioninfo id="ASRHQra0043-50ff2ddf" start="1650340704483" dump="1650340704703"/><sessioninfo id="ASRHQra0043-2e4c75f1" start="1650340779109" dump="1650340779362"/><sessioninfo id="ASRHQra0043-2b447129" start="1650340849768" dump="1650340849988"/><sessioninfo id="ASRHQra0043-287e6fbc" start="1650340858885" dump="1650340859993"/><sessioninfo id="ASRHQra0043-a5688daa" start="1650344008109" dump="1650344031280"/><sessioninfo id="ASRHQra0043-765b611c" start="1650349216509" dump="1650349216691"/><sessioninfo id="ASRHQra0043-3931f05f" start="1650349777348" dump="1650349777543"/><sessioninfo id="ASRHQra0043-9bbfc6f5" start="1650351244407" dump="1650351244574"/><sessioninfo id="ASRHQra0043-cd32ac7" start="1650351443707" dump="1650351443901"/><sessioninfo id="ASRHQra0043-c6e06cc0" start="1650351453908" dump="1650351454691"/><sessioninfo id="ASRHQra0043-d30c25db" start="1650351858045" dump="1650351859060"/><sessioninfo id="ASRHQra0043-d117dde8" start="1650352095322" dump="1650352121082"/><sessioninfo id="ASRHQra0043-9b76b6c5" start="1650352481343" dump="1650352482213"/><sessioninfo id="ASRHQra0043-41068538" start="1650418422539" dump="1650418424738"/><sessioninfo id="ASRHQra0043-7baacb7b" start="1650418762386" dump="1650418764797"/><sessioninfo id="ASRHQra0043-a2e8d8b6" start="1650418811944" dump="1650418813676"/><sessioninfo id="ASRHQra0043-4f1b62d6" start="1650418970775" dump="1650418972933"/><sessioninfo id="ASRHQra0043-7ea1525e" start="1650419021079" dump="1650419023530"/><sessioninfo id="ASRHQra0043-5f8d223c" start="1650419110353" dump="1650419112551"/><sessioninfo id="ASRHQra0043-6e50577c" start="1650420199462" dump="1650420199518"/><sessioninfo id="ASRHQra0043-c6b720b9" start="1650420228622" dump="1650420228767"/><sessioninfo id="ASRHQra0043-36582d9d" start="1650420256830" dump="1650420256966"/><sessioninfo id="ASRHQra0043-677d28d7" start="1650420503603" dump="1650420503883"/><sessioninfo id="ASRHQra0043-7dd85669" start="1650420882789" dump="1650420885178"/><sessioninfo id="ASRHQra0043-9bda202" start="1650431027577" dump="1650431028021"/><sessioninfo id="ASRHQra0043-91f94e32" start="1650432092299" dump="1650432092614"/><sessioninfo id="ASRHQra0043-2b15fffd" start="1650433278666" dump="1650433303092"/><sessioninfo id="ASRHQra0043-e94ecaf2" start="1650433497164" dump="1650433521455"/><sessioninfo id="ASRHQra0043-9a8ef5f" start="1650434711950" dump="1650434712343"/><sessioninfo id="ASRHQra0043-2cc2e76d" start="1650434734848" dump="1650434735340"/><sessioninfo id="ASRHQra0043-bc5ba8a2" start="1650437091585" dump="1650437092911"/><sessioninfo id="ASRHQra0043-6ca9f3a" start="1650437443604" dump="1650437444972"/><sessioninfo id="ASRHQra0043-d8e59e6a" start="1650437460826" dump="1650437462006"/><sessioninfo id="ASRHQra0043-8cdc8b17" start="1650437469170" dump="1650437471891"/><sessioninfo id="ASRHQra0043-5777644f" start="1650439454412" dump="1650439457569"/><sessioninfo id="ASRHQra0043-2eacc24a" start="1650441632794" dump="1650441635740"/><sessioninfo id="ASRHQra0043-c366bd26" start="1650441799807" dump="1650441802714"/><sessioninfo id="ASRHQra0043-c7f6fbd0" start="1650442094129" dump="1650442098560"/><sessioninfo id="ASRHQra0043-4c075df2" start="1650442753658" dump="1650442759921"/><sessioninfo id="ASRHQra0043-16cd2f8d" start="1650442872560" dump="1650442877278"/><sessioninfo id="ASRHQra0043-53f37483" start="1650442888193" dump="1650442894144"/><sessioninfo id="ASRHQra0043-17755fdc" start="1650443217498" dump="1650443222695"/><sessioninfo id="ASRHQra0043-42810fc7" start="1650443266998" dump="1650443272295"/><sessioninfo id="ASRHQra0043-5cc90737" start="1650446896115" dump="1650446896357"/><sessioninfo id="ASRHQra0043-e29cc805" start="1650447135357" dump="1650447136419"/><sessioninfo id="ASRHQra0043-61e8db41" start="1650447682791" dump="1650447684081"/><sessioninfo id="ASRHQra0043-55a1cce6" start="1650447701401" dump="1650447703052"/><sessioninfo id="ASRHQra0043-8812a28f" start="1650504578391" dump="1650504578636"/><sessioninfo id="ASRHQra0043-11629a9c" start="1650504629892" dump="1650504630341"/><sessioninfo id="ASRHQra0043-3debb9db" start="1650504651380" dump="1650504651767"/><sessioninfo id="ASRHQra0043-7a468b23" start="1650504793948" dump="1650504795568"/><sessioninfo id="ASRHQra0043-be39f8df" start="1650510392040" dump="1650510418763"/><sessioninfo id="ASRHQra0043-1c3f20e6" start="1650511379548" dump="1650511406661"/><sessioninfo id="ASRHQra0043-3f3c0435" start="1650512195844" dump="1650512195863"/><sessioninfo id="ASRHQra0043-ec23e74b" start="1650512252622" dump="1650512282782"/><sessioninfo id="ASRHQra0043-c0cb1be8" start="1650516995877" dump="1650516996050"/><sessioninfo id="ASRHQra0043-e1b93ba4" start="1650517871227" dump="1650517872098"/><sessioninfo id="ASRHQra0043-1182f315" start="1650519594833" dump="1650519595231"/><sessioninfo id="ASRHQra0043-b3a3ce30" start="1650519631483" dump="1650519631831"/><sessioninfo id="ASRHQra0043-6f0ca25d" start="1650520014440" dump="1650520016352"/><sessioninfo id="ASRHQra0043-9e92f37e" start="1650520045788" dump="1650520048248"/><sessioninfo id="ASRHQra0043-236384df" start="1650520178981" dump="1650520179379"/><sessioninfo id="ASRHQra0043-454a94ad" start="1650520193882" dump="1650520196320"/><sessioninfo id="ASRHQra0043-2133664a" start="1650521948570" dump="1650521975529"/><sessioninfo id="ASRHQra0043-c1cc6c7d" start="1650522185897" dump="1650522212067"/><sessioninfo id="ASRHQra0043-620a4b1d" start="1650522338664" dump="1650522366352"/><sessioninfo id="ASRHQra0043-7c882c2a" start="1650524026743" dump="1650524053714"/><sessioninfo id="ASRHQra0043-1ee602a0" start="1650528803990" dump="1650528804072"/><sessioninfo id="ASRHQra0043-a9c304e" start="1650529000088" dump="1650529000180"/><sessioninfo id="ASRHQra0043-85390dd4" start="1650529242073" dump="1650529244559"/><sessioninfo id="ASRHQra0043-67dfe362" start="1650529574421" dump="1650529603718"/><sessioninfo id="ASRHQra0043-1b1ff745" start="1650529843547" dump="1650529872577"/><sessioninfo id="ASRHQra0043-b0610222" start="1650531124935" dump="1650531125347"/><sessioninfo id="ASRHQra0043-4ea74f9f" start="1650531227430" dump="1650531227830"/><sessioninfo id="ASRHQra0043-df31aa51" start="1650531275566" dump="1650531303964"/><sessioninfo id="ASRHQra0043-52b37667" start="1650533803183" dump="1650533804122"/><sessioninfo id="ASRHQra0043-51a28af6" start="1650534154144" dump="1650534154558"/><sessioninfo id="ASRHQra0043-4917bc5c" start="1650534370082" dump="1650534370154"/><sessioninfo id="ASRHQra0043-32a1710a" start="1650534659507" dump="1650534659517"/><sessioninfo id="ASRHQra0043-745b99ae" start="1650534876536" dump="1650534876548"/><sessioninfo id="ASRHQra0043-defb54e5" start="1650535224605" dump="1650535224617"/><sessioninfo id="ASRHQra0043-d528bef4" start="1650536388790" dump="1650536416717"/><sessioninfo id="ASRHQra0043-317227b4" start="1650536516859" dump="1650536543776"/><sessioninfo id="ASRHQra0043-a49e777d" start="1650595441558" dump="1650595468567"/><sessioninfo id="ASRHQra0043-2c93a09d" start="1650596144193" dump="1650596144966"/><sessioninfo id="ASRHQra0043-5695a9f8" start="1650596233518" dump="1650596260946"/><sessioninfo id="ASRHQra0043-a184f46c" start="1650597408433" dump="1650597409515"/><sessioninfo id="ASRHQra0043-98dcda7f" start="1650598005631" dump="1650598006616"/><sessioninfo id="ASRHQra0043-ec84f789" start="1650598217069" dump="1650598217102"/><sessioninfo id="ASRHQra0043-9c5da8d7" start="1650598251914" dump="1650598252789"/><sessioninfo id="ASRHQra0043-19e86cc9" start="1650601226116" dump="1650601259337"/><sessioninfo id="ASRHQra0043-c382772e" start="1650602344226" dump="1650602345505"/><sessioninfo id="ASRHQra0043-cb5f026c" start="1650603060578" dump="1650603061254"/><sessioninfo id="ASRHQra0043-1ce6f83a" start="1650603265769" dump="1650603267369"/><sessioninfo id="ASRHQra0043-71d0c6c1" start="1650603755093" dump="1650603755167"/><sessioninfo id="ASRHQra0043-1f4340e6" start="1650603860640" dump="1650603861722"/><sessioninfo id="ASRHQra0043-d2009ff4" start="1650604083048" dump="1650604084001"/><sessioninfo id="ASRHQra0043-b5cec90e" start="1650604332805" dump="1650604361324"/><sessioninfo id="ASRHQra0043-5eeb7203" start="1650604829629" dump="1650604830774"/><sessioninfo id="ASRHQra0043-a9470206" start="1650604896124" dump="1650604897335"/><sessioninfo id="ASRHQra0043-cb69921f" start="1650604918405" dump="1650604918629"/><sessioninfo id="ASRHQra0043-76d84b09" start="1650605220170" dump="1650605245176"/><sessioninfo id="ASRHQra0043-29980391" start="1650605724399" dump="1650605750220"/><sessioninfo id="ASRHQra0043-15477609" start="1650608178782" dump="1650608203669"/><sessioninfo id="ASRHQra0043-e4f31a77" start="1650615598088" dump="1650615624908"/><sessioninfo id="ASRHQra0043-cdff51ad" start="1650615947822" dump="1650615972390"/><sessioninfo id="ASRHQra0043-c4eaeb00" start="1650617499779" dump="1650617526970"/><sessioninfo id="ASRHQra0043-1eb5a035" start="1650620067625" dump="1650620091185"/><sessioninfo id="ASRHQra0043-713a4b9f" start="1650621840559" dump="1650621865826"/><sessioninfo id="ASRHQra0043-fb4d6885" start="1651110985159" dump="1651111011907"/><sessioninfo id="ASRHQra0043-dd1eaf45" start="1651112965829" dump="1651112990121"/><sessioninfo id="ASRHQra0043-d4efd91c" start="1651113791881" dump="1651113819007"/><sessioninfo id="ASRHQra0043-86c3c288" start="1651114305727" dump="1651114332508"/><sessioninfo id="ASRHQra0043-7101cbf6" start="1651115979492" dump="1651116003965"/><sessioninfo id="ASRHQra0043-7edb388a" start="1651132433299" dump="1651132460939"/><sessioninfo id="ASRHQra0043-aac172cf" start="1651133944035" dump="1651133971926"/><sessioninfo id="ASRHQra0043-78a5c45a" start="1651136620542" dump="1651136648986"/><sessioninfo id="ASRHQra0043-a4557f51" start="1651137053226" dump="1651137082051"/><sessioninfo id="ASRHQra0043-1fa702d8" start="1651137956280" dump="1651137982720"/><sessioninfo id="ASRHQra0043-eb342d0b" start="1651211067552" dump="1651211094136"/><sessioninfo id="ASRHQra0043-742f5ef3" start="1651211523584" dump="1651211545184"/><sessioninfo id="ASRHQra0043-805f46e6" start="1651211746153" dump="1651211746209"/><sessioninfo id="ASRHQra0043-491ab739" start="1651211781292" dump="1651211781526"/><sessioninfo id="ASRHQra0043-a067fb83" start="1651211800722" dump="1651211800942"/><sessioninfo id="ASRHQra0043-750c6891" start="1651211842119" dump="1651211842337"/><sessioninfo id="ASRHQra0043-f7fc80b2" start="1651211897392" dump="1651211921026"/><sessioninfo id="ASRHQra0043-fdddd376" start="1651211957849" dump="1651211958065"/><sessioninfo id="ASRHQra0043-c5975923" start="1651211977344" dump="1651211977526"/><sessioninfo id="ASRHQra0043-f42b9853" start="1651211984062" dump="1651212009584"/><sessioninfo id="ASRHQra0043-c04e8ca" start="1651213480515" dump="1651213505714"/><sessioninfo id="ASRHQra0043-42151c87" start="1651217382558" dump="1651217412464"/><sessioninfo id="ASRHQra0043-cd357ce6" start="1651221437458" dump="1651221462269"/><sessioninfo id="ASRHQra0043-ddcd3487" start="1651221653179" dump="1651221678704"/><sessioninfo id="ASRHQra0043-59e46ee0" start="1651221978369" dump="1651222003471"/><sessioninfo id="ASRHQra0043-45e974d" start="1651224800087" dump="1651224825516"/><sessioninfo id="ASRHQra0043-fdde731b" start="1651225366324" dump="1651225398338"/><sessioninfo id="ASRHQra0043-541c7207" start="1651225500298" dump="1651225526473"/><sessioninfo id="ASRHQra0043-fbb7101a" start="1651225820652" dump="1651225846259"/><sessioninfo id="ASRHQra0043-466b569d" start="1651226795643" dump="1651226822195"/><sessioninfo id="ASRHQra0043-d858f38" start="1651628219812" dump="1651628246307"/><sessioninfo id="ASRHQra0043-192cdd9" start="1651628545873" dump="1651628570657"/><sessioninfo id="ASRHQra0043-ecfc3755" start="1652924434391" dump="1652924465562"/><sessioninfo id="ASRHQra0043-3a4bc8fc" start="1652926935530" dump="1652926961251"/><sessioninfo id="ASRHQra0043-b64224a6" start="1653615793917" dump="1653615795212"/><sessioninfo id="ASRHQra0043-beda42f3" start="1653615876065" dump="1653615877621"/><sessioninfo id="ASRHQra0043-2551d40d" start="1653615997547" dump="1653615998891"/><sessioninfo id="ASRHQra0043-8e775213" start="1653616077137" dump="1653616078660"/><sessioninfo id="ASRHQra0043-6edcac0d" start="1653616203610" dump="1653616204913"/><sessioninfo id="ASRHQra0043-cf0d2fba" start="1653616351197" dump="1653616352516"/><sessioninfo id="ASRHQra0043-4bda78f1" start="1653621310424" dump="1653621311990"/><sessioninfo id="ASRHQra0043-58f37e0d" start="1654241347844" dump="1654241374055"/><sessioninfo id="ASRHQra0043-6279ea5" start="1654242200342" dump="1654242200421"/><sessioninfo id="ASRHQra0043-c04a334b" start="1654243496653" dump="1654243528130"/><sessioninfo id="ASRHQra0043-2c4d7cc6" start="1654243825989" dump="1654243870581"/><sessioninfo id="ASRHQra0043-85bdd396" start="1654840979133" dump="1654841004214"/><sessioninfo id="ASRHQra0043-76db388c" start="1654852846167" dump="1654852921591"/><sessioninfo id="ASRHQra0043-4eb08e7c" start="1654853065704" dump="1654853089072"/><sessioninfo id="ASRHQra0043-7f8da560" start="1654853107844" dump="1654853155088"/><sessioninfo id="ASRHQra0043-9413808e" start="1654853221459" dump="1654853285375"/><sessioninfo id="ASRHQra0043-c89d20f6" start="1654853414798" dump="1654853415835"/><sessioninfo id="ASRHQra0043-1bf0f360" start="1654853466005" dump="1654853467319"/><sessioninfo id="ASRHQra0043-3c3d70f4" start="1654853632079" dump="1654853633372"/><sessioninfo id="ASRHQra0043-35d974d6" start="1654853681428" dump="1654853682760"/><sessioninfo id="ASRHQra0043-cd8c7ece" start="1654853699064" dump="1654853757113"/><sessioninfo id="ASRHQra0043-ce774ddf" start="1655271732896" dump="1655271757877"/><sessioninfo id="ASRHQra0043-3ae4edf7" start="1655271923817" dump="1655271924006"/><sessioninfo id="ASRHQra0043-940fce28" start="1655271953270" dump="1655271953434"/><sessioninfo id="ASRHQra0043-fd6971c9" start="1655271962802" dump="1655271962955"/><sessioninfo id="ASRHQra0043-83353bd2" start="1655271978099" dump="1655272002729"/><sessioninfo id="ASRHQra0043-aa84913d" start="1655272096520" dump="1655272097779"/><sessioninfo id="ASRHQra0043-55e49895" start="1655272107688" dump="1655272133239"/><sessioninfo id="ASRHQra0043-3917d970" start="1655272431213" dump="1655272432542"/><sessioninfo id="ASRHQra0043-edf86a23" start="1655273253539" dump="1655273254859"/><sessioninfo id="ASRHQra0043-9b21a8d2" start="1655273639900" dump="1655273639999"/><sessioninfo id="ASRHQra0043-f58acdc9" start="1655273902321" dump="1655273902486"/><sessioninfo id="ASRHQra0043-50f2c3c9" start="1655273972617" dump="1655273972780"/><sessioninfo id="ASRHQra0043-589bf00c" start="1655274011367" dump="1655274011514"/><sessioninfo id="ASRHQra0043-91445dbc" start="1655275260069" dump="1655275261515"/><sessioninfo id="ASRHQra0043-99c62ed5" start="1655275321819" dump="1655275348537"/><sessioninfo id="ASRHQra0043-9e34bf05" start="1655276044057" dump="1655276067512"/><sessioninfo id="ASRHQra0043-d8bac6e" start="1655276226190" dump="1655276246978"/><sessioninfo id="ASRHQra0043-bc8d7d80" start="1655276287491" dump="1655276287897"/><sessioninfo id="ASRHQra0043-a6d2f686" start="1655276324359" dump="1655276369571"/><sessioninfo id="ASRHQra0043-88e41db5" start="1655276443932" dump="1655276520320"/><sessioninfo id="ASRHQra0043-55d39d9f" start="1655276586488" dump="1655276640990"/><sessioninfo id="ASRHQra0043-896500e" start="1655276669296" dump="1655276669623"/><sessioninfo id="ASRHQra0043-3a26d12c" start="1655276759974" dump="1655276760276"/><sessioninfo id="ASRHQra0043-bf2c95f" start="1655276770271" dump="1655276794995"/><sessioninfo id="ASRHQra0043-900e5cc0" start="1655451274645" dump="1655451287042"/><sessioninfo id="ASRHQra0043-60fc140f" start="1655451500841" dump="1655451510463"/><sessioninfo id="ASRHQra0043-361227d7" start="1655879112215" dump="1655879138545"/><sessioninfo id="ASRHQra0043-73cbfa1" start="1655879210715" dump="1655879211086"/><sessioninfo id="ASRHQra0043-319e9e68" start="1655879468472" dump="1655879468812"/><sessioninfo id="ASRHQra0043-1cda33b1" start="1655879531136" dump="1655879531458"/><sessioninfo id="ASRHQra0043-bf3ab1ae" start="1655879554149" dump="1655879554453"/><sessioninfo id="ASRHQra0043-910f69f6" start="1655879796521" dump="1655879796761"/><sessioninfo id="ASRHQra0043-a80665d1" start="1655879805589" dump="1655879805804"/><sessioninfo id="ASRHQra0043-1d7e226e" start="1655879843390" dump="1655879866508"/><sessioninfo id="ASRHQra0043-5e71b84" start="1655879892768" dump="1655879892862"/><sessioninfo id="ASRHQra0043-31272844" start="1655879906161" dump="1655879930418"/><sessioninfo id="ASRHQra0043-ba1804f5" start="1655880059087" dump="1655880085355"/><sessioninfo id="ASRHQra0043-17197cbe" start="1655880470472" dump="1655880496191"/><sessioninfo id="ASRHQra0043-c9d3a407" start="1655880870154" dump="1655880896691"/><sessioninfo id="ASRHQra0043-31b0d5a0" start="1655883519177" dump="1655883549873"/><sessioninfo id="ASRHQra0043-10479d73" start="1655884478291" dump="1655884478532"/><sessioninfo id="ASRHQra0043-7509dd46" start="1655884498580" dump="1655884498809"/><sessioninfo id="ASRHQra0043-26af93de" start="1655886853794" dump="1655886854107"/><sessioninfo id="ASRHQra0043-cdb8cb7f" start="1655887843339" dump="1655887843514"/><sessioninfo id="ASRHQra0043-8f342c4c" start="1655888382637" dump="1655888382797"/><sessioninfo id="ASRHQra0043-5f9240e8" start="1655888600630" dump="1655888628290"/><sessioninfo id="ASRHQra0043-292cdd0f" start="1655888773604" dump="1655888773655"/><sessioninfo id="ASRHQra0043-56da4d12" start="1655888806609" dump="1655888807526"/><sessioninfo id="ASRHQra0043-11a0bc14" start="1655888961913" dump="1655888986875"/><sessioninfo id="ASRHQra0043-40e7fde8" start="1657182534496" dump="1657182560208"/><sessioninfo id="ASRHQra0043-d44b18d1" start="1657182700706" dump="1657182721051"/><sessioninfo id="ASRHQra0043-721e83c2" start="1657185318904" dump="1657185345054"/><sessioninfo id="ASRHQra0043-2a151f1" start="1657186788259" dump="1657186814047"/><sessioninfo id="ASRHQra0043-583bf435" start="1660273686678" dump="1660273715573"/><sessioninfo id="ASRHQra0043-4473e791" start="1660274347289" dump="1660274348307"/><sessioninfo id="ASRHQra0043-4b8f229e" start="1660274863664" dump="1660274891105"/><sessioninfo id="ASRHQra0043-8d57a8ff" start="1660275542283" dump="1660275543076"/><sessioninfo id="ASRHQra0043-db3336d" start="1660275568183" dump="1660275707502"/><sessioninfo id="ASRHQra0043-b86fb373" start="1660275793090" dump="1660275794075"/><sessioninfo id="ASRHQra0043-f4e03d70" start="1660275825146" dump="1660275851554"/><sessioninfo id="ASRHQra0043-f263eba4" start="1660293553107" dump="1660293556094"/><sessioninfo id="ASRHQra0043-f859a08a" start="1660293639297" dump="1660293642827"/><sessioninfo id="ASRHQra0043-df393da7" start="1660533925775" dump="1660533926553"/><sessioninfo id="ASRHQra0043-690b15d0" start="1660543990864" dump="1660543991850"/><sessioninfo id="ASRHQra0043-73cc3940" start="1660545440593" dump="1660545440973"/><sessioninfo id="ASRHQra0043-bd4579b0" start="1660547207808" dump="1660547238518"/><sessioninfo id="ASRHQra0043-af1b4b9c" start="1660553272514" dump="1660553297170"/><sessioninfo id="ASRHQra0043-36fa702" start="1660618394623" dump="1660618394640"/><sessioninfo id="ASRHQra0043-b412b6a6" start="1661323571671" dump="1661323596073"/><sessioninfo id="ASRHQra0043-548ed6d6" start="1661323737868" dump="1661323758141"/><sessioninfo id="ASRHQra0043-104b820d" start="1661842811045" dump="1661842837711"/><sessioninfo id="ASRHQra0043-d661a6f0" start="1663219861748" dump="1663219891905"/><sessioninfo id="ASRHQra0043-179636a5" start="1663223735681" dump="1663223765245"/><sessioninfo id="ASRHQra0043-2300f4de" start="1663223874544" dump="1663223901925"/><sessioninfo id="ASRHQra0043-9fae7975" start="1663223995381" dump="1663224030638"/><sessioninfo id="ASRHQra0043-93264073" start="1663230116703" dump="1663230126584"/><sessioninfo id="ASRHQra0043-802c16cf" start="1663230895998" dump="1663230935626"/><sessioninfo id="ASRHQra0043-218a5a19" start="1663231070848" dump="1663231119576"/><sessioninfo id="ASRHQra0043-1336888" start="1663231914511" dump="1663231914940"/><sessioninfo id="ASRHQra0043-e0fc67bb" start="1663232168128" dump="1663232168569"/><sessioninfo id="ASRHQra0043-d472d29b" start="1663232274292" dump="1663232274681"/><sessioninfo id="ASRHQra0043-d7a1f731" start="1663232289693" dump="1663232295671"/><sessioninfo id="ASRHQra0043-7a357c82" start="1663232389994" dump="1663232390387"/><sessioninfo id="ASRHQra0043-36d1d55c" start="1663233028432" dump="1663233028881"/><sessioninfo id="ASRHQra0043-45a4ed36" start="1663233463066" dump="1663233463496"/><sessioninfo id="ASRHQra0043-49307f98" start="1663234046139" dump="1663234077847"/><sessioninfo id="ASRHQra0043-e0bb0a8b" start="1663234155840" dump="1663234156282"/><sessioninfo id="ASRHQra0043-1c3246a" start="1663234265596" dump="1663234299595"/><sessioninfo id="ASRHQra0043-e1e72f0" start="1663291498133" dump="1663291530871"/><sessioninfo id="ASRHQra0043-bfd6c205" start="1663293931332" dump="1663293978960"/><sessioninfo id="ASRHQra0043-42505ec1" start="1663296455982" dump="1663296484272"/><sessioninfo id="ASRHQra0043-979458b1" start="1663306853606" dump="1663306877144"/><sessioninfo id="ASRHQra0043-585d4731" start="1663311031475" dump="1663311053199"/><sessioninfo id="ASRHQra0043-fa26ba06" start="1663311602403" dump="1663311625043"/><sessioninfo id="ASRHQra0043-88649ff9" start="1663311601372" dump="1663311625043"/><sessioninfo id="unknownhost-f587cb21" start="1663311626438" dump="1663311839399"/><package name="com/rakuten/gap/ads/mission_core/logger"><class name="com/rakuten/gap/ads/mission_core/logger/RewardSdkLog" sourcefilename="RewardSdkLog.kt"><method name="isDebuggable$mission_core_qaDebug" desc="()V" line="23"><counter type="INSTRUCTION" missed="0" covered="3"/><counter type="LINE" missed="0" covered="2"/><counter type="COMPLEXITY" missed="0" covered="1"/><counter type="METHOD" missed="0" covered="1"/></method><method name="checkDebug" desc="(Lkotlin/jvm/functions/Function0;)V" line="27"><counter type="INSTRUCTION" missed="10" covered="0"/><counter type="BRANCH" missed="4" covered="0"/><counter type="LINE" missed="3" covered="0"/><counter type="COMPLEXITY" missed="3" covered="0"/><counter type="METHOD" missed="1" covered="0"/></method><method name="d" desc="(Ljava/lang/String;)V" line="34"><counter type="INSTRUCTION" missed="0" covered="13"/><counter type="LINE" missed="0" covered="4"/><counter type="COMPLEXITY" missed="0" covered="1"/><counter type="METHOD" missed="0" covered="1"/></method><method name="w" desc="(Ljava/lang/String;Ljava/lang/Throwable;)V" line="42"><counter type="INSTRUCTION" missed="0" covered="14"/><counter type="LINE" missed="0" covered="4"/><counter type="COMPLEXITY" missed="0" covered="1"/><counter type="METHOD" missed="0" covered="1"/></method><method name="w$default" desc="(Ljava/lang/String;Ljava/lang/Throwable;ILjava/lang/Object;)V" line="41"><counter type="INSTRUCTION" missed="0" covered="9"/><counter type="LINE" missed="0" covered="1"/><counter type="COMPLEXITY" missed="0" covered="1"/><counter type="METHOD" missed="0" covered="1"/></method><method name="e" desc="(Ljava/lang/String;Ljava/lang/Throwable;)V" line="50"><counter type="INSTRUCTION" missed="14" covered="0"/><counter type="LINE" missed="4" covered="0"/><counter type="COMPLEXITY" missed="1" covered="0"/><counter type="METHOD" missed="1" covered="0"/></method><method name="e$default" desc="(Ljava/lang/String;Ljava/lang/Throwable;ILjava/lang/Object;)V" line="49"><counter type="INSTRUCTION" missed="9" covered="0"/><counter type="LINE" missed="1" covered="0"/><counter type="COMPLEXITY" missed="1" covered="0"/><counter type="METHOD" missed="1" covered="0"/></method><method name="getClientDebug" desc="()Z" line="56"><counter type="INSTRUCTION" missed="0" covered="2"/><counter type="LINE" missed="0" covered="1"/><counter type="COMPLEXITY" missed="0" covered="1"/><counter type="METHOD" missed="0" covered="1"/></method><method name="&lt;clinit&gt;" desc="()V" line="18"><counter type="INSTRUCTION" missed="0" covered="7"/><counter type="LINE" missed="0" covered="1"/><counter type="COMPLEXITY" missed="0" covered="1"/><counter type="METHOD" missed="0" covered="1"/></method><counter type="INSTRUCTION" missed="33" covered="48"/><counter type="BRANCH" missed="4" covered="0"/><counter type="LINE" missed="8" covered="13"/><counter type="COMPLEXITY" missed="5" covered="6"/><counter type="METHOD" missed="3" covered="6"/><counter type="CLASS" missed="0" covered="1"/></class><class name="com/rakuten/gap/ads/mission_core/logger/RewardDebugLog" sourcefilename="RewardDebugLog.kt"><method name="checkDebug" desc="(Lkotlin/jvm/functions/Function0;)V" line="19"><counter type="INSTRUCTION" missed="8" covered="0"/><counter type="BRANCH" missed="2" covered="0"/><counter type="LINE" missed="3" covered="0"/><counter type="COMPLEXITY" missed="2" covered="0"/><counter type="METHOD" missed="1" covered="0"/></method><method name="v" desc="(Ljava/lang/String;Ljava/lang/String;)V" line="27"><counter type="INSTRUCTION" missed="16" covered="0"/><counter type="LINE" missed="4" covered="0"/><counter type="COMPLEXITY" missed="1" covered="0"/><counter type="METHOD" missed="1" covered="0"/></method><method name="d" desc="(Ljava/lang/String;Ljava/lang/String;)V" line="34"><
[...]
"/><counter type="METHOD" missed="0" covered="1"/></method><method name="getRakutenRewardSDKAdBanner50Url" desc="(Landroid/content/Context;)Ljava/lang/String;" line="71"><counter type="INSTRUCTION" missed="4" covered="38"/><counter type="BRANCH" missed="2" covered="6"/><counter type="LINE" missed="0" covered="4"/><counter type="COMPLEXITY" missed="2" covered="3"/><counter type="METHOD" missed="0" covered="1"/></method><method name="setRakutenRewardSDKAdBanner50Url" desc="(Ljava/lang/String;)V" line="80"><counter type="INSTRUCTION" missed="4" covered="12"/><counter type="BRANCH" missed="1" covered="1"/><counter type="LINE" missed="0" covered="2"/><counter type="COMPLEXITY" missed="1" covered="1"/><counter type="METHOD" missed="0" covered="1"/></method><method name="getRakutenRewardSDKAdBanner250Url" desc="(Landroid/content/Context;)Ljava/lang/String;" line="84"><counter type="INSTRUCTION" missed="4" covered="38"/><counter type="BRANCH" missed="2" covered="6"/><counter type="LINE" missed="0" covered="4"/><counter type="COMPLEXITY" missed="2" covered="3"/><counter type="METHOD" missed="0" covered="1"/></method><method name="setRakutenRewardSDKAdBanner250Url" desc="(Ljava/lang/String;)V" line="93"><counter type="INSTRUCTION" missed="4" covered="12"/><counter type="BRANCH" missed="1" covered="1"/><counter type="LINE" missed="0" covered="2"/><counter type="COMPLEXITY" missed="1" covered="1"/><counter type="METHOD" missed="0" covered="1"/></method><method name="getEnv" desc="()Lcom/rakuten/gap/ads/mission_core/env/RakutenRewardEnv;" line="97"><counter type="INSTRUCTION" missed="0" covered="2"/><counter type="LINE" missed="0" covered="1"/><counter type="COMPLEXITY" missed="0" covered="1"/><counter type="METHOD" missed="0" covered="1"/></method><method name="setEnv" desc="(Lcom/rakuten/gap/ads/mission_core/env/RakutenRewardEnv;)V" line="97"><counter type="INSTRUCTION" missed="0" covered="6"/><counter type="LINE" missed="0" covered="1"/><counter type="COMPLEXITY" missed="0" covered="1"/><counter type="METHOD" missed="0" covered="1"/></method><method name="&lt;clinit&gt;" desc="()V" line="97"><counter type="INSTRUCTION" missed="0" covered="7"/><counter type="LINE" missed="0" covered="1"/><counter type="COMPLEXITY" missed="0" covered="1"/><counter type="METHOD" missed="0" covered="1"/></method><counter type="INSTRUCTION" missed="48" covered="253"/><counter type="BRANCH" missed="15" covered="27"/><counter type="LINE" missed="0" covered="37"/><counter type="COMPLEXITY" missed="15" covered="22"/><counter type="METHOD" missed="0" covered="16"/><counter type="CLASS" missed="0" covered="1"/></class><class name="com/rakuten/gap/ads/mission_core/settings/RakutenRewardSDKSettings" sourcefilename="RakutenRewardSDKSettings.kt"><method name="setPreferenceHelper$mission_core_qaDebug" desc="(Lcom/rakuten/gap/ads/mission_core/helpers/preference/IPreference;)V" line="17"><counter type="INSTRUCTION" missed="0" covered="6"/><counter type="LINE" missed="0" covered="2"/><counter type="COMPLEXITY" missed="0" covered="1"/><counter type="METHOD" missed="0" covered="1"/></method><method name="isRakutenRewardSDKUIEnabled" desc="()Z" line="25"><counter type="INSTRUCTION" missed="4" covered="12"/><counter type="BRANCH" missed="1" covered="1"/><counter type="LINE" missed="0" covered="1"/><counter type="COMPLEXITY" missed="1" covered="1"/><counter type="METHOD" missed="0" covered="1"/></method><method name="setRakutenRewardSDKUIEnabled" desc="(Z)V" line="29"><counter type="INSTRUCTION" missed="4" covered="13"/><counter type="BRANCH" missed="1" covered="1"/><counter type="LINE" missed="0" covered="2"/><counter type="COMPLEXITY" missed="1" covered="1"/><counter type="METHOD" missed="0" covered="1"/></method><method name="isRakutenRewardSDKFeatureEnabled" desc="()Z" line="33"><counter type="INSTRUCTION" missed="4" covered="12"/><counter type="BRANCH" missed="1" covered="1"/><counter type="LINE" missed="0" covered="1"/><counter type="COMPLEXITY" missed="1" covered="1"/><counter type="METHOD" missed="0" covered="1"/></method><method name="setRakutenRewardSDKFeatureEnabled" desc="(Z)V" line="37"><counter type="INSTRUCTION" missed="4" covered="13"/><counter type="BRANCH" missed="1" covered="1"/><counter type="LINE" missed="0" covered="4"/><counter type="COMPLEXITY" missed="1" covered="1"/><counter type="METHOD" missed="0" covered="1"/></method><counter type="INSTRUCTION" missed="16" covered="56"/><counter type="BRANCH" missed="4" covered="4"/><counter type="LINE" missed="0" covered="10"/><counter type="COMPLEXITY" missed="4" covered="5"/><counter type="METHOD" missed="0" covered="5"/><counter type="CLASS" missed="0" covered="1"/></class><sourcefile name="RakutenRewardSDKSettings.kt"><line nr="17" mi="0" ci="2" mb="0" cb="0"/><line nr="18" mi="0" ci="1" mb="0" cb="0"/><line nr="25" mi="4" ci="12" mb="1" cb="1"/><line nr="29" mi="4" ci="12" mb="1" cb="1"/><line nr="30" mi="0" ci="1" mb="0" cb="0"/><line nr="33" mi="4" ci="12" mb="1" cb="1"/><line nr="37" mi="4" ci="6" mb="1" cb="1"/><line nr="38" mi="0" ci="5" mb="0" cb="0"/><line nr="39" mi="0" ci="1" mb="0" cb="0"/><line nr="41" mi="0" ci="1" mb="0" cb="0"/><counter type="INSTRUCTION" missed="16" covered="56"/><counter type="BRANCH" missed="4" covered="4"/><counter type="LINE" missed="0" covered="10"/><counter type="COMPLEXITY" missed="4" covered="5"/><counter type="METHOD" missed="0" covered="5"/><counter type="CLASS" missed="0" covered="1"/></sourcefile><sourcefile name="RakutenRewardSDKInternalSettings.kt"><line nr="17" mi="0" ci="2" mb="0" cb="0"/><line nr="18" mi="0" ci="1" mb="0" cb="0"/><line nr="22" mi="4" ci="12" mb="1" cb="1"/><line nr="26" mi="4" ci="6" mb="1" cb="1"/><line nr="27" mi="0" ci="5" mb="0" cb="0"/><line nr="28" mi="0" ci="1" mb="0" cb="0"/><line nr="30" mi="0" ci="1" mb="0" cb="0"/><line nr="34" mi="4" ci="12" mb="1" cb="1"/><line nr="38" mi="4" ci="6" mb="1" cb="1"/><line nr="39" mi="0" ci="5" mb="0" cb="0"/><line nr="40" mi="0" ci="1" mb="0" cb="0"/><line nr="42" mi="0" ci="1" mb="0" cb="0"/><line nr="46" mi="4" ci="8" mb="1" cb="1"/><line nr="50" mi="4" ci="8" mb="1" cb="1"/><line nr="51" mi="0" ci="1" mb="0" cb="0"/><line nr="54" mi="0" ci="1" mb="0" cb="0"/><line nr="55" mi="4" ci="7" mb="1" cb="1"/><line nr="56" mi="0" ci="23" mb="1" cb="5"/><line nr="57" mi="0" ci="2" mb="0" cb="0"/><line nr="58" mi="0" ci="1" mb="0" cb="0"/><line nr="59" mi="0" ci="9" mb="0" cb="0"/><line nr="62" mi="0" ci="1" mb="0" cb="0"/><line nr="67" mi="4" ci="8" mb="1" cb="1"/><line nr="68" mi="0" ci="1" mb="0" cb="0"/><line nr="71" mi="4" ci="8" mb="1" cb="1"/><line nr="72" mi="0" ci="23" mb="1" cb="5"/><line nr="73" mi="0" ci="3" mb="0" cb="0"/><line nr="75" mi="0" ci="1" mb="0" cb="0"/><line nr="80" mi="4" ci="8" mb="1" cb="1"/><line nr="81" mi="0" ci="1" mb="0" cb="0"/><line nr="84" mi="4" ci="8" mb="1" cb="1"/><line nr="85" mi="0" ci="23" mb="1" cb="5"/><line nr="86" mi="0" ci="3" mb="0" cb="0"/><line nr="88" mi="0" ci="1" mb="0" cb="0"/><line nr="93" mi="4" ci="8" mb="1" cb="1"/><line nr="94" mi="0" ci="1" mb="0" cb="0"/><line nr="97" mi="0" ci="8" mb="0" cb="0"/><counter type="INSTRUCTION" missed="48" covered="253"/><counter type="BRANCH" missed="15" covered="27"/><counter type="LINE" missed="0" covered="37"/><counter type="COMPLEXITY" missed="15" covered="22"/><counter type="METHOD" missed="0" covered="16"/><counter type="CLASS" missed="0" covered="1"/></sourcefile><counter type="INSTRUCTION" missed="64" covered="309"/><counter type="BRANCH" missed="19" covered="31"/><counter type="LINE" missed="0" covered="47"/><counter type="COMPLEXITY" missed="19" covered="27"/><counter type="METHOD" missed="0" covered="21"/><counter type="CLASS" missed="0" covered="2"/></package><package name="com/rakuten/gap/ads/mission_core/helpers/ads"><class name="com/rakuten/gap/ads/mission_core/helpers/ads/AdRequestHelper" sourcefilename="AdRequestHelper.kt"><method name="&lt;init&gt;" desc="()V" line="22"><counter type="INSTRUCTION" missed="0" covered="3"/><counter type="LINE" missed="0" covered="1"/><counter type="COMPLEXITY" missed="0" covered="1"/><counter type="METHOD" missed="0" covered="1"/></method><method name="consolidateBadv" desc="()Ljava/util/List;" line="29"><counter type="INSTRUCTION" missed="27" covered="31"/><counter type="BRANCH" missed="3" covered="3"/><counter type="LINE" missed="3" covered="5"/><counter type="COMPLEXITY" missed="2" covered="2"/><counter type="METHOD" missed="0" covered="1"/></method><method name="createAdRequest" desc="(II)Lcom/rakuten/gap/ads/mission_ads/openrtb/request/MissionAdRequest;" line="45"><counter type="INSTRUCTION" missed="0" covered="56"/><counter type="LINE" missed="0" covered="16"/><counter type="COMPLEXITY" missed="0" covered="1"/><counter type="METHOD" missed="0" covered="1"/></method><method name="createImp" desc="(II)Lcom/rakuten/gap/ads/mission_ads/openrtb/request/Imp;" line="64"><counter type="INSTRUCTION" missed="0" covered="23"/><counter type="LINE" missed="0" covered="9"/><counter type="COMPLEXITY" missed="0" covered="1"/><counter type="METHOD" missed="0" covered="1"/></method><method name="createBanner" desc="(II)Lcom/rakuten/gap/ads/mission_ads/openrtb/request/Banner;" line="77"><counter type="INSTRUCTION" missed="0" covered="19"/><counter type="LINE" missed="0" covered="7"/><counter type="COMPLEXITY" missed="0" covered="1"/><counter type="METHOD" missed="0" covered="1"/></method><method name="createApp" desc="()Lcom/rakuten/gap/ads/mission_ads/openrtb/request/App;" line="88"><counter type="INSTRUCTION" missed="2" covered="84"/><counter type="BRANCH" missed="2" covered="2"/><counter type="LINE" missed="0" covered="15"/><counter type="COMPLEXITY" missed="2" covered="1"/><counter type="METHOD" missed="0" covered="1"/></method><method name="createDevice" desc="()Lcom/rakuten/gap/ads/mission_ads/openrtb/request/Device;" line="109"><counter type="INSTRUCTION" missed="32" covered="92"/><counter type="BRANCH" missed="3" covered="3"/><counter type="LINE" missed="2" covered="22"/><counter type="COMPLEXITY" missed="3" covered="1"/><counter type="METHOD" missed="0" covered="1"/></method><method name="getCurArray" desc="()Ljava/util/List;" line="141"><counter type="INSTRUCTION" missed="0" covered="14"/><counter type="LINE" missed="0" covered="3"/><counter type="COMPLEXITY" missed="0" covered="1"/><counter type="METHOD" missed="0" covered="1"/></method><method name="getCur" desc="()Ljava/lang/String;" line="147"><counter type="INSTRUCTION" missed="2" covered="15"/><counter type="BRANCH" missed="1" covered="1"/><counter type="LINE" missed="1" covered="3"/><counter type="COMPLEXITY" missed="1" covered="1"/><counter type="METHOD" missed="0" covered="1"/></method><method name="isTest" desc="()I" line="160"><counter type="INSTRUCTION" missed="2" covered="13"/><counter type="BRANCH" missed="3" covered="3"/><counter type="LINE" missed="0" covered="4"/><counter type="COMPLEXITY" missed="3" covered="1"/><counter type="METHOD" missed="0" covered="1"/></method><method name="getDisplayManager" desc="()Ljava/lang/String;" line="167"><counter type="INSTRUCTION" missed="0" covered="2"/><counter type="LINE" missed="0" covered="1"/><counter type="COMPLEXITY" missed="0" covered="1"/><counter type="METHOD" missed="0" covered="1"/></method><method name="getBidFloorCur" desc="()Ljava/lang/String;" line="171"><counter type="INSTRUCTION" missed="0" covered="10"/><counter type="BRANCH" missed="0" covered="2"/><counter type="LINE" missed="0" covered="4"/><counter type="COMPLEXITY" missed="0" covered="2"/><counter type="METHOD" missed="0" covered="1"/></method><method name="getIpAddress" desc="()Lcom/rakuten/gap/ads/mission_core/helpers/ads/AdRequestHelper$IpAddress;" line="179"><counter type="INSTRUCTION" missed="1" covered="51"/><counter type="BRANCH" missed="1" covered="9"/><counter type="LINE" missed="1" covered="15"/><counter type="COMPLEXITY" missed="1" covered="5"/><counter type="METHOD" missed="0" covered="1"/></method><counter type="INSTRUCTION" missed="66" covered="413"/><counter type="BRANCH" missed="13" covered="23"/><counter type="LINE" missed="7" covered="105"/><counter type="COMPLEXITY" missed="12" covered="19"/><counter type="METHOD" missed="0" covered="13"/><counter type="CLASS" missed="0" covered="1"/></class><class name="com/rakuten/gap/ads/mission_core/helpers/ads/AdRequestHelper$IpAddress" sourcefilename="AdRequestHelper.kt"><method name="&lt;init&gt;" desc="(Ljava/lang/String;Ljava/lang/String;)V" line="205"><counter type="INSTRUCTION" missed="0" covered="15"/><counter type="LINE" missed="0" covered="3"/><counter type="COMPLEXITY" missed="0" covered="1"/><counter type="METHOD" missed="0" covered="1"/></method><method name="getV4" desc="()Ljava/lang/String;" line="206"><counter type="INSTRUCTION" missed="0" covered="3"/><counter type="LINE" missed="0" covered="1"/><counter type="COMPLEXITY" missed="0" covered="1"/><counter type="METHOD" missed="0" covered="1"/></method><method name="setV4" desc="(Ljava/lang/String;)V" line="206"><counter type="INSTRUCTION" missed="7" covered="0"/><counter type="LINE" missed="1" covered="0"/><counter type="COMPLEXITY" missed="1" covered="0"/><counter type="METHOD" missed="1" covered="0"/></method><method name="getV6" desc="()Ljava/lang/String;" line="207"><counter type="INSTRUCTION" missed="0" covered="3"/><counter type="LINE" missed="0" covered="1"/><counter type="COMPLEXITY" missed="0" covered="1"/><counter type="METHOD" missed="0" covered="1"/></method><method name="setV6" desc="(Ljava/lang/String;)V" line="207"><counter type="INSTRUCTION" missed="7" covered="0"/><counter type="LINE" missed="1" covered="0"/><counter type="COMPLEXITY" missed="1" covered="0"/><counter type="METHOD" missed="1" covered="0"/></method><counter type="INSTRUCTION" missed="14" covered="21"/><counter type="LINE" missed="0" covered="3"/><counter type="COMPLEXITY" missed="2" covered="3"/><counter type="METHOD" missed="2" covered="3"/><counter type="CLASS" missed="0" covered="1"/></class><sourcefile name="AdRequestHelper.kt"><line nr="22" mi="0" ci="3" mb="0" cb="0"/><line nr="29" mi="0" ci="7" mb="0" cb="0"/><line nr="31" mi="0" ci="11" mb="0" cb="2"/><line nr="32" mi="0" ci="5" mb="0" cb="0"/><line nr="35" mi="11" ci="6" mb="1" cb="1"/><line nr="36" mi="10" ci="0" mb="2" cb="0"/><line nr="37" mi="5" ci="0" mb="0" cb="0"/><line nr="39" mi="1" ci="0" mb="0" cb="0"/><line nr="41" mi="0" ci="2" mb="0" cb="0"/><line nr="45" mi="0" ci="2" mb="0" cb="0"/><line nr="46" mi="0" ci="2" mb="0" cb="0"/><line nr="47" mi="0" ci="3" mb="0" cb="0"/><line nr="48" mi="0" ci="3" mb="0" cb="0"/><line nr="49" mi="0" ci="2" mb="0" cb="0"/><line nr="50" mi="0" ci="7" mb="0" cb="0"/><line nr="51" mi="0" ci="3" mb="0" cb="0"/><line nr="52" mi="0" ci="7" mb="0" cb="0"/><line nr="53" mi="0" ci="3" mb="0" cb="0"/><line nr="54" mi="0" ci="3" mb="0" cb="0"/><line nr="55" mi="0" ci="5" mb="0" cb="0"/><line nr="56" mi="0" ci="3" mb="0" cb="0"/><line nr="57" mi="0" ci="3" mb="0" cb="0"/><line nr="58" mi="0" ci="2" mb="0" cb="0"/><line nr="59" mi="0" ci="7" mb="0" cb="0"/><line nr="60" mi="0" ci="1" mb="0" cb="0"/><line nr="64" mi="0" ci="3" mb="0" cb="0"/><line nr="65" mi="0" ci="2" mb="0" cb="0"/><line nr="66" mi="0" ci="5" mb="0" cb="0"/><line nr="67" mi="0" ci="3" mb="0" cb="0"/><line nr="68" mi="0" ci="2" mb="0" cb="0"/><line nr="69" mi="0" ci="2" mb="0" cb="0"/><line nr="70" mi="0" ci="2" mb="0" cb="0"/><line nr="71" mi="0" ci="3" mb="0" cb="0"/><line nr="73" mi="0" ci="1" mb="0" cb="0"/><line nr="77" mi="0" ci="3" mb="0" cb="0"/><line nr="78" mi="0" ci="2" mb="0" cb="0"/><line nr="79" mi="0" ci="2" mb="0" cb="0"/><line nr="80" mi="0" ci="2" mb="0" cb="0"/><line nr="81" mi="0" ci="2" mb="0" cb="0"/><line nr="82" mi="0" ci="7" mb="0" cb="0"/><line nr="83" mi="0" ci="1" mb="0" cb="0"/><line nr="88" mi="0" ci="3" mb="0" cb="0"/><line nr="89" mi="0" ci="3" mb="0" cb="0"/><line nr="90" mi="0" ci="3" mb="0" cb="0"/><line nr="91" mi="0" ci="7" mb="0" cb="0"/><line nr="92" mi="0" ci="7" mb="0" cb="0"/><line nr="93" mi="0" ci="7" mb="0" cb="0"/><line nr="94" mi="0" ci="3" mb="0" cb="0"/><line nr="95" mi="0" ci="3" mb="0" cb="0"/><line nr="96" mi="0" ci="3" mb="0" cb="0"/><line nr="97" mi="0" ci="2" mb="0" cb="0"/><line nr="99" mi="1" ci="16" mb="1" cb="1"/><line nr="100" mi="0" ci="4" mb="0" cb="0"/><line nr="102" mi="1" ci="16" mb="1" cb="1"/><line nr="103" mi="0" ci="4" mb="0" cb="0"/><line nr="105" mi="0" ci="3" mb="0" cb="0"/><line nr="109" mi="0" ci="3" mb="0" cb="0"/><line nr="110" mi="0" ci="3" mb="0" cb="0"/><line nr="111" mi="0" ci="3" mb="0" cb="0"/><line nr="113" mi="0" ci="2" mb="0" cb="0"/><line nr="114" mi="0" ci="3" mb="0" cb="0"/><line nr="115" mi="0" ci="3" mb="0" cb="0"/><line nr="116" mi="0" ci="3" mb="0" cb="0"/><line nr="117" mi="2" ci="6" mb="1" cb="1"/><line nr="118" mi="0" ci="7" mb="0" cb="0"/><line nr="119" mi="0" ci="7" mb="0" cb="0"/><line nr="120" mi="0" ci="2" mb="0" cb="0"/><line nr="121" mi="0" ci="7" mb="0" cb="0"/><line nr="122" mi="0" ci="7" mb="0" cb="0"/><line nr="123" mi="0" ci="3" mb="0" cb="0"/><line nr="124" mi="0" ci="3" mb="0" cb="0"/><line nr="125" mi="0" ci="2" mb="0" cb="0"/><line nr="126" mi="0" ci="2" mb="0" cb="0"/><line nr="127" mi="0" ci="8" mb="0" cb="0"/><line nr="128" mi="0" ci="3" mb="0" cb="0"/><line nr="131" mi="11" ci="6" mb="1" cb="1"/><line nr="132" mi="4" ci="0" mb="0" cb="0"/><line nr="134" mi="11" ci="6" mb="1" cb="1"/><line nr="135" mi="4" ci="0" mb="0" cb="0"/><line nr="137" mi="0" ci="3" mb="0" cb="0"/><line nr="141" mi="0" ci="7" mb="0" cb="0"/><line nr="142" mi="0" ci="5" mb="0" cb="0"/><line nr="143" mi="0" ci="2" mb="0" cb="0"/><line nr="147" mi="0" ci="11" mb="1" cb="1"/><line nr="149" mi="0" ci="2" mb="0" cb="0"/><line nr="152" mi="2" ci="0" mb="0" cb="0"/><line nr="155" mi="0" ci="2" mb="0" cb="0"/><line nr="160" mi="0" ci="5" mb="1" cb="1"/><line nr="161" mi="0" ci="4" mb="1" cb="1"/><line nr="162" mi="0" ci="3" mb="1" cb="1"/><line nr="163" mi="2" ci="1" mb="0" cb="0"/><line nr="167" mi="0" ci="2" mb="0" cb="0"/><line nr="171" mi="0" ci="2" mb="0" cb="0"/><line nr="172" mi="0" ci="4" mb="0" cb="2"/><line nr="173" mi="0" ci="2" mb="0" cb="0"/><line nr="175" mi="0" ci="2" mb="0" cb="0"/><line nr="179" mi="0" ci="2" mb="0" cb="0"/><line nr="180" mi="0" ci="2" mb="0" cb="0"/><line nr="181" mi="0" ci="1" mb="0" cb="0"/><line nr="182" mi="0" ci="2" mb="0" cb="0"/><line nr="183" mi="0" ci="3" mb="0" cb="2"/><line nr="184" mi="0" ci="4" mb="0" cb="0"/><line nr="185" mi="0" ci="3" mb="0" cb="0"/><line nr="187" mi="0" ci="3" mb="0" cb="2"/><line nr="188" mi="0" ci="4" mb="0" cb="0"/><line nr="190" mi="0" ci="3" mb="0" cb="2"/><line nr="191" mi="0" ci="3" mb="0" cb="2"/><line nr="192" mi="0" ci="6" mb="0" cb="0"/><line nr="193" mi="0" ci="3" mb="1" cb="1"/><line nr="194" mi="0" ci="6" mb="0" cb="0"/><line nr="200" mi="1" ci="0" mb="0" cb="0"/><line nr="202" mi="0" ci="6" mb="0" cb="0"/><line nr="205" mi="0" ci="3" mb="0" cb="0"/><line nr="206" mi="4" ci="6" mb="0" cb="0"/><line nr="207" mi="4" ci="6" mb="0" cb="0"/><counter type="INSTRUCTION" missed="80" covered="434"/><counter type="BRANCH" missed="13" covered="23"/><counter type="LINE" missed="7" covered="108"/><counter type="COMPLEXITY" missed="14" covered="22"/><counter type="METHOD" missed="2" covered="16"/><counter type="CLASS" missed="0" covered="2"/></sourcefile><counter type="INSTRUCTION" missed="80" covered="434"/><counter type="BRANCH" missed="13" covered="23"/><counter type="LINE" missed="7" covered="108"/><counter type="COMPLEXITY" missed="14" covered="22"/><counter type="METHOD" missed="2" covered="16"/><counter type="CLASS" missed="0" covered="2"/></package><counter type="INSTRUCTION" missed="2451" covered="20218"/><counter type="BRANCH" missed="517" covered="1018"/><counter type="LINE" missed="361" covered="3628"/><counter type="COMPLEXITY" missed="584" covered="1434"/><counter type="METHOD" missed="99" covered="1142"/><counter type="CLASS" missed="18" covered="275"/></report>