<?xml version="1.0" encoding="UTF-8" standalone="yes"?><!DOCTYPE report PUBLIC "-//JACOCO//DTD Report 1.1//EN" "report.dtd"><report name="mission-ui"><sessioninfo id="ASRHQra0043-ba3f4dd0" start="1635148163350" dump="1635148671671"/><sessioninfo id="ASRHQra0043-41203bbc" start="1635155363122" dump="1635155363157"/><sessioninfo id="ASRHQra0043-9743e421" start="1635155383779" dump="1635155383808"/><sessioninfo id="ASRHQra0043-ed02795d" start="1635155403667" dump="1635155403715"/><sessioninfo id="ASRHQra0043-18b5dd28" start="1635155418765" dump="1635155418795"/><sessioninfo id="ASRHQra0043-445ae3ed" start="1635296950115" dump="1635296959187"/><sessioninfo id="ASRHQra0043-4c2b35f2" start="1635310081481" dump="1635310081528"/><sessioninfo id="ASRHQra0043-8c92db09" start="1635310141857" dump="1635310141870"/><sessioninfo id="ASRHQra0043-b385cb09" start="1635310151203" dump="1635310151221"/><sessioninfo id="ASRHQra0043-1ddec679" start="1635384306820" dump="1635384315005"/><sessioninfo id="ASRHQra0043-7a6d5df0" start="1635384462667" dump="1635384469779"/><sessioninfo id="ASRHQra0043-53e87117" start="1635384633749" dump="1635384641114"/><sessioninfo id="ASRHQra0043-edd337b6" start="1635486300413" dump="1635486309666"/><sessioninfo id="ASRHQra0043-ae756bd9" start="1635486776430" dump="1635486777686"/><sessioninfo id="ASRHQra0043-d3830619" start="1635487338546" dump="1635487345647"/><sessioninfo id="ASRHQra0043-faf28cb5" start="1637122034822" dump="1637122044992"/><sessioninfo id="ASRHQra0043-b7cf00a5" start="1637129170326" dump="1637129178595"/><sessioninfo id="ASRHQra0043-d6901980" start="1637138190356" dump="1637138203495"/><sessioninfo id="ASRHQra0043-3c96808b" start="1637138598651" dump="1637138607717"/><sessioninfo id="ASRHQra0043-3c2b6af3" start="1637138970992" dump="1637138979914"/><sessioninfo id="ASRHQra0043-c067782f" start="1637139804241" dump="1637139813973"/><sessioninfo id="ASRHQra0043-cd63b5cf" start="1637140195302" dump="1637140205372"/><sessioninfo id="ASRHQra0043-f16bd1b9" start="1637198581296" dump="1637198590552"/><sessioninfo id="ASRHQra0043-90944355" start="1637201226033" dump="1637201234783"/><sessioninfo id="ASRHQra0043-1d8bec04" start="1637286051300" dump="1637286061666"/><sessioninfo id="ASRHQra0043-c39a560" start="1637286627402" dump="1637286636389"/><sessioninfo id="ASRHQra0043-db84916c" start="1637573929283" dump="1637573939299"/><sessioninfo id="ASRHQra0043-1e9a7cad" start="1637647186647" dump="1637647196345"/><sessioninfo id="ASRHQra0043-b12a3a28" start="1637650044948" dump="1637650053828"/><sessioninfo id="ASRHQra0043-d4fdcc67" start="1637819051927" dump="1637819060465"/><sessioninfo id="ASRHQra0043-2dc8058f" start="1637826759635" dump="1637826770215"/><sessioninfo id="ASRHQra0043-e9f1328c" start="1637890088665" dump="1637890098300"/><sessioninfo id="ASRHQra0043-23897c1" start="1637894982608" dump="1637894992722"/><sessioninfo id="ASRHQra0043-a89253ca" start="1637919055282" dump="1637919065792"/><sessioninfo id="ASRHQra0043-ccda6ae4" start="1638155983813" dump="1638155993334"/><sessioninfo id="ASRHQra0043-82b88f4" start="1638330049039" dump="1638330057450"/><sessioninfo id="ASRHQra0043-ac003e5f" start="1638330071862" dump="1638330079449"/><sessioninfo id="ASRHQra0043-8471d454" start="1638337249480" dump="1638337252845"/><sessioninfo id="ASRHQra0043-fb0bcf77" start="1638337621688" dump="1638337629789"/><sessioninfo id="ASRHQra0043-fbe9b1c2" start="1638337720279" dump="1638337727803"/><sessioninfo id="ASRHQra0043-af7e7cc0" start="1638352297698" dump="1638352306566"/><sessioninfo id="ASRHQra0043-33266d31" start="1638858762932" dump="1638858775239"/><sessioninfo id="ASRHQra0043-373b159f" start="1638858880823" dump="1638858885699"/><sessioninfo id="ASRHQra0043-e273d255" start="1638859576549" dump="1638859576579"/><sessioninfo id="ASRHQra0043-dc14540c" start="1638859589576" dump="1638859589595"/><sessioninfo id="ASRHQra0043-115ccaf0" start="1638859778960" dump="1638859778973"/><sessioninfo id="ASRHQra0043-140b0d97" start="1638859785653" dump="1638859785675"/><sessioninfo id="ASRHQra0043-6aebad22" start="1638860120088" dump="1638860120102"/><sessioninfo id="ASRHQra0043-d7328125" start="1638860131514" dump="1638860131534"/><sessioninfo id="ASRHQra0043-be1c6861" start="1638860247158" dump="1638860248729"/><sessioninfo id="ASRHQra0043-312c700a" start="1638861272119" dump="1638861273554"/><sessioninfo id="ASRHQra0043-9517a011" start="1638861401981" dump="1638861403371"/><sessioninfo id="ASRHQra0043-7d11e83b" start="1638861442870" dump="1638861450074"/><sessioninfo id="ASRHQra0043-bbff12f3" start="1638861713335" dump="1638861724356"/><sessioninfo id="ASRHQra0043-166579b2" start="1638926527721" dump="1638926527764"/><sessioninfo id="ASRHQra0043-4c70eeda" start="1638926992336" dump="1638926993575"/><sessioninfo id="ASRHQra0043-910031e8" start="1638927072630" dump="1638927115736"/><sessioninfo id="ASRHQra0043-aeba02f9" start="1638927136795" dump="1638927204946"/><sessioninfo id="ASRHQra0043-8fdbca08" start="1638927470744" dump="1638927472037"/><sessioninfo id="ASRHQra0043-30d13f77" start="1638927857321" dump="1638927928071"/><sessioninfo id="ASRHQra0043-4c5b9082" start="1638927989924" dump="1638927991155"/><sessioninfo id="ASRHQra0043-f85faa7" start="1638928288146" dump="1638928289348"/><sessioninfo id="ASRHQra0043-c01221b2" start="1638932148451" dump="1638932149704"/><sessioninfo id="ASRHQra0043-3cbd16b2" start="1638933922446" dump="1638933922460"/><sessioninfo id="ASRHQra0043-3b928d57" start="1638933944526" dump="1638933980261"/><sessioninfo id="ASRHQra0043-314eed70" start="1638934120617" dump="1638934161481"/><sessioninfo id="ASRHQra0043-7f854958" start="1638934198798" dump="1638934237307"/><sessioninfo id="ASRHQra0043-a4c4d907" start="1638934320526" dump="1638934407721"/><sessioninfo id="ASRHQra0043-6d42a04b" start="1638934427587" dump="1638934427617"/><sessioninfo id="ASRHQra0043-6b8b39c9" start="1638934458000" dump="1638934458014"/><sessioninfo id="ASRHQra0043-6fe9732b" start="1638934495203" dump="1638934495221"/><sessioninfo id="ASRHQra0043-f672de07" start="1638934508544" dump="1638934508579"/><sessioninfo id="ASRHQra0043-b6b0aab4" start="1638934625584" dump="1638934625622"/><sessioninfo id="ASRHQra0043-58c96db0" start="1638934650783" dump="1638934650801"/><sessioninfo id="ASRHQra0043-7255e74" start="1638934686364" dump="1638934686384"/><sessioninfo id="ASRHQra0043-a443972c" start="1638934747038" dump="1638934747063"/><sessioninfo id="ASRHQra0043-b370a4ea" start="1638935334008" dump="1638935334041"/><sessioninfo id="ASRHQra0043-682cde4d" start="1638935456282" dump="1638935456312"/><sessioninfo id="ASRHQra0043-7a093fee" start="1638935495087" dump="1638935496328"/><sessioninfo id="ASRHQra0043-c84d4c99" start="1638935535690" dump="1638935547008"/><sessioninfo id="ASRHQra0043-ea518c58" start="1638935638499" dump="1638935648137"/><sessioninfo id="ASRHQra0043-78991111" start="1638935768335" dump="1638935790396"/><sessioninfo id="ASRHQra0043-342cb278" start="1638935817681" dump="1638935832652"/><sessioninfo id="ASRHQra0043-d46ced75" start="1638935897376" dump="1638935912430"/><sessioninfo id="ASRHQra0043-1586501f" start="1638935980656" dump="1638935994501"/><sessioninfo id="ASRHQra0043-be869cdd" start="1638943711207" dump="1638943712396"/><sessioninfo id="ASRHQra0043-25ed616f" start="1638943725760" dump="1638943727012"/><sessioninfo id="ASRHQra0043-9706f3ce" start="1638943741024" dump="1638943741058"/><sessioninfo id="ASRHQra0043-f53ae0c7" start="1638947763576" dump="1638947764901"/><sessioninfo id="ASRHQra0043-39296cd0" start="1638947948068" dump="1638947949319"/><sessioninfo id="ASRHQra0043-b94e4731" start="1638947988320" dump="1638947989580"/><sessioninfo id="ASRHQra0043-bf1cc12a" start="1638948028557" dump="1638948029557"/><sessioninfo id="ASRHQra0043-ac7341bb" start="1638948049747" dump="1638948050958"/><sessioninfo id="ASRHQra0043-23b29395" start="1638948105632" dump="1638948117499"/><sessioninfo id="ASRHQra0043-737248c5" start="1638948490340" dump="1638948491633"/><sessioninfo id="ASRHQra0043-5037837d" start="1638948851656" dump="1638948853089"/><sessioninfo id="ASRHQra0043-5ca95da8" start="1638948871463" dump="1638948883897"/><sessioninfo id="ASRHQra0043-47fc1224" start="1638949173026" dump="1638949173045"/><sessioninfo id="ASRHQra0043-cea5d314" start="1638949640023" dump="1638949640044"/><sessioninfo id="ASRHQra0043-11da18dc" start="1638949648753" dump="1638949648825"/><sessioninfo id="ASRHQra0043-38d0daa5" start="1638950188510" dump="1638950188527"/><sessioninfo id="ASRHQra0043-9eb388ac" start="1638951163898" dump="1638951177584"/><sessioninfo id="ASRHQra0043-a41de7ff" start="1638951233469" dump="1638951240311"/><sessioninfo id="ASRHQra0043-e9261182" start="1638951801528" dump="1638951801548"/><sessioninfo id="ASRHQra0043-3d535ea" start="1638951869433" dump="1638951869463"/><sessioninfo id="ASRHQra0043-c31e0c68" start="1638954360824" dump="1638954360872"/><sessioninfo id="ASRHQra0043-a29cf17c" start="1638954568358" dump="1638954568466"/><sessioninfo id="ASRHQra0043-4193b685" start="1638955760039" dump="1638955760088"/><sessioninfo id="ASRHQra0043-eeed86a3" start="1638956244840" dump="1638956244937"/><sessioninfo id="ASRHQra0043-d39d79b0" start="1638956271082" dump="1638956305475"/><sessioninfo id="ASRHQra0043-d7158021" start="1638956316053" dump="1638956363771"/><sessioninfo id="ASRHQra0043-8d9b6de7" start="1638956389149" dump="1638956434920"/><sessioninfo id="ASRHQra0043-660d59ee" start="1638956535886" dump="1638956535954"/><sessioninfo id="ASRHQra0043-3bbf2ad5" start="1638957024274" dump="1638957024395"/><sessioninfo id="ASRHQra0043-73e9d6c9" start="1638957128517" dump="1638957139754"/><sessioninfo id="ASRHQra0043-f7b32668" start="1638957379939" dump="1638957392372"/><sessioninfo id="ASRHQra0043-37b6ff18" start="1638957644099" dump="1638957657091"/><sessioninfo id="ASRHQra0043-681983db" start="1638957960123" dump="1638957973093"/><sessioninfo id="ASRHQra0043-b4553c36" start="1639016321152" dump="1639016321209"/><sessioninfo id="ASRHQra0043-65bf6ced" start="1639016979387" dump="1639016979444"/><sessioninfo id="ASRHQra0043-9914b745" start="1639016992157" dump="1639016992332"/><sessioninfo id="ASRHQra0043-36f32a71" start="1639017114817" dump="1639017114880"/><sessioninfo id="ASRHQra0043-59d149a0" start="1639017125506" dump="1639017125652"/><sessioninfo id="ASRHQra0043-afc850f2" start="1639017522617" dump="1639017537434"/><sessioninfo id="ASRHQra0043-cafb6b5" start="1639017597060" dump="1639017617908"/><sessioninfo id="ASRHQra0043-3d9b06a8" start="1639018708708" dump="1639018708774"/><sessioninfo id="ASRHQra0043-b85af868" start="1639020440103" dump="1639020440241"/><sessioninfo id="ASRHQra0043-40dc386e" start="1639020506358" dump="1639020506477"/><sessioninfo id="ASRHQra0043-e623eb2a" start="1639020741858" dump="1639020742211"/><sessioninfo id="ASRHQra0043-c41c2a5" start="1639020791125" dump="1639020791203"/><sessioninfo id="ASRHQra0043-b5a99db9" start="1639020848160" dump="1639020848523"/><sessioninfo id="ASRHQra0043-43aee04e" start="1639021610847" dump="1639021610986"/><sessioninfo id="ASRHQra0043-82caf883" start="1639021644053" dump="1639021644596"/><sessioninfo id="ASRHQra0043-a59a0df7" start="1639021778268" dump="1639021794682"/><sessioninfo id="ASRHQra0043-5f7b535f" start="1639021871345" dump="1639021886784"/><sessioninfo id="ASRHQra0043-544fee57" start="1639039098023" dump="1639039098089"/><sessioninfo id="ASRHQra0043-d7ba76b5" start="1639039134052" dump="1639039134205"/><sessioninfo id="ASRHQra0043-c6105869" start="1639039697746" dump="1639039697820"/><sessioninfo id="ASRHQra0043-9b94d843" start="1639039960394" dump="1639039960437"/><sessioninfo id="ASRHQra0043-22a942dd" start="1639039968116" dump="1639039968218"/><sessioninfo id="ASRHQra0043-d6e5157e" start="1639040988579" dump="1639040988631"/><sessioninfo id="ASRHQra0043-2623e5ee" start="1639041100598" dump="1639041100737"/><sessioninfo id="ASRHQra0043-5e21b35c" start="1639042808427" dump="1639042811907"/><sessioninfo id="ASRHQra0043-9d18f474" start="1639043765856" dump="1639043770347"/><sessioninfo id="ASRHQra0043-479d290c" start="1639043797662" dump="1639043813767"/><sessioninfo id="ASRHQra0043-875b47f6" start="1639043844582" dump="1639043844639"/><sessioninfo id="ASRHQra0043-fea6e532" start="1639043934954" dump="1639043934993"/><sessioninfo id="ASRHQra0043-ec944791" start="1639043947741" dump="1639043962387"/><sessioninfo id="ASRHQra0043-3bea01bd" start="1639098627713" dump="1639098627728"/><sessioninfo id="ASRHQra0043-3df9960a" start="1639100046693" dump="1639100047963"/><sessioninfo id="ASRHQra0043-fd1972e5" start="1639100265200" dump="1639100266524"/><sessioninfo id="ASRHQra0043-a2996416" start="1639100313647" dump="1639100333466"/><sessioninfo id="ASRHQra0043-3e0754f5" start="1639100439510" dump="1639100440724"/><sessioninfo id="ASRHQra0043-ed73aa60" start="1639100479567" dump="1639100495849"/><sessioninfo id="ASRHQra0043-d621c948" start="1639100641320" dump="1639100651462"/><sessioninfo id="ASRHQra0043-5a3fb985" start="1639102981211" dump="1639102986460"/><sessioninfo id="ASRHQra0043-8152c0e2" start="1639103093460" dump="1639103098279"/><sessioninfo id="ASRHQra0043-91ae86c8" start="1639103253055" dump="1639103258614"/><sessioninfo id="ASRHQra0043-c36711b6" start="1639103331473" dump="1639103336717"/><sessioninfo id="ASRHQra0043-8aa163f7" start="1639103695925" dump="1639103701125"/><sessioninfo id="ASRHQra0043-169998fa" start="1639104267796" dump="1639104273306"/><sessioninfo id="ASRHQra0043-e0f90991" start="1639104458056" dump="1639104463274"/><sessioninfo id="ASRHQra0043-27a5e075" start="1639104828866" dump="1639104832919"/><sessioninfo id="ASRHQra0043-8a4fe66" start="1639105222249" dump="1639105227707"/><sessioninfo id="ASRHQra0043-5a669692" start="1639105304264" dump="1639105309210"/><sessioninfo id="ASRHQra0043-26834b55" start="1639105469219" dump="1639105474301"/><sessioninfo id="ASRHQra0043-1996d01f" start="1639105553629" dump="1639105558461"/><sessioninfo id="ASRHQra0043-cd18180a" start="1639105596540" dump="1639105612286"/><sessioninfo id="ASRHQra0043-ac286099" start="1639105686848" dump="1639105692622"/><sessioninfo id="ASRHQra0043-270cfeae" start="1639105734536" dump="1639105752384"/><sessioninfo id="ASRHQra0043-e8793bfe" start="1639106024651" dump="1639106029827"/><sessioninfo id="ASRHQra0043-9e121faf" start="1639106051763" dump="1639106068094"/><sessioninfo id="ASRHQra0043-bd234aa8" start="1639106911387" dump="1639106915009"/><sessioninfo id="ASRHQra0043-22ea1c18" start="1639107102200" dump="1639107105867"/><sessioninfo id="ASRHQra0043-ff3f77ac" start="1639107131781" dump="1639107135494"/><sessioninfo id="ASRHQra0043-2d556c0" start="1639107218848" dump="1639107222637"/><sessioninfo id="ASRHQra0043-f4f7e737" start="1639107628144" dump="1639107633686"/><sessioninfo id="ASRHQra0043-9da03a8c" start="1639111619591" dump="1639111623112"/><sessioninfo id="ASRHQra0043-d0ed221b" start="1639111660444" dump="1639111690025"/><sessioninfo id="ASRHQra0043-7386d1bc" start="1639111716347" dump="1639111719650"/><sessioninfo id="ASRHQra0043-9ab9f203" start="1639111748306" dump="1639111751712"/><sessioninfo id="ASRHQra0043-b711fd5d" start="1639112033490" dump="1639112036943"/><sessioninfo id="ASRHQra0043-ce03039b" start="1639112268378" dump="1639112276653"/><sessioninfo id="ASRHQra0043-6c273373" start="1639112288302" dump="1639112307378"/><sessioninfo id="ASRHQra0043-3c900dcd" start="1639113959509" dump="1639113960650"/><sessioninfo id="ASRHQra0043-eded5a54" start="1639114045500" dump="1639114059191"/><sessioninfo id="ASRHQra0043-ca91e0de" start="1639114528674" dump="1639114530484"/><sessioninfo id="ASRHQra0043-3141c8bc" start="1639115641064" dump="1639115642223"/><sessioninfo id="ASRHQra0043-a2af9ae3" start="1639115732170" dump="1639115733294"/><sessioninfo id="ASRHQra0043-7ad0a912" start="1639115748043" dump="1639115750987"/><sessioninfo id="ASRHQra0043-feb9da59" start="1639116527199" dump="1639116527276"/><sessioninfo id="ASRHQra0043-a7279a26" start="1639118879859" dump="1639118883995"/><sessioninfo id="ASRHQra0043-19071819" start="1639123521150" dump="1639123523715"/><sessioninfo id="ASRHQra0043-aac7b32b" start="1639123612819" dump="1639123648185"/><sessioninfo id="ASRHQra0043-c2adcba5" start="1639123683115" dump="1639123693997"/><sessioninfo id="ASRHQra0043-21d4cbd1" start="1639127986074" dump="1639127990147"/><sessioninfo id="ASRHQra0043-b4daef3d" start="1639128177841" dump="1639128181652"/><sessioninfo id="ASRHQra0043-737b8f15" start="1639128400878" dump="1639128404772"/><sessioninfo id="ASRHQra0043-4a733491" start="1639128473342" dump="1639128476874"/><sessioninfo id="ASRHQra0043-212bcb9f" start="1639128548517" dump="1639128552297"/><sessioninfo id="ASRHQra0043-f0e2a79" start="1639128633575" dump="1639128637839"/><sessioninfo id="ASRHQra0043-d3d3870f" start="1639128784697" dump="1639128789079"/><sessioninfo id="ASRHQra0043-d5db7d0a" start="1639129298238" dump="1639129301920"/><sessioninfo id="ASRHQra0043-1cea13f1" start="1639129323914" dump="1639129415066"/><sessioninfo id="ASRHQra0043-6dec5f76" start="1639129812905" dump="1639129816979"/><sessioninfo id="ASRHQra0043-90b634e7" start="1639129832743" dump="1639129856151"/><sessioninfo id="ASRHQra0043-44b14b85" start="1639129999036" dump="1639130002563"/><sessioninfo id="ASRHQra0043-46e6e533" start="1639130124122" dump="1639130128113"/><sessioninfo id="ASRHQra0043-dd0a4039" start="1639130183952" dump="1639130185117"/><sessioninfo id="ASRHQra0043-7431a998" start="1639130197640" dump="1639130221781"/><sessioninfo id="ASRHQra0043-8fc773d9" start="1639130480711" dump="1639130503415"/><sessioninfo id="ASRHQra0043-fb37c1ca" start="1639359180111" dump="1639359202013"/><sessioninfo id="ASRHQra0043-8be6a9c9" start="1639384805788" dump="1639384825268"/><sessioninfo id="ASRHQra0043-1c7ec2c1" start="1639384961335" dump="1639384983618"/><sessioninfo id="ASRHQra0043-5b2a3f91" start="1639386777493" dump="1639386777527"/><sessioninfo id="ASRHQra0043-31841f4e" start="1639386816450" dump="1639386816488"/><sessioninfo id="ASRHQra0043-71a409a3" start="1639386929979" dump="1639386930016"/><sessioninfo id="ASRHQra0043-c5b87a78" start="1639387251472" dump="1639387251495"/><sessioninfo id="ASRHQra0043-5607f1b3" start="1639387272632" dump="1639387272656"/><sessioninfo id="ASRHQra0043-50782f63" start="1639387388785" dump="1639387395978"/><sessioninfo id="ASRHQra0043-ef3f997f" start="1639387417581" dump="1639387417600"/><sessioninfo id="ASRHQra0043-2c05a1e3" start="1639387522255" dump="1639387522292"/><sessioninfo id="ASRHQra0043-7c282c35" start="1639387534226" dump="1639387534251"/><sessioninfo id="ASRHQra0043-84a97cff" start="1639387572547" dump="1639387572594"/><sessioninfo id="ASRHQra0043-8a60d730" start="1639387642271" dump="1639387642323"/><sessioninfo id="ASRHQra0043-4c6f29d7" start="1639388307297" dump="1639388307344"/><sessioninfo id="ASRHQra0043-1dd57653" start="1639388347312" dump="1639388347342"/><sessioninfo id="ASRHQra0043-3871ab6" start="1639388363606" dump="1639388363646"/><sessioninfo id="ASRHQra0043-98b6b0db" start="1639388464398" dump="1639388464427"/><sessioninfo id="ASRHQra0043-ca6d26e2" start="1639388470473" dump="1639388470536"/><sessioninfo id="ASRHQra0043-718b652f" start="1639388563999" dump="1639388590037"/><sessioninfo id="ASRHQra0043-587ef3b6" start="1639389481363" dump="1639389481425"/><sessioninfo id="ASRHQra0043-b4276010" start="1639389681616" dump="1639389681697"/><sessioninfo id="ASRHQra0043-5a21689a" start="1639389687471" dump="1639389687640"/><sessioninfo id="ASRHQra0043-8babe8c3" start="1639446217084" dump="1639446217193"/><sessioninfo id="ASRHQra0043-4c0e356b" start="1639446675015" dump="1639446675102"/><sessioninfo id="ASRHQra0043-7c93ccd7" start="1639446715422" dump="1639446715648"/><sessioninfo id="ASRHQra0043-8d0ce3c8" start="1639446994863" dump="1639446995016"/><sessioninfo id="ASRHQra0043-79d18cb3" start="1639447381744" dump="1639447381849"/><sessioninfo id="ASRHQra0043-1b7d13ab" start="1639448079841" dump="1639448079907"/><sessioninfo id="ASRHQra0043-cade13c6" start="1639448525196" dump="1639448525282"/><sessioninfo id="ASRHQra0043-bdb3054c" start="1639448548338" dump="1639448548401"/><sessioninfo id="ASRHQra0043-fde2068e" start="1639449139735" dump="1639449139800"/><sessioninfo id="ASRHQra0043-64a13e91" start="1639449562811" dump="1639449562877"/><sessioninfo id="ASRHQra0043-7d1f4ccf" start="1639450045876" dump="1639450045945"/><sessioninfo id="ASRHQra0043-6a447d1e" start="1639451040114" dump="1639451040422"/><sessioninfo id="ASRHQra0043-f47a644d" start="1639451981140" dump="1639451981246"/><sessioninfo id="ASRHQra0043-2b547206" start="1639452022063" dump="1639452022199"/><sessioninfo id="ASRHQra0043-1ad7983d" start="1639452065718" dump="1639452067028"/><sessioninfo id="ASRHQra0043-66a215cd" start="1639452235581" dump="1639452236897"/><sessioninfo id="ASRHQra0043-a0b08829" start="1639453106988" dump="1639453107167"/><sessioninfo id="ASRHQra0043-409ede08" start="1639458816275" dump="1639458824291"/><sessioninfo id="ASRHQra0043-1cc09227" start="1639458864115" dump="1639458886255"/><sessioninfo id="ASRHQra0043-7fd1ef91" start="1639459781687" dump="1639459792967"/><sessioninfo id="ASRHQra0043-c9d02006" start="1639460137089" dump="1639460171894"/><sessioninfo id="ASRHQra0043-990e71c1" start="1639460707469" dump="1639460744289"/><sessioninfo id="ASRHQra0043-c96db455" start="1639461494129" dump="1639461501822"/><sessioninfo id="ASRHQra0043-db5c7a51" start="1639461670698" dump="1639461670708"/><sessioninfo id="ASRHQra0043-5d743b1b" start="1639462167856" dump="1639462167993"/><sessioninfo id="ASRHQra0043-fad40713" start="1639462279680" dump="1639462279693"/><sessioninfo id="ASRHQra0043-e777fae3" start="1639462291944" dump="1639462292091"/><sessioninfo id="ASRHQra0043-2734fea9" start="1639462424244" dump="1639462424759"/><sessioninfo id="ASRHQra0043-564582a3" start="1639462545461" dump="1639462565750"/><sessioninfo id="ASRHQra0043-537d6571" start="1639462651017" dump="1639462671747"/><sessioninfo id="ASRHQra0043-33a8a0ae" start="1639463010576" dump="1639463010636"/><sessioninfo id="ASRHQra0043-7281bb0d" start="1639463083728" dump="1639463083748"/><sessioninfo id="ASRHQra0043-1a935460" start="1639464000163" dump="1639464000173"/><sessioninfo id="ASRHQra0043-1b57cd72" start="1639464344648" dump="1639464344803"/><sessioninfo id="ASRHQra0043-eaf50726" start="1639464806471" dump="1639464806549"/><sessioninfo id="ASRHQra0043-7e67fd76" start="1639464839497" dump="1639464839542"/><sessioninfo id="ASRHQra0043-30bf974f" start="1639465259245" dump="1639465259993"/><sessioninfo id="ASRHQra0043-813e55f7" start="1639466295819" dump="1639466297742"/><sessioninfo id="ASRHQra0043-c9c31a60" start="1639466325769" dump="1639466346665"/><sessioninfo id="ASRHQra0043-2eec37d1" start="1639466438742" dump="1639466461121"/><sessioninfo id="ASRHQra0043-2c91cdc4" start="1639467315273" dump="1639467315945"/><sessioninfo id="ASRHQra0043-1fc8e60a" start="1639467428078" dump="1639467451624"/><sessioninfo id="ASRHQra0043-abd3936f" start="1639467546045" dump="1639467547299"/><sessioninfo id="ASRHQra0043-f1d07d9d" start="1639467561266" dump="1639467584434"/><sessioninfo id="ASRHQra0043-b9263cf8" start="1639467843222" dump="1639467844934"/><sessioninfo id="ASRHQra0043-81f8ba0a" start="1639468696926" dump="1639468699229"/><sessioninfo id="ASRHQra0043-f0661fe3" start="1639469641095" dump="1639469643579"/><sessioninfo id="ASRHQra0043-d80780c0" start="1639469886247" dump="1639469888627"/><sessioninfo id="ASRHQra0043-f09955ee" start="1639469969857" dump="1639469972211"/><sessioninfo id="ASRHQra0043-7eb09aab" start="1639469981618" dump="1639470004393"/><sessioninfo id="ASRHQra0043-e8494511" start="1639470211443" dump="1639470237370"/><sessioninfo id="ASRHQra0043-7522849c" start="1639471508719" dump="1639471509012"/><sessioninfo id="ASRHQra0043-2c4072" start="1639471738344" dump="1639471741320"/><sessioninfo id="ASRHQra0043-2d0c2a11" start="1639471850045" dump="1639471871756"/><sessioninfo id="ASRHQra0043-7b6aa2a6" start="1639472258983" dump="1639472282454"/><sessioninfo id="ASRHQra0043-ceb39e36" start="1639472956093" dump="1639472977788"/><sessioninfo id="ASRHQra0043-eec44fa5" start="1639473121503" dump="1639473146125"/><sessioninfo id="ASRHQra0043-8fba55b" start="1639717653798" dump="1639717702004"/><sessioninfo id="ASRHQra0043-8bfc9ccf" start="1639718212998" dump="1639718214628"/><sessioninfo id="ASRHQra0043-cd58de4b" start="1639718249865" dump="1639718253914"/><sessioninfo id="ASRHQra0043-9f346d3c" start="1639718934797" dump="1639718937942"/><sessioninfo id="ASRHQra0043-91ade209" start="1639719382325" dump="1639719383940"/><sessioninfo id="ASRHQra0043-69526713" start="1640072320354" dump="1640072323234"/><sessioninfo id="ASRHQra0043-827efa9f" start="1640072366378" dump="1640072368755"/><sessioninfo id="ASRHQra0043-85c7fa3e" start="1640317894997" dump="1640317896541"/><sessioninfo id="ASRHQra0043-7e25cba4" start="1640829560438" dump="1640829562383"/><sessioninfo id="ASRHQra0043-f0db76d0" start="1640829858177" dump="1640829860045"/><sessioninfo id="ASRHQra0043-4066dec0" start="1640845958917" dump="1640845959773"/><sessioninfo id="ASRHQra0043-943699fc" start="1641451152095" dump="1641451154653"/><sessioninfo id="ASRHQra0043-e9c83c42" start="1643253112857" dump="1643253122300"/><sessioninfo id="ASRHQra0043-c4ba393b" start="1643253327662" dump="1643253333951"/><sessioninfo id="ASRHQra0043-151adf6d" start="1643253620651" dump="1643253627414"/><sessioninfo id="ASRHQra0043-e69d10f2" start="1645594857140" dump="1645594863067"/><sessioninfo id="ASRHQra0043-916cdb09" start="1645595430008" dump="1645595437271"/><sessioninfo id="ASRHQra0043-77752a26" start="1645595619828" dump="1645595625863"/><sessioninfo id="ASRHQra0043-abee7e82" start="1645596053862" dump="1645596059918"/><sessioninfo id="ASRHQra0043-16bf9149" start="1645596076027" dump="1645596082149"/><sessioninfo id="ASRHQra0043-db74ca36" start="1645596203722" dump="1645596209807"/><sessioninfo id="ASRHQra0043-6efad278" start="1645597523098" dump="1645597530491"/><sessioninfo id="ASRHQra0043-ba21aefd" start="1645600565938" dump="1645600571986"/><sessioninfo id="ASRHQra0043-d27ed4cc" start="1645602856945" dump="1645602862896"/><sessioninfo id="ASRHQra0043-150e842a" start="1645603069444" dump="1645603076026"/><sessioninfo id="ASRHQra0043-f5ffb290" start="1645610258653" dump="1645610265459"/><sessioninfo id="ASRHQra0043-afcd1248" start="1645670766911" dump="1645670773030"/><sessioninfo id="ASRHQra0043-33aa53f4" start="1645686148780" dump="1645686156322"/><sessioninfo id="ASRHQra0043-1a1c8bdb" start="1645690532036" dump="1645690538177"/><sessioninfo id="ASRHQra0043-b3192f81" start="1645753478408" dump="1645753479956"/><sessioninfo id="ASRHQra0043-374c2320" start="1645753851013" dump="1645753853818"/><sessioninfo id="ASRHQra0043-88298030" start="1645755187192" dump="1645755194379"/><sessioninfo id="ASRHQra0043-9998d96f" start="1645756404343" dump="1645756412720"/><sessioninfo id="ASRHQra0043-15567075" start="1645770506340" dump="1645770513060"/><sessioninfo id="ASRHQra0043-b05c652d" start="1645772361960" dump="1645772369337"/><sessioninfo id="ASRHQra0043-f23b083b" start="1645782340632" dump="1645782346725"/><sessioninfo id="ASRHQra0043-bd16b9a0" start="1645782785251" dump="1645782791352"/><sessioninfo id="ASRHQra0043-50d6fe6a" start="1646012351783" dump="1646012358271"/><sessioninfo id="ASRHQra0043-e2623f1d" start="1646012691626" dump="1646012698967"/><sessioninfo id="ASRHQra0043-7ce4afe0" start="1646637982448" dump="1646637988547"/><sessioninfo id="ASRHQra0043-2c9d539e" start="1648093024531" dump="1648093026894"/><sessioninfo id="ASRHQra0043-9c49ea5" start="1648457482512" dump="1648457482699"/><sessioninfo id="ASRHQra0043-b116d734" start="1648457538114" dump="1648457538359"/><sessioninfo id="ASRHQra0043-d7212981" start="1648634878860" dump="1648634886607"/><sessioninfo id="ASRHQra0043-e58a56d8" start="1651114448634" dump="1651114455497"/><sessioninfo id="ASRHQra0043-72078b0b" start="1651114821205" dump="1651114827820"/><sessioninfo id="ASRHQra0043-9e7ad476" start="1651128843490" dump="1651128849155"/><sessioninfo id="ASRHQra0043-f9b22fb" start="1651130850502" dump="1651130851759"/><sessioninfo id="ASRHQra0043-1205a5d1" start="1651130913048" dump="1651130914086"/><sessioninfo id="ASRHQra0043-69f61475" start="1651131271500" dump="1651131272876"/><sessioninfo id="ASRHQra0043-56fa5d34" start="1651131326175" dump="1651131327618"/><sessioninfo id="ASRHQra0043-bff620aa" start="1651131337752" dump="1651131344143"/><sessioninfo id="ASRHQra0043-38515c1b" start="1651131593068" dump="1651131598955"/><sessioninfo id="ASRHQra0043-16a7a640" start="1651131622650" dump="1651131628284"/><sessioninfo id="ASRHQra0043-f53a4e25" start="1651132770377" dump="1651132778097"/><sessioninfo id="ASRHQra0043-e9200fb2" start="1651134098166" dump="1651134105310"/><sessioninfo id="ASRHQra0043-732b6e25" start="1651135363749" dump="1651135365335"/><sessioninfo id="ASRHQra0043-bac32f57" start="1651135585249" dump="1651135586931"/><sessioninfo id="ASRHQra0043-21260b7d" start="1651135690234" dump="1651135740614"/><sessioninfo id="ASRHQra0043-80f87887" start="1651135868963" dump="1651135870606"/><sessioninfo id="ASRHQra0043-9c935331" start="1651136216467" dump="1651136217951"/><sessioninfo id="ASRHQra0043-a4613293" start="1651136254761" dump="1651136262256"/><sessioninfo id="ASRHQra0043-c997b4bf" start="1651136501421" dump="1651136504615"/><sessioninfo id="ASRHQra0043-3d5bb1af" start="1651136768608" dump="1651136776612"/><sessioninfo id="ASRHQra0043-d4470a1" start="1651137206332" dump="1651137215892"/><sessioninfo id="ASRHQra0043-d5526ce9" start="1651138414221" dump="1651138421814"/><sessioninfo id="ASRHQra0043-a12b61da" start="1651138913190" dump="1651138921670"/><sessioninfo id="ASRHQra0043-d721296c" start="1651225410514" dump="1651225418170"/><sessioninfo id="ASRHQra0043-2701ebaa" start="1651225540493" dump="1651225547981"/><sessioninfo id="ASRHQra0043-47a19f16" start="1651226045797" dump="1651226054651"/><sessioninfo id="ASRHQra0043-746591da" start="1651628714720" dump="1651628722259"/><sessioninfo id="ASRHQra0043-c4c2a17e" start="1652924717806" dump="1652924726154"/><sessioninfo id="ASRHQra0043-fd301331" start="1652927270071" dump="1652927277036"/><sessioninfo id="ASRHQra0043-f90c01bb" start="1654244043079" dump="1654244051925"/><sessioninfo id="ASRHQra0043-1be50641" start="1655277920568" dump="1655277927876"/><sessioninfo id="ASRHQra0043-57611185" start="1655872353585" dump="1655872362910"/><sessioninfo id="ASRHQra0043-bb820195" start="1655881947741" dump="1655881956536"/><sessioninfo id="ASRHQra0043-795b378b" start="1657184271830" dump="1657184284150"/><sessioninfo id="ASRHQra0043-a32de450" start="1657185770695" dump="1657185783051"/><sessioninfo id="ASRHQra0043-c68b48c1" start="1657185849006" dump="1657185864617"/><sessioninfo id="ASRHQra0043-3014e9da" start="1657185902459" dump="1657185920722"/><sessioninfo id="ASRHQra0043-892d6d52" start="1657185928388" dump="1657185945536"/><sessioninfo id="ASRHQra0043-d58ea0ae" start="1657186004658" dump="1657186011503"/><sessioninfo id="ASRHQra0043-220518d3" start="1657186018502" dump="1657186027758"/><sessioninfo id="ASRHQra0043-3cdd211b" start="1657243213826" dump="1657243225189"/><sessioninfo id="ASRHQra0043-a6171baa" start="1657243253713" dump="1657243255208"/><sessioninfo id="ASRHQra0043-24fc8c17" start="1660273944933" dump="1660273955379"/><sessioninfo id="ASRHQra0043-b50f9076" start="1660275039617" dump="1660275049424"/><sessioninfo id="ASRHQra0043-3a917e2b" start="1660547559691" dump="1660547569773"/><sessioninfo id="ASRHQra0043-b9ad6c09" start="1663220096666" dump="1663220106107"/><sessioninfo id="ASRHQra0043-e00dbe96" start="1663224206388" dump="1663224217921"/><sessioninfo id="ASRHQra0043-b13fe34f" start="1663230175567" dump="1663230180330"/><sessioninfo id="ASRHQra0043-4ce78bae" start="1663230610269" dump="1663230615837"/><sessioninfo id="ASRHQra0043-df95a98d" start="1663234545097" dump="1663234560088"/><sessioninfo id="ASRHQra0043-2e120d2b" start="1663291552813" dump="1663291572431"/><sessioninfo id="ASRHQra0043-a8f11b03" start="1663294241387" dump="1663294258867"/><sessioninfo id="ASRHQra0043-1ac4532f" start="1663296688952" dump="1663296700516"/><sessioninfo id="ASRHQra0043-dd695e30" start="1663306318867" dump="1663306329038"/><sessioninfo id="ASRHQra0043-d25f8f78" start="1663308394648" dump="1663308406487"/><sessioninfo id="ASRHQra0043-7d3a1845" start="1663309955467" dump="1663309965146"/><sessioninfo id="ASRHQra0043-83c8e937" start="1664245930073" dump="1664245941493"/><sessioninfo id="ASRHQra0043-effa792f" start="1664246376671" dump="1664246379896"/><sessioninfo id="ASRHQra0043-174a5389" start="1664246427990" dump="1664246429182"/><sessioninfo id="ASRHQra0043-a48267ed" start="1664247768815" dump="1664247778535"/><sessioninfo id="ASRHQra0043-627419d6" start="1665466694157" dump="1665466705504"/><sessioninfo id="ASRHQra0043-12f5150" start="1665466804983" dump="1665466813460"/><sessioninfo id="ASRHQra0043-9d9a4467" start="1665467116221" dump="1665467124813"/><sessioninfo id="ASRHQra0043-a5865a10" start="1665467185263" dump="1665467193530"/><sessioninfo id="ASRHQra0043-3f2f483e" start="1665467291415" dump="1665467300401"/><sessioninfo id="ASRHQra0043-f1167f86" start="1665478544019" dump="1665478554148"/><sessioninfo id="ASRHQra0043-4a16fa7" start="1665643050715" dump="1665643061056"/><sessioninfo id="ASRHQra0043-e34f7e4e" start="1665647726859" dump="1665647736065"/><sessioninfo id="ASRHQra0043-b0e2cfc7" start="1665650370868" dump="1665650384328"/><sessioninfo id="ASRHQra0043-3c6f963a" start="1665724412105" dump="1665724422653"/><sessioninfo id="ASRHQra0043-7b3b0aec" start="1665725202255" dump="1665725215593"/><sessioninfo id="ASRHQra0043-eb24587a" start="1665739669685" dump="1665739679377"/><sessioninfo id="ASRHQra0043-e94569bd" start="1665995543554" dump="1665995555391"/><sessioninfo id="ASRHQra0043-3ef52a7d" start="1666060385144" dump="1666060397198"/><sessioninfo id="ASRHQra0043-a3c079b7" start="1666168988194" dump="1666168999855"/><sessioninfo id="ASRHQra0043-c323f3b4" start="1666935793624" dump="1666935797676"/><sessioninfo id="ASRHQra0043-d056fc0d" start="1666945117434" dump="1666945126444"/><sessioninfo id="ASRHQra0043-72dca32c" start="1667188492522" dump="1667188504165"/><sessioninfo id="ASRHQra0043-3b66fe73" start="1667376798591" dump="1667376808884"/><sessioninfo id="ASRHQra0043-58b92616" start="1668737538798" dump="1668737550853"/><sessioninfo id="ASRHQra0043-a1c15aa7" start="1668738083904" dump="1668738095766"/><sessioninfo id="ASRHQra0043-5be96f4a" start="1668742271093" dump="1668742282342"/><sessioninfo id="ASRHQra0043-4dee2cb7" start="1668755342072" dump="1668755355278"/><sessioninfo id="ASRHQra0043-872a5721" start="1671072964469" dump="1671072976769"/><sessioninfo id="ASRHQra0043-4d185dd0" start="1671075718638" dump="1671075732437"/><sessioninfo id="ASRHQra0043-d4312108" start="1671087209529" dump="1671087223177"/><sessioninfo id="ASRHQra0043-b6688289" start="1672195255072" dump="1672195255099"/><sessioninfo id="ASRHQra0043-a156b50a" start="1672208810557" dump="1672208821449"/><sessioninfo id="ASRHQra0043-fadb57d0" start="1672211246078" dump="1672211257625"/><sessioninfo id="ASRHQra0043-df5ecb5d" start="1672901047120" dump="1672901055987"/><sessioninfo id="ASRHQra0043-fa2e8baa" start="1672902174947" dump="1672902184874"/><sessioninfo id="ASRHQra0043-6a7494a7" start="1672902174408" dump="1672902184874"/><sessioninfo id="unknownhost-84cb04b3" start="1672902187859" dump="1672902308603"/><package name="com/rakuten/gap/ads/mission_ui/ui/reward/helpers"><class name="com/rakuten/gap/ads/mission_ui/ui/reward/helpers/BadgeView$Companion" sourcefilename="BadgeView.kt"/><class name="com/rakuten/gap/ads/mission_ui/ui/reward/helpers/BadgePosition" sourcefilename="BadgePosition.kt"><method name="&lt;clinit&gt;" desc="()V" line="7"><counter type="INSTRUCTION" missed="0" covered="33"/><counter type="LINE" missed="0" covered="1"/><counter type="COMPLEXITY" missed="0" covered="1"/><counter type="METHOD" missed="0" covered="1"/></method><counter type="INSTRUCTION" missed="0" covered="33"/><counter type="LINE" missed="0" covered="1"/><counter type="COMPLEXITY" missed="0" covered="1"/><counter type="METHOD" missed="0" covered="1"/><counter type="CLASS" missed="0" covered="1"/></class><class name="com/rakuten/gap/ads/mission_ui/ui/reward/helpers/RewardButtonStyle" sourcefilename="RewardButtonStyle.kt"><method name="&lt;clinit&gt;" desc="()V" line="7"><counter type="INSTRUCTION" missed="0" covered="15"/><counter type="LINE" missed="0" covered="1"/><counter type="COMPLEXITY" missed="0" covered="1"/><counter type="METHOD" missed="0" covered="1"/></method><counter type="INSTRUCTION" missed="0" covered="15"/><counter type="LINE" missed="0" covered="1"/><counter type="COMPLEXITY" missed="0" covered="1"/><counter type="METHOD" missed="0" covered="1"/><counter type="CLASS" missed="0" covered="1"/></class><class name="com/rakuten/gap/ads/mission_ui/ui/reward/helpers/BadgeView" sourcefilename="BadgeView.kt"><method name="&lt;init&gt;" desc="(Landroid/content/Context;Landroid/util/AttributeSet;)V" line="22"><counter type="INSTRUCTION" missed="0" covered="11"/><counter type="LINE" missed="0" covered="1"/><counter type="COMPLEXITY" missed="0" covered="1"/><counter type="METHOD" missed="0" covered="1"/></method><method name="show" desc="()V" line="71"><counter type="INSTRUCTION" missed="5" covered="0"/><counter type="LINE" missed="2" covered="0"/><counter type="COMPLEXITY" missed="1" covered="0"/><counter type="METHOD" missed="1" covered="0"/></method><method name="show" desc="(Landroid/view/animation/Animation;)V" line="75"><counter type="INSTRUCTION" missed="0" covered="5"/><counter type="LINE" missed="0" covered="2"/><counter type="COMPLEXITY" missed="0" covered="1"/><counter type="METHOD" missed="0" covered="1"/></method><method name="show" desc="(ZLandroid/view/animation/Animation;)V" line="83"><counter type="INSTRUCTION" missed="0" covered="29"/><counter type="BRANCH" missed="2" covered="4"/><counter type="LINE" missed="0" covered="10"/><counter type="COMPLEXITY" missed="2" covered="2"/><counter type="METHOD" missed="0" covered="1"/></method><method name="getDefaultBackground" desc="()Landroid/graphics/drawable/ShapeDrawable;" line="99"><counter type="INSTRUCTION" missed="0" covered="75"/><counter type="LINE" missed="0" covered="18"/><counter type="COMPLEXITY" missed="0" covered="1"/><counter type="METHOD" missed="0" covered="1"/></method><method name="hide" desc="()V" line="176"><counter type="INSTRUCTION" missed="0" covered="16"/><counter type="LINE" missed="0" covered="6"/><counter type="COMPLEXITY" missed="0" covered="1"/><counter type="METHOD" missed="0" covered="1"/></method><method name="isShown" desc="()Z" line="188"><counter type="INSTRUCTION" missed="0" covered="3"/><counter type="LINE" missed="0" covered="1"/><counter type="COMPLEXITY" missed="0" covered="1"/><counter type="METHOD" missed="0" covered="1"/></method><method name="setBadgePosition" desc="(Lcom/rakuten/gap/ads/mission_ui/ui/reward/helpers/BadgePosition;)V" line="192"><counter type="INSTRUCTION" missed="0" covered="4"/><counter type="LINE" missed="0" covered="2"/><counter type="COMPLEXITY" missed="0" covered="1"/><counter type="METHOD" missed="0" covered="1"/></method><method name="setBadgeMargin" desc="(II)V" line="196"><counter type="INSTRUCTION" missed="0" covered="7"/><counter type="LINE" missed="0" covered="3"/><counter type="COMPLEXITY" missed="0" covered="1"/><counter type="METHOD" missed="0" covered="1"/></method><method name="setCount" desc="(I)V" line="201"><counter type="INSTRUCTION" missed="2" covered="11"/><counter type="BRANCH" missed="1" covered="1"/><counter type="LINE" missed="0" covered="4"/><counter type="COMPLEXITY" missed="1" covered="1"/><counter type="METHOD" missed="0" covered="1"/></method><counter type="INSTRUCTION" missed="7" covered="161"/><counter type="BRANCH" missed="3" covered="5"/><counter type="LINE" missed="2" covered="47"/><counter type="COMPLEXITY" missed="4" covered="10"/><counter type="METHOD" missed="1" covered="9"/><counter type="CLASS" missed="0" covered="1"/></class><sourcefile name="BadgePosition.kt"><line nr="7" mi="0" ci="33" mb="0" cb="0"/><counter type="INSTRUCTION" missed="0" covered="33"/><counter type="LINE" missed="0" covered="1"/><counter type="COMPLEXITY" missed="0" covered="1"/><counter type="METHOD" missed="0" covered="1"/><counter type="CLASS" missed="0" covered="1"/></sourcefile><sourcefile name="RewardButtonStyle.kt"><line nr="7" mi="0" ci="15" mb="0" cb="0"/><counter type="INSTRUCTION" missed="0" covered="15"/><counter type="LINE" missed="0" covered="1"/><counter type="COMPLEXITY" missed="0" covered="1"/><counter type="METHOD" missed="0" covered="1"/><counter type="CLASS" missed="0" covered="1"/></sourcefile><sourcefile name="BadgeView.kt"><line nr="22" mi="0" ci="5" mb="0" cb="0"/><line nr="71" mi="4" ci="0" mb="0" cb="0"/><line nr="72" mi="1" ci="0" mb="0" cb="0"/><line nr="75" mi="0" ci="4" mb="0" cb="0"/><line nr="76" mi="0" ci="1" mb="0" cb="0"/><line nr="83" mi="0" ci="3" mb="0" cb="2"/><line nr="84" mi="0" ci="3" mb="1" cb="1"/><line nr="85" mi="0" ci="4" mb="0" cb="0"/><line nr="87" mi="0" ci="5" mb="0" cb="0"/><line nr="89" mi="0" ci="2" mb="0" cb="0"/><line nr="90" mi="0" ci="2" mb="1" cb="1"/><line nr="91" mi="0" ci="3" mb="0" cb="0"/><line nr="93" mi="0" ci="3" mb="0" cb="0"/><line nr="94" mi="0" ci="3" mb="0" cb="0"/><line nr="95" mi="0" ci="1" mb="0" cb="0"/><line nr="99" mi="0" ci="2" mb="0" cb="0"/><line nr="100" mi="0" ci="7" mb="0" cb="0"/><line nr="101" mi="0" ci="1" mb="0" cb="0"/><line nr="103" mi="0" ci="1" mb="0" cb="0"/><line nr="104" mi="0" ci="23" mb="0" cb="0"/><line nr="105" mi="0" ci="3" mb="0" cb="0"/><line nr="106" mi="0" ci="3" mb="0" cb="0"/><line nr="107" mi="0" ci="3" mb="0" cb="0"/><line nr="108" mi="0" ci="3" mb="0" cb="0"/><line nr="109" mi="0" ci="3" mb="0" cb="0"/><line nr="110" mi="0" ci="3" mb="0" cb="0"/><line nr="111" mi="0" ci="3" mb="0" cb="0"/><line nr="113" mi="0" ci="1" mb="0" cb="0"/><line nr="114" mi="0" ci="6" mb="0" cb="0"/><line nr="115" mi="0" ci="1" mb="0" cb="0"/><line nr="116" mi="0" ci="5" mb="0" cb="0"/><line nr="117" mi="0" ci="5" mb="0" cb="0"/><line nr="118" mi="0" ci="2" mb="0" cb="0"/><line nr="176" mi="0" ci="3" mb="0" cb="0"/><line nr="177" mi="0" ci="3" mb="0" cb="0"/><line nr="178" mi="0" ci="3" mb="0" cb="0"/><line nr="179" mi="0" ci="3" mb="0" cb="0"/><line nr="180" mi="0" ci="3" mb="0" cb="0"/><line nr="181" mi="0" ci="1" mb="0" cb="0"/><line nr="188" mi="0" ci="3" mb="0" cb="0"/><line nr="192" mi="0" ci="3" mb="0" cb="0"/><line nr="193" mi="0" ci="1" mb="0" cb="0"/><line nr="196" mi="0" ci="3" mb="0" cb="0"/><line nr="197" mi="0" ci="3" mb="0" cb="0"/><line nr="198" mi="0" ci="1" mb="0" cb="0"/><line nr="201" mi="0" ci="1" mb="0" cb="0"/><line nr="202" mi="2" ci="5" mb="1" cb="1"/><line nr="203" mi="0" ci="4" mb="0" cb="0"/><line nr="204" mi="0" ci="1" mb="0" cb="0"/><counter type="INSTRUCTION" missed="7" covered="161"/><counter type="BRANCH" missed="3" covered="5"/><counter type="LINE" missed="2" covered="47"/><counter type="COMPLEXITY" missed="4" covered="10"/><counter type="METHOD" missed="1" covered="9"/><counter type="CLASS" missed="0" covered="1"/></sourcefile><counter type="INSTRUCTION" missed="7" covered="209"/><counter type="BRANCH" missed="3" covered="5"/><counter type="LINE" missed="2" covered="49"/><counter type="COMPLEXITY" missed="4" covered="12"/><counter type="METHOD" missed="1" covered="11"/><counter type="CLASS" missed="0" covered="3"/></package><package name="com/rakuten/gap/ads/mission_ui/ui/fragment/tab"><class name="com/rakuten/gap/ads/mission_ui/ui/fragment/tab/RakutenRewardMoreFragment$itemList$2" sourcefilename="RakutenRewardMoreFragment.kt"><method name="invoke" desc="()Ljava/util/List;" line="37"><counter type="INSTRUCTION" missed="0" covered="37"/><counter type="BRANCH" missed="0" covered="2"/><counter type="LINE" missed="0" covered="9"/><counter type="COMPLEXITY" missed="0" covered="2"/><counter type="METHOD" missed="0" covered="1"/></method><counter type="INSTRUCTION" missed="0" covered="37"/><counter type="BRANCH" missed="0" covered="2"/><counter type="LINE" missed="0" covered="9"/><counter type="COMPLEXITY" missed="0" covered="2"/><counter type="METHOD" missed="0" covered="1"/><counter type="CLASS" missed="0" covered="1"/></class><class name="com/rakuten/gap/ads/mission_ui/ui/fragment/tab/RakutenRewardMissionFragment$onViewCreated$$inlined$observe$1" sourcefilename="LiveData.kt"><method name="onChanged" desc="(Ljava/lang/Object;)V" line="47"><counter type="INSTRUCTION" missed="0" covered="5"/><counter type="LINE" missed="0" covered="1"/><counter type="COMPLEXITY" missed="0" covered="1"/><counter type="METHOD" missed="0" covered="1"/></method><counter type="INSTRUCTION" missed="0" covered="5"/><counter type="LINE" missed="0" covered="1"/><counter type="COMPLEXITY" missed="0" covered="1"/><counter type="METHOD" missed="0" covered="1"/><counter type="CLASS" missed="0" covered="1"/></class><class name="com/rakuten/gap/ads/mission_ui/ui/fragment/tab/RakutenRewardPoikatsuFragment" sourcefilename="RakutenRewardPoikatsuFragment.kt"><method name="&lt;init&gt;" desc="()V" line="23"><counter type="INSTRUCTION" missed="0" covered="3"/><counter type="LINE" missed="0" covered="1"/><counter type="COMPLEXITY" missed="0" covered="1"/><counter type="METHOD" missed="0" covered="1"/></method><method name="onCreateView" desc="(Landroid/view/LayoutInflater;Landroid/view/ViewGroup;Landroid/os/Bundle;)Landroid/view/View;" line="36"><counter type="INSTRUCTION" missed="4" covered="29"/><counter type="BRANCH" missed="1" covered="1"/><counter type="LINE" missed="0" covered="3"/><counter type="COMPLEXITY" missed="1" covered="1"/><counter type="METHOD" missed="0" covered="1"/></method><method name="onViewCreated" desc="(Landroid/view/View;Landroid/os/Bundle;)V" line="42"><counter type="INSTRUCTION" missed="0" covered="10"/><counter type="LINE" missed="0" covered="3"/><counter type="COMPLEXITY" missed="0" covered="1"/><counter type="METHOD" missed="0" covered="1"/></method><method name="loadPage" desc="()V" line="47"><counter type="INSTRUCTION" missed="4" covered="31"/><counter type="BRANCH" missed="2" covered="2"/><counter type="LINE" missed="0" covered="7"/><counter type="COMPLEXITY" missed="2" covered="1"/><counter type="METHOD" missed="0" covered="1"/></method><method name="setupWebView" desc="()V" line="57"><counter type="INSTRUCTION" missed="8" covered="35"/><counter type="BRANCH" missed="2" covered="2"/><counter type="LINE" missed="0" covered="4"/><counter type="COMPLEXITY" missed="2" covered="1"/><counter type="METHOD" missed="0" covered="1"/></method><counter type="INSTRUCTION" missed="16" covered="108"/><counter type="BRANCH" missed="5" covered="5"/><counter type="LINE" missed="0" covered="18"/><counter type="COMPLEXITY" missed="5" covered="5"/><counter type="METHOD" missed="0" covered="5"/><counter type="CLASS" missed="0" covered="1"/></class><class name="com/rakuten/gap/ads/mission_ui/ui/fragment/tab/RakutenRewardMoreFragment$onCreateView$1" sourcefilename="RakutenRewardMoreFragment.kt"><method name="invoke" desc="(Lcom/rakuten/gap/ads/mission_ui/ui/adapter/item/MoreItem;)V" line="64"><counter type="INSTRUCTION" missed="0" covered="8"/><counter type="LINE" missed="0" covered="1"/><counter type="COMPLEXITY" missed="0" covered="1"/><counter type="METHOD" missed="0" covered="1"/></method><counter type="INSTRUCTION" missed="0" covered="8"/><counter type="LINE" missed="0" covered="1"/><counter type="COMPLEXITY" missed="0" covered="1"/><counter type="METHOD" missed="0" covered="1"/><counter type="CLASS" missed="0" covered="1"/></class><class name="com/rakuten/gap/ads/mission_ui/ui/fragment/tab/RakutenRewardPoikatsuFragment$setupWebView$1" sourcefilename="RakutenRewardPoikatsuFragment.kt"><method name="&lt;init&gt;" desc="(Lcom/rakuten/gap/ads/mission_ui/ui/fragment/tab/RakutenRewardPoikatsuFragment;)V" line="57"><counter type="INSTRUCTION" missed="0" covered="6"/><counter type="LINE" missed="0" covered="1"/><counter type="COMPLEXITY" missed="0" covered="1"/><counter type="METHOD" missed="0" covered="1"/></method><method name="onProgressChanged" desc="(Landroid/webkit/WebView;I)V" line="59"><counter type="INSTRUCTION" missed="4" covered="15"/><counter type="BRANCH" missed="1" covered="1"/><counter type="LINE" missed="0" covered="3"/><counter type="COMPLEXITY" missed="1" covered="1"/><counter type="METHOD" missed="0" covered="1"/></method><counter type="INSTRUCTION" missed="4" covered="21"/><counter type="BRANCH" missed="1" covered="1"/><counter type="LINE" missed="0" covered="4"/><counter type="COMPLEXITY" missed="1" covered="2"/><counter type="METHOD" missed="0" covered="2"/><counter type="CLASS" missed="0" covered="1"/></class><class name="com/rakuten/gap/ads/mission_ui/ui/fragment/tab/RakutenRewardUnclaimFragment$onViewCreated$$inlined$observe$1" sourcefilename="LiveData.kt"><method name="onChanged" desc="(Ljava/lang/Object;)V" line="47"><counter type="INSTRUCTION" missed="0" covered="5"/><counter type="LINE" missed="0" covered="1"/><counter type="COMPLEXITY" missed="0" covered="1"/><counter type="METHOD" missed="0" covered="1"/></method><counter type="INSTRUCTION" missed="0" covered="5"/><counter type="LINE" missed="0" covered="1"/><counter type="COMPLEXITY" missed="0" covered="1"/><counter type="METHOD" missed="0" covered="1"/><counter type="CLASS" missed="0" covered="1"/></class><class name="com/rakuten/gap/ads/mission_ui/ui/fragment/tab/RakutenRewardUnclaimFragment$portalViewModel$2" sourcefilename="RakutenRewardUnclaimFragment.kt"><method name="invoke" desc="()Lcom/rakuten/gap/ads/mission_ui/viewmodel/RewardSDKPortalViewModel;" line="25"><counter type="INSTRUCTION" missed="0" covered="9"/><counter type="LINE" missed="0" covered="1"/><counter type="COMPLEXITY" missed="0" covered="1"/><counter type="METHOD" missed="0" covered="1"/></method><counter type="INSTRUCTION" missed="0" covered="9"/><counter type="LINE" missed="0" covered="1"/><counter type="COMPLEXITY" missed="0" covered="1"/><counter type="METHOD" missed="0" covered="1"/><counter type="CLASS" missed="0" covered="1"/></class><class name="com/rakuten/gap/ads/mission_ui/ui/fragment/tab/RakutenRewardHomeFragment$special$$inlined$viewModels$default$1" sourcefilename="FragmentViewModelLazy.kt"><method name="invoke" desc="()Landroidx/fragment/app/Fragment;" line="56"><counter type="INSTRUCTION" missed="0" covered="3"/><counter type="LINE" missed="0" covered="1"/><counter type="COMPLEXITY" missed="0" covered="1"/><counter type="METHOD" missed="0" covered="1"/></method><counter type="INSTRUCTION" missed="0" covered="3"/><counter type="LINE" missed="0" covered="1"/><counter type="COMPLEXITY" missed="0" covered="1"/><counter type="METHOD" missed="0" covered="1"/><counter type="CLASS" missed="0" covered="1"/></class><class name="com/rakuten/gap/ads/mission_ui/ui/fragment/tab/RakutenRewardHomeFragment$special$$inlined$viewModels$default$2" sourcefilename="FragmentViewModelLazy.kt"><method name="invoke" desc="()Landroidx/lifecycle/ViewModelStore;" line="58"><counter type="INSTRUCTION" missed="0" covered="9"/><counter type="LINE" missed="0" covered="1"/><counter type="COMPLEXITY" missed="0" covered="1"/><counter type="METHOD" missed="0" covered="1"/></method><counter type="INSTRUCTION" missed="0" covered="9"/><counter type="LINE" missed="0" covered="1"/><counter type="COMPLEXITY" missed="0" covered="1"/><counter type="METHOD" missed="0" covered="1"/><counter type="CLASS" missed="0" covered="1"/></class><class name="com/rakuten/gap/ads/mission_ui/ui/fragment/tab/RakutenRewardPoikatsuFragment$PoikatsuWebViewClient" sourcefilename="RakutenRewardPoikatsuFragment.kt"><method name="&lt;init&gt;" desc="(Lcom/rakuten/gap/ads/mission_ui/ui/fragment/tab/RakutenRewardPoikatsuFragment;Ljava/lang/String;Landroid/content/Context;)V" line="68"><counter type="INSTRUCTION" missed="0" covered="17"/><counter type="LINE" missed="0" covered="2"/><counter type="COMPLEXITY" missed="0" covered="1"/><counter type="METHOD" missed="0" covered="1"/></method><method name="onPageStarted" desc="(Landroid/webkit/WebView;Ljava/lang/String;Landroid/graphics/Bitmap;)V" line="71"><counter type="INSTRUCTION" missed="8" covered="26"/><counter type="BRANCH" missed="2" covered="2"/><counter type="LINE" missed="0" covered="4"/><counter type="COMPLEXITY" missed="2" covered="1"/><counter type="METHOD" missed="0" covered="1"/></method><method name="onPageFinished" desc="(Landroid/webkit/WebView;Ljava/lang/String;)V" line="77"><counter type="INSTRUCTION" missed="4" covered="17"/><counter type="BRANCH" missed="1" covered="1"/><counter type="LINE" missed="0" covered="4"/><counter type="COMPLEXITY" missed="1" covered="1"/><counter type="METHOD" missed="0" covered="1"/></method><method name="onReceivedError" desc="(Landroid/webkit/WebView;Landroid/webkit/WebResourceRequest;Landroid/webkit/WebResourceError;)V" line="87"><counter type="INSTRUCTION" missed="4" covered="18"/><counter type="BRANCH" missed="1" covered="1"/><counter type="LINE" missed="0" covered="4"/><counter type="COMPLEXITY" missed="1" covered="1"/><counter type="METHOD" missed="0" covered="1"/></method><method name="onReceivedError" desc="(Landroid/webkit/WebView;ILjava/lang/String;Ljava/lang/String;)V" line="99"><counter type="INSTRUCTION" missed="4" covered="19"/><counter type="BRANCH" missed="1" covered="1"/><counter type="LINE" missed="0" covered="4"/><counter type="COMPLEXITY" missed="1" covered="1"/><counter type="METHOD" missed="0" covered="1"/></method><counter type="INSTRUCTION" missed="20" covered="97"/><counter type="BRANCH" missed="5" covered="5"/><counter type="LINE" missed="0" covered="18"/><counter type="COMPLEXITY" missed="5" covered="5"/><counter type="METHOD" missed="0" covered="5"/><counter type="CLASS" missed="0" covered="1"/></class><class name="com/rakuten/gap/ads/mission_ui/ui/fragment/tab/RakutenRewardHomeFragment" sourcefilename="RakutenRewardHomeFragment.kt"><method name="&lt;init&gt;" desc="()V" line="21"><counter type="INSTRUCTION" missed="0" covered="8"/><counter type="LINE" missed="0" covered="2"/><counter type="COMPLEXITY" missed="0" covered="1"/><counter type="METHOD" missed="0" covered="1"/></method><method name="getAdViewModel" desc="()Lcom/rakuten/gap/ads/mission_ui/viewmodel/HomeViewModel;" line="24"><counter type="INSTRUCTION" missed="0" covered="11"/><counter type="LINE" missed="0" covered="1"/><counter type="COMPLEXITY" missed="0" covered="1"/><counter type="METHOD" missed="0" covered="1"/></method><method name="onCreateView" desc="(Landroid/view/LayoutInflater;Landroid/view/ViewGroup;Landroid/os/Bundle;)Landroid/view/View;" line="31"><counter type="INSTRUCTION" missed="4" covered="25"/><counter type="BRANCH" missed="1" covered="1"/><counter type="LINE" missed="0" covered="2"/><counter type="COMPLEXITY" missed="1" covered="1"/><counter type="METHOD" missed="0" covered="1"/></method><method name="onViewCreated" desc="(Landroid/view/View;Landroid/os/Bundle;)V" line="36"><counter type="INSTRUCTION" missed="0" covered="13"/><counter type="LINE" missed="0" covered="4"/><counter type="COMPLEXITY" missed="0" covered="1"/><counter type="METHOD" missed="0" covered="1"/></method><method name="setObservers" desc="()V" line="42"><counter type="INSTRUCTION" missed="0" covered="9"/><counter type="LINE" missed="0" covered="2"/><counter type="COMPLEXITY" missed="0" covered="1"/><counter type="METHOD" missed="0" covered="1"/></method><method name="loadWebView" desc="(Ljava/lang/String;)V" line="48"><counter type="INSTRUCTION" missed="8" covered="62"/><counter type="BRANCH" missed="2" covered="2"/><counter type="LINE" missed="0" covered="10"/><counter type="COMPLEXITY" missed="2" covered="1"/><counter type="METHOD" missed="0" covered="1"/></method><method name="setObservers$lambda-0" desc="(Lcom/rakuten/gap/ads/mission_ui/ui/fragment/tab/RakutenRewardHomeFragment;Ljava/lang/String;)V" line="43"><counter type="INSTRUCTION" missed="0" covered="10"/><counter type="LINE" missed="0" covered="2"/><counter type="COMPLEXITY" missed="0" covered="1"/><counter type="METHOD" missed="0" covered="1"/></method><counter type="INSTRUCTION" missed="12" covered="138"/><counter type="BRANCH" missed="3" covered="3"/><counter type="LINE" missed="0" covered="22"/><counter type="COMPLEXITY" missed="3" covered="7"/><counter type="METHOD" missed="0" covered="7"/><counter type="CLASS" missed="0" covered="1"/></class><class name="com/rakuten/gap/ads/mission_ui/ui/fragment/tab/RakutenRewardPoikatsuFragment$Companion" sourcefilename="RakutenRewardPoikatsuFragment.kt"/><class name="com/rakuten/gap/ads/mission_ui/ui/fragment/tab/RakutenRewardUnclaimFragment" sourcefilename="RakutenRewardUnclaimFragment.kt"><method name="&lt;init&gt;" desc="()V" line="15"><counter type="INSTRUCTION" missed="0" covered="11"/><counter type="LINE" missed="0" covered="2"/><counter type="COMPLEXITY" missed="0" covered="1"/><counter type="METHOD" missed="0" covered="1"/></method><method name="getPortalViewModel" desc="()Lcom/rakuten/gap/ads/mission_ui/viewmodel/RewardSDKPortalViewModel;" line="24"><counter type="INSTRUCTION" missed="0" covered="11"/><counter type="LINE" missed="0" covered="1"/><counter type="COMPLEXITY" missed="0" covered="1"/><counter type="METHOD" missed="0" covered="1"/></method><method name="onCreateView" desc="(Landroid/view/LayoutInflater;Landroid/view/ViewGroup;Landroid/os/Bundle;)Landroid/view/View;" line="35"><counter type="INSTRUCTION" missed="24" covered="80"/><counter type="BRANCH" missed="6" covered="6"/><counter type="LINE" missed="0" covered="10"/><counter type="COMPLEXITY" missed="6" covered="1"/><counter type="METHOD" missed="0" covered="1"/></method><method name="onViewCreated" desc="(Landroid/view/View;Landroid/os/Bundle;)V" line="50"><counter type="INSTRUCTION" missed="0" covered="23"/><counter type="LINE" missed="0" covered="3"/><counter type="COMPLEXITY" missed="0" covered="1"/><counter type="METHOD" missed="0" covered="1"/></method><counter type="INSTRUCTION" missed="24" covered="125"/><counter type="BRANCH" missed="6" covered="6"/><counter type="LINE" missed="0" covered="15"/><counter type="COMPLEXITY" missed="6" covered="4"/><counter type="METHOD" missed="0" covered="4"/><counter type="CLASS" missed="0" covered="1"/></class><class name="com/rakuten/gap/ads/mission_ui/ui/fragment/tab/RakutenRewardMoreFragment$Companion" sourcefilename="RakutenRewardMoreFragment.kt"/><class name="com/rakuten/gap/ads/mission_ui/ui/fragment/tab/RakutenRewardMoreFragment" sourcefilename="RakutenRewardMoreFragment.kt"><method name="&lt;init&gt;" desc="()V" line="31"><counter type="INSTRUCTION" missed="0" covered="8"/><counter type="LINE" missed="0" covered="2"/><counter type="COMPLEXITY" missed="0" covered="1"/><counter type="METHOD" missed="0" covered="1"/></method><method name="getItemList" desc="()Ljava/util/List;" line="36"><counter type="INSTRUCTION" missed="0" covered="11"/><counter type="LINE" missed="0" covered="1"/><counter type="COMPLEXITY" missed="0" covered="1"/><counter type="METHOD" missed="0" covered="1"/></method><method name="onCreateView" desc="(Landroid/view/LayoutInflater;Landroid/view/ViewGroup;Landroid/os/Bundle;)Landroid/view/View;" line="61"><counter type="INSTRUCTION" missed="12" covered="59"/><counter type="BRANCH" missed="3" covered="3"/><counter type="LINE" missed="0" covered="8"/><counter type="COMPLEXITY" missed="3" covered="1"/><counter type="METHOD" missed="0" covered="1"/></method><method name="onDestroy" desc="()V" line="75"><counter type="INSTRUCTION" missed="0" covered="6"/><counter type="LINE" missed="0" covered="3"/><counter type="COMPLEXITY" missed="0" covered="1"/><counter type="METHOD" missed="0" covered="1"/></method><method name="handleItemClick" desc="(Lcom/rakuten/gap/ads/mission_ui/ui/adapter/item/MoreItem;)V" line="80"><counter type="INSTRUCTION" missed="0" covered="27"/><counter type="BRANCH" missed="1" covered="6"/><counter type="LINE" missed="0" covered="8"/><counter type="COMPLEXITY" missed="1" covered="6"/><counter type="METHOD" missed="0" covered="1"/></method><method name="openPointHistory" desc="()V" line="92"><counter type="INSTRUCTION" missed="0" covered="10"/><counter type="LINE" missed="0" covered="4"/><counter type="COMPLEXITY" missed="0" covered="1"/><counter type="METHOD" missed="0" covered="1"/></method><method name="openSetting" desc="()V" line="99"><counter type="INSTRUCTION" missed="0" covered="10"/><counter type="LINE" missed="0" covered="4"/><counter type="COMPLEXITY" missed="0" covered="1"/><counter type="METHOD" missed="0" covered="1"/></method><method name="openTCPage" desc="()V" line="108"><counter type="INSTRUCTION" missed="0" covered="12"/><counter type="LINE" missed="0" covered="2"/><counter type="COMPLEXITY" missed="0" covered="1"/><counter type="METHOD" missed="0" covered="1"/></method><method name="openPrivacyPage" desc="()V" line="112"><counter type="INSTRUCTION" missed="0" covered="12"/><counter type="LINE" missed="0" covered="2"/><counter type="COMPLEXITY" missed="0" covered="1"/><counter type="METHOD" missed="0" covered="1"/></method><method name="openHelpPage" desc="()V" line="116"><counter type="INSTRUCTION" missed="0" covered="12"/><counter type="LINE" missed="0" covered="2"/><counter type="COMPLEXITY" missed="0" covered="1"/><counter type="METHOD" missed="0" covered="1"/></method><method name="logout" desc="()V" line="120"><counter type="INSTRUCTION" missed="1" covered="27"/><counter type="BRANCH" missed="1" covered="1"/><counter type="LINE" missed="0" covered="6"/><counter type="COMPLEXITY" missed="1" covered="1"/><counter type="METHOD" missed="0" covered="1"/></method><counter type="INSTRUCTION" missed="13" covered="194"/><counter type="BRANCH" missed="5" covered="10"/><counter type="LINE" missed="0" covered="41"/><counter type="COMPLEXITY" missed="5" covered="16"/><counter type="METHOD" missed="0" covered="11"/><counter type="CLASS" missed="0" covered="1"/></class><class name="com/rakuten/gap/ads/mission_ui/ui/fragment/tab/RakutenRewardMissionFragment$special$$inlined$viewModels$default$2" sourcefilename="FragmentViewModelLazy.kt"><method name="invoke" desc="()Landroidx/lifecycle/ViewModelStore;" line="58"><counter type="INSTRUCTION" missed="0" covered="9"/><counter type="LINE" missed="0" covered="1"/><counter type="COMPLEXITY" missed="0" covered="1"/><counter type="METHOD" missed="0" covered="1"/></method><counter type="INSTRUCTION" missed="0" covered="9"/><counter type="LINE" missed="0" covered="1"/><counter type="COMPLEXITY" missed="0" covered="1"/><counter type="METHOD" missed="0" covered="1"/><counter type="CLASS" missed="0" covered="1"/></class><class name="com/rakuten/gap/ads/mission_ui/ui/fragment/tab/RakutenRewardMissionFragment$special$$inlined$viewModels$default$1" sourcefilename="FragmentViewModelLazy.kt"><method name="invoke" desc="()Landroidx/fragment/app/Fragment;" line="56"><counter type="INSTRUCTION" missed="0" covered="3"/><counter type="LINE" missed="0" covered="1"/><counter type="COMPLEXITY" missed="0" covered="1"/><counter type="METHOD" missed="0" covered="1"/></method><counter type="INSTRUCTION" missed="0" covered="3"/><counter type="LINE" missed="0" covered="1"/><counter type="COMPLEXITY" missed="0" covered="1"/><counter type="METHOD" missed="0" covered="1"/><counter type="CLASS" missed="0" covered="1"/></class><class name="com/rakuten/gap/ads/mission_ui/ui/fragment/tab/RakutenRewardMissionFragment" sourcefilename="RakutenRewardMissionFragment.kt"><method name="&lt;init&gt;" desc="()V" line="18"><counter type="INSTRUCTION" missed="0" covered="8"/><counter type="LINE" missed="0" covered="2"/><counter type="COMPLEXITY" missed="0" covered="1"/><counter type="METHOD" missed="0" covered="1"/></method><method name="getMissionViewModel" desc="()Lcom/rakuten/gap/ads/mission_ui/viewmodel/MissionViewModel;" line="22"><counter type="INSTRUCTION" missed="0" covered="11"/><counter type="LINE" missed="0" covered="1"/><counter type="COMPLEXITY" missed="0" covered="1"/><counter type="METHOD" missed="0" covered="1"/></method><method name="onCreateView" desc="(Landroid/view/LayoutInflater;Landroid/view/ViewGroup;Landroid/os/Bundle;)Landroid/view/View;" line="29"><counter type="INSTRUCTION" missed="24" covered="80"/><counter type="BRANCH" missed="6" covered="6"/><counter type="LINE" missed="0" covered="11"/><counter type="COMPLEXITY" missed="6" covered="1"/><counter type="METHOD" missed="0" covered="1"/></method><method name="onViewCreated" desc="(Landroid/view/View;Landroid/os/Bundle;)V" line="45"><counter type="INSTRUCTION" missed="0" covered="26"/><counter type="LINE" missed="0" covered="4"/><counter type="COMPLEXITY" missed="0" covered="1"/><counter type="METHOD" missed="0" covered="1"/></method><counter type="INSTRUCTION" missed="24" covered="125"/><counter type="BRANCH" missed="6" covered="6"/><counter type="LINE" missed="0" covered="17"/><counter type="COMPLEXITY" missed="6" covered="4"/><counter type="METHOD" missed="0" covered="4"/><counter type="CLASS" missed="0" covered="1"/></class><class name="com/rakuten/gap/ads/mission_ui/ui/fragment/tab/RakutenRewardMoreFragment$logout$1" sourcefilename="RakutenRewardMoreFragment.kt"><method name="&lt;init&gt;" desc="(Lcom/rakuten/gap/ads/mission_ui/ui/fragment/tab/RakutenRewardMoreFragment;)V" line="125"><counter type="INSTRUCTION" missed="0" covered="6"/><counter type="LINE" missed="0" covered="1"/><counter type="COMPLEXITY" missed="0" covered="1"/><counter type="METHOD" missed="0" covered="1"/></method><method name="logoutSuccess" desc="()V" line="128"><counter type="INSTRUCTION" missed="1" covered="14"/><counter type="BRANCH" missed="1" covered="1"/><counter type="LINE" missed="0" covered="3"/><counter type="COMPLEXITY" missed="1" covered="1"/><counter type="METHOD" missed="0" covered="1"/></method><counter type="INSTRUCTION" missed="1" covered="20"/><counter type="BRANCH" missed="1" covered="1"/><counter type="LINE" missed="0" covered="4"/><counter type="COMPLEXITY" missed="1" covered="2"/><counter type="METHOD" missed="0" covered="2"/><counter type="CLASS" missed="0" covered="1"/></class><class name="com/rakuten/gap/ads/mission_ui/ui/fragment/tab/RakutenRewardHomeFragment$CustomWebChromeClient" sourcefilename="RakutenRewardHomeFragment.kt"/><sourcefile name="LiveData.kt"><line nr="47" mi="0" ci="10" mb="0" cb="0"/><counter type="INSTRUCTION" missed="0" covered="10"/><counter type="LINE" missed="0" covered="1"/><counter type="COMPLEXITY" missed="0" covered="2"/><counter type="METHOD" missed="0" covered="2"/><counter type="CLASS" missed="0" covered="2"/></sourcefile><sourcefile name="RakutenRewardUnclaimFragment.kt"><line nr="15" mi="0" ci="3" mb="0" cb="0"/><line nr="24" mi="0" ci="19" mb="0" cb="0"/><line nr="25" mi="0" ci="9" mb="0" cb="0"/><line nr="35" mi="0" ci="11" mb="0" cb="0"/><line nr="36" mi="4" ci="9" mb="1" cb="1"/><line nr="37" mi="0" ci="5" mb="0" cb="0"/><line nr="38" mi="8" ci="15" mb="2" cb="2"/><line nr="39" mi="4" ci="8" mb="1" cb="1"/><line nr="40" mi="0" ci="4" mb="0" cb="0"/><line nr="41" mi="0" ci="2" mb="0" cb="0"/><line nr="42" mi="0" ci="1" mb="0" cb="0"/><line nr="45" mi="4" ci="9" mb="1" cb="1"/><line nr="46" mi="4" ci="13" mb="1" cb="1"/><line nr="50" mi="0" ci="4" mb="0" cb="0"/><line nr="51" mi="0" ci="15" mb="0" cb="0"/><line nr="54" mi="0" ci="1" mb="0" cb="0"/><counter type="INSTRUCTION" missed="24" covered="134"/><counter type="BRANCH" missed="6" covered="6"/><counter type="LINE" missed="0" covered="16"/><counter type="COMPLEXITY" missed="6" covered="5"/><counter type="METHOD" missed="0" covered="5"/><counter type="CLASS" missed="0" covered="2"/></sourcefile><sourcefile name="RakutenRewardMoreFragment.kt"><line nr="31" mi="0" ci="3" mb="0" cb="0"/><line nr="36" mi="0" ci="16" mb="0" cb="0"/><line nr="37" mi="0" ci="7" mb="0" cb="0"/><line nr="38" mi="0" ci="4" mb="0" cb="0"/><line nr="39" mi="0" ci="4" mb="0" cb="0"/><line nr="40" mi="0" ci="4" mb="0" cb="0"/><line nr="41" mi="0" ci="4" mb="0" cb="0"/><line nr="42" mi="0" ci="4" mb="0" cb="0"/><line nr="45" mi="0" ci="4" mb="0" cb="2"/><line nr="46" mi="0" ci="4" mb="0" cb="0"/><line nr="48" mi="0" ci="2" mb="0" cb="0"/><line nr="61" mi="0" ci="9" mb="0" cb="0"/><line nr="63" mi="4" ci="13" mb="1" cb="1"/><line nr="64" mi="0" ci="11" mb="0" cb="0"/><line nr="65" mi="4" ci="8" mb="1" cb="1"/><line nr="66" mi="0" ci="4" mb="0" cb="0"/><line nr="67" mi="0" ci="2" mb="0" cb="0"/><line nr="68" mi="0" ci="1" mb="0" cb="0"/><line nr="71" mi="4" ci="13" mb="1" cb="1"/><line nr="75" mi="0" ci="3" mb="0" cb="0"/><line nr="76" mi="0" ci="2" mb="0" cb="0"/><line nr="77" mi="0" ci="1" mb="0" cb="0"/><line nr="80" mi="0" ci="9" mb="1" cb="6"/><line nr="81" mi="0" ci="3" mb="0" cb="0"/><line nr="82" mi="0" ci="3" mb="0" cb="0"/><line nr="83" mi="0" ci="3" mb="0" cb="0"/><line nr="84" mi="0" ci="3" mb="0" cb="0"/><line nr="85" mi="0" ci="3" mb="0" cb="0"/><line nr="86" mi="0" ci="2" mb="0" cb="0"/><line nr="88" mi="0" ci="1" mb="0" cb="0"/><line nr="92" mi="0" ci="2" mb="0" cb="0"/><line nr="93" mi="0" ci="6" mb="0" cb="0"/><line nr="94" mi="0" ci="1" mb="0" cb="0"/><line nr="96" mi="0" ci="1" mb="0" cb="0"/><line nr="99" mi="0" ci="2" mb="0" cb="0"/><line nr="100" mi="0" ci="6" mb="0" cb="0"/><line nr="101" mi="0" ci="1" mb="0" cb="0"/><line nr="103" mi="0" ci="1" mb="0" cb="0"/><line nr="108" mi="0" ci="11" mb="0" cb="0"/><line nr="109" mi="0" ci="1" mb="0" cb="0"/><line nr="112" mi="0" ci="11" mb="0" cb="0"/><line nr="113" mi="0" ci="1" mb="0" cb="0"/><line nr="116" mi="0" ci="11" mb="0" cb="0"/><line nr="117" mi="0" ci="1" mb="0" cb="0"/><line nr="120" mi="0" ci="7" mb="0" cb="0"/><line nr="121" mi="0" ci="5" mb="0" cb="0"/><line nr="122" mi="0" ci="1" mb="0" cb="0"/><line nr="123" mi="1" ci="7" mb="1" cb="1"/><line nr="125" mi="0" ci="9" mb="0" cb="0"/><line nr="128" mi="1" ci="8" mb="1" cb="1"/><line nr="131" mi="0" ci="5" mb="0" cb="0"/><line nr="132" mi="0" ci="1" mb="0" cb="0"/><line nr="144" mi="0" ci="1" mb="0" cb="0"/><counter type="INSTRUCTION" missed="14" covered="259"/><counter type="BRANCH" missed="6" covered="13"/><counter type="LINE" missed="0" covered="53"/><counter type="COMPLEXITY" missed="6" covered="21"/><counter type="METHOD" missed="0" covered="15"/><counter type="CLASS" missed="0" covered="4"/></sourcefile><sourcefile name="FragmentViewModelLazy.kt"><line nr="56" mi="0" ci="6" mb="0" cb="0"/><line nr="58" mi="0" ci="18" mb="0" cb="0"/><counter type="INSTRUCTION" missed="0" covered="24"/><counter type="LINE" missed="0" covered="2"/><counter type="COMPLEXITY" missed="0" covered="4"/><counter type="METHOD" missed="0" covered="4"/><counter type="CLASS" missed="0" covered="4"/></sourcefile><sourcefile name="RakutenRewardPoikatsuFragment.kt"><line nr="23" mi="0" ci="3" mb="0" cb="0"/><line nr="36" mi="0" ci="3" mb="0" cb="0"/><line nr="37" mi="0" ci="9" mb="0" cb="0"/><line nr="38" mi="4" ci="14" mb="1" cb="1"/><line nr="42" mi="0" ci="4" mb="0" cb="0"/><line nr="43" mi="0" ci="2" mb="0" cb="0"/><line nr="44" mi="0" ci="1" mb="0" cb="0"/><line nr="47" mi="0" ci="3" mb="1" cb="1"/><line nr="48" mi="0" ci="3" mb="0" cb="0"/><line nr="49" mi="0" ci="2" mb="0" cb="0"/><line nr="50" mi="0" ci="10" mb="0" cb="0"/><line nr="51" mi="4" ci="9" mb="1" cb="1"/><line nr="52" mi="0" ci="3" mb="0" cb="0"/><line nr="54" mi="0" ci="1" mb="0" cb="0"/><line nr="57" mi="4" ci="16" mb="1" cb="1"/><line nr="59" mi="0" ci="4" mb="0" cb="0"/><line nr="60" mi="4" ci="10" mb="1" cb="1"/><line nr="61" mi="0" ci="1" mb="0" cb="0"/><line nr="64" mi="4" ci="8" mb="1" cb="1"/><line nr="65" mi="0" ci="13" mb="0" cb="0"/><line nr="66" mi="0" ci="1" mb="0" cb="0"/><line nr="68" mi="0" ci="4" mb="0" cb="0"/><line nr="69" mi="0" ci="4" mb="0" cb="0"/><line nr="71" mi="0" ci="5" mb="0" cb="0"/><line nr="72" mi="4" ci="10" mb="1" cb="1"/><line nr="73" mi="4" ci="10" mb="1" cb="1"/><line nr="74" mi="0" ci="1" mb="0" cb="0"/><line nr="77" mi="0" ci="4" mb="0" cb="0"/><line nr="78" mi="0" ci="2" mb="0" cb="0"/><line nr="79" mi="4" ci="10" mb="1" cb="1"/><line nr="80" mi="0" ci="1" mb="0" cb="0"/><line nr="87" mi="0" ci="5" mb="0" cb="0"/><line nr="88" mi="0" ci="2" mb="0" cb="0"/><line nr="89" mi="4" ci="10" mb="1" cb="1"/><line nr="90" mi="0" ci="1" mb="0" cb="0"/><line nr="99" mi="0" ci="6" mb="0" cb="0"/><line nr="100" mi="0" ci="2" mb="0" cb="0"/><line nr="101" mi="4" ci="10" mb="1" cb="1"/><line nr="102" mi="0" ci="1" mb="0" cb="0"/><counter type="INSTRUCTION" missed="40" covered="226"/><counter type="BRANCH" missed="11" covered="11"/><counter type="LINE" missed="0" covered="39"/><counter type="COMPLEXITY" missed="11" covered="12"/><counter type="METHOD" missed="0" covered="12"/><counter type="CLASS" missed="0" covered="3"/></sourcefile><sourcefile name="RakutenRewardHomeFragment.kt"><line nr="21" mi="0" ci="3" mb="0" cb="0"/><line nr="24" mi="0" ci="16" mb="0" cb="0"/><line nr="31" mi="0" ci="9" mb="0" cb="0"/><line nr="32" mi="4" ci="13" mb="1" cb="1"/><line nr="36" mi="0" ci="4" mb="0" cb="0"/><line nr="37" mi="0" ci="3" mb="0" cb="0"/><line nr="38" mi="0" ci="2" mb="0" cb="0"/><line nr="39" mi="0" ci="1" mb="0" cb="0"/><line nr="42" mi="0" ci="8" mb="0" cb="0"/><line nr="43" mi="0" ci="6" mb="0" cb="0"/><line nr="44" mi="0" ci="1" mb="0" cb="0"/><line nr="45" mi="0" ci="1" mb="0" cb="0"/><line nr="48" mi="4" ci="17" mb="1" cb="1"/><line nr="49" mi="0" ci="3" mb="0" cb="0"/><line nr="50" mi="0" ci="4" mb="0" cb="0"/><line nr="51" mi="0" ci="14" mb="0" cb="0"/><line nr="52" mi="0" ci="7" mb="0" cb="0"/><line nr="53" mi="0" ci="3" mb="0" cb="0"/><line nr="54" mi="0" ci="3" mb="0" cb="0"/><line nr="55" mi="0" ci="1" mb="0" cb="0"/><line nr="56" mi="4" ci="9" mb="1" cb="1"/><line nr="57" mi="0" ci="1" mb="0" cb="0"/><counter type="INSTRUCTION" missed="12" covered="138"/><counter type="BRANCH" missed="3" covered="3"/><counter type="LINE" missed="0" covered="22"/><counter type="COMPLEXITY" missed="3" covered="7"/><counter type="METHOD" missed="0" covered="7"/><counter type="CLASS" missed="0" covered="1"/></sourcefile><sourcefile name="RakutenRewardMissionFragment.kt"><line nr="18" mi="0" ci="3" mb="0" cb="0"/><line nr="22" mi="0" ci="16" mb="0" cb="0"/><line nr="29" mi="0" ci="2" mb="0" cb="0"/><line nr="30" mi="0" ci="9" mb="0" cb="0"/><line nr="31" mi="4" ci="9" mb="1" cb="1"/><line nr="32" mi="0" ci="5" mb="0" cb="0"/><line nr="33" mi="8" ci="15" mb="2" cb="2"/><line nr="34" mi="4" ci="8" mb="1" cb="1"/><line nr="35" mi="0" ci="4" mb="0" cb="0"/><line nr="36" mi="0" ci="2" mb="0" cb="0"/><line nr="37" mi="0" ci="1" mb="0" cb="0"/><line nr="40" mi="4" ci="9" mb="1" cb="1"/><line nr="41" mi="4" ci="13" mb="1" cb="1"/><line nr="45" mi="0" ci="4" mb="0" cb="0"/><line nr="46" mi="0" ci="15" mb="0" cb="0"/><line nr="49" mi="0" ci="3" mb="0" cb="0"/><line nr="50" mi="0" ci="1" mb="0" cb="0"/><counter type="INSTRUCTION" missed="24" covered="125"/><counter type="BRANCH" missed="6" covered="6"/><counter type="LINE" missed="0" covered="17"/><counter type="COMPLEXITY" missed="6" covered="4"/><counter type="METHOD" missed="0" covered="4"/><counter type="CLASS" missed="0" covered="1"/></sourcefile><counter type="INSTRUCTION" missed="114" covered="916"/><counter type="BRANCH" missed="32" covered="39"/><counter type="LINE" missed="0" covered="150"/><counter type="COMPLEXITY" missed="32" covered="55"/><counter type="METHOD" missed="0" covered="49"/><counter type="CLASS" missed="0" covered="17"/></package><package name="com/rakuten/gap/ads/mission_ui/ui/utils"><class name="com/rakuten/gap/ads/mission_ui/ui/utils/ImageCache" sourcefilename="ImageCache.kt"><method name="&lt;init&gt;" desc="()V" line="9"><counter type="INSTRUCTION" missed="0" covered="13"/><counter type="LINE" missed="0" covered="5"/><counter type="COMPLEXITY" missed="0" covered="1"/><counter type="METHOD" missed="0" covered="1"/></method><method name="getImage" desc="(Landroid/content/res/Resources;Ljava/lang/String;)Landroid/graphics/drawable/Drawable;" line="19"><counter type="INSTRUCTION" missed="0" covered="24"/><counter type="BRANCH" missed="0" covered="2"/><counter type="LINE" missed="0" covered="1"/><counter type="COMPLEXITY" missed="0" covered="2"/><counter type="METHOD" missed="0" covered="1"/></method><method name="setImage" desc="(Ljava/lang/String;Landroid/graphics/drawable/Drawable;)V" line="23"><counter type="INSTRUCTION" missed="0" covered="15"/><counter type="LINE" missed="0" covered="2"/><counter type="COMPLEXITY" missed="0" covered="1"/><counter type="METHOD" missed="0" covered="1"/></method><counter type="INSTRUCTION" missed="0" covered="52"/><counter type="BRANCH" missed="0" covered="2"/><counter type="LINE" missed="0" covered="8"/><counter type="COMPLEXITY" missed="0" covered="4"/><counter type="METHOD" missed="0" covered="3"/><counter type="CLASS" missed="0" covered="1"/></class><class name="com/rakuten/gap/ads/mission_ui/ui/utils/ImageRepo$setImageCache$2" sourcefilename="ImageRepo.kt"><method name="invokeSuspend" desc="(Ljava/lang/Object;)Ljava/lang/Object;" line="80"><counter type="INSTRUCTION" missed="0" covered="15"/><counter type="LINE" missed="0" covered="2"/><counter type="COMPLEXITY" missed="0" covered="1"/><counter type="METHOD" missed="0" covered="1"/></method><counter type="INSTRUCTION" missed="0" covered="15"/><counter type="LINE" missed="0" covered="2"/><counter type="COMPLEXITY" missed="0" covered="1"/><counter type="METHOD" missed="0" covered="1"/><counter type="CLASS" missed="0" covered="1"/></class><class name="com/rakuten/gap/ads/mission_ui/ui/utils/UiExtKt" sourcefilename="UiExt.kt"><method name="setNullableText" desc="(Landroid/widget/TextView;Ljava/lang/String;)V" line="6"><counter type="INSTRUCTION" missed="2" covered="14"/><counter type="BRANCH" missed="1" covered="1"/><counter type="LINE" missed="0" covered="3"/><counter type="COMPLEXITY" missed="1" covered="1"/><counter type="METHOD" missed="0" covered="1"/></method><counter type="INSTRUCTION" missed="2" covered="14"/><counter type="BRANCH" missed="1" covered="1"/><counter type="LINE" missed="0" covered="3"/><counter type="COMPLEXITY" missed="1" covered="1"/><counter type="METHOD" missed="0" covered="1"/><counter type="CLASS" missed="0" covered="1"/></class><class name="com/rakuten/gap/ads/mission_ui/ui/utils/ImageRepo$ImageDownloadJob" sourcefilename="ImageRepo.kt"><method name="&lt;init&gt;" desc="(Landroid/content/res/Resources;Ljava/lang/String;Lkotlin/jvm/functions/Function1;Lkotlin/jvm/functions/Function0;)V" line="25"><counter type="INSTRUCTION" missed="0" covered="24"/><counter type="LINE" missed="0" covered="5"/><counter type="COMPLEXITY" missed="0" covered="1"/><counter type="METHOD" missed="0" covered="1"/></method><method name="getResources" desc="()Landroid/content/res/Resources;" line="26"><counter type="INSTRUCTION" missed="0" covered="3"/><counter type="LINE" missed="0" covered="1"/><counter type="COMPLEXITY" missed="0" covered="1"/><counter type="METHOD" missed="0" covered="1"/></method><method name="getUrl" desc="()Ljava/lang/String;" line="27"><counter type="INSTRUCTION" missed="0" covered="3"/><counter type="LINE" missed="0" covered="1"/><counter type="COMPLEXITY" missed="0" covered="1"/><counter type="METHOD" missed="0" covered="1"/></method><method name="getOnSuccess" desc="()Lkotlin/jvm/functions/Function1;" line="28"><counter type="INSTRUCTION" missed="0" covered="3"/><counter type="LINE" missed="0" covered="1"/><counter type="COMPLEXITY" missed="0" covered="1"/><counter type="METHOD" missed="0" covered="1"/></method><method name="getOnFailed" desc="()Lkotlin/jvm/functions/Function0;" line="29"><counter type="INSTRUCTION" missed="0" covered="3"/><counter type="LI
[...]
/ads/mission_ui/api/activity/RakutenRewardAdPortalActivity$special$$inlined$viewModels$default$1" sourcefilename="ActivityViewModelLazy.kt"><method name="invoke" desc="()Landroidx/lifecycle/ViewModelProvider$Factory;" line="44"><counter type="INSTRUCTION" missed="0" covered="7"/><counter type="LINE" missed="0" covered="1"/><counter type="COMPLEXITY" missed="0" covered="1"/><counter type="METHOD" missed="0" covered="1"/></method><counter type="INSTRUCTION" missed="0" covered="7"/><counter type="LINE" missed="0" covered="1"/><counter type="COMPLEXITY" missed="0" covered="1"/><counter type="METHOD" missed="0" covered="1"/><counter type="CLASS" missed="0" covered="1"/></class><class name="com/rakuten/gap/ads/mission_ui/api/activity/RakutenRewardAdPortalActivity$special$$inlined$viewModels$default$2" sourcefilename="ActivityViewModelLazy.kt"><method name="invoke" desc="()Landroidx/lifecycle/ViewModelStore;" line="47"><counter type="INSTRUCTION" missed="0" covered="7"/><counter type="LINE" missed="0" covered="1"/><counter type="COMPLEXITY" missed="0" covered="1"/><counter type="METHOD" missed="0" covered="1"/></method><counter type="INSTRUCTION" missed="0" covered="7"/><counter type="LINE" missed="0" covered="1"/><counter type="COMPLEXITY" missed="0" covered="1"/><counter type="METHOD" missed="0" covered="1"/><counter type="CLASS" missed="0" covered="1"/></class><class name="com/rakuten/gap/ads/mission_ui/api/activity/RakutenRewardBaseAppCompatActivity" sourcefilename="RakutenRewardBaseAppCompatActivity.kt"><method name="&lt;init&gt;" desc="()V" line="17"><counter type="INSTRUCTION" missed="0" covered="3"/><counter type="LINE" missed="0" covered="1"/><counter type="COMPLEXITY" missed="0" covered="1"/><counter type="METHOD" missed="0" covered="1"/></method><method name="onCreate" desc="(Landroid/os/Bundle;)V" line="20"><counter type="INSTRUCTION" missed="0" covered="13"/><counter type="LINE" missed="0" covered="4"/><counter type="COMPLEXITY" missed="0" covered="1"/><counter type="METHOD" missed="0" covered="1"/></method><method name="onStart" desc="()V" line="26"><counter type="INSTRUCTION" missed="0" covered="6"/><counter type="LINE" missed="0" covered="3"/><counter type="COMPLEXITY" missed="0" covered="1"/><counter type="METHOD" missed="0" covered="1"/></method><method name="onResume" desc="()V" line="31"><counter type="INSTRUCTION" missed="0" covered="6"/><counter type="LINE" missed="0" covered="3"/><counter type="COMPLEXITY" missed="0" covered="1"/><counter type="METHOD" missed="0" covered="1"/></method><method name="onPause" desc="()V" line="36"><counter type="INSTRUCTION" missed="0" covered="6"/><counter type="LINE" missed="0" covered="3"/><counter type="COMPLEXITY" missed="0" covered="1"/><counter type="METHOD" missed="0" covered="1"/></method><counter type="INSTRUCTION" missed="0" covered="34"/><counter type="LINE" missed="0" covered="14"/><counter type="COMPLEXITY" missed="0" covered="5"/><counter type="METHOD" missed="0" covered="5"/><counter type="CLASS" missed="0" covered="1"/></class><class name="com/rakuten/gap/ads/mission_ui/api/activity/RakutenRewardPointActivity$Companion" sourcefilename="RakutenRewardPointActivity.kt"/><sourcefile name="RakutenRewardAdPortalActivity.kt"><line nr="21" mi="0" ci="3" mb="0" cb="0"/><line nr="28" mi="0" ci="16" mb="0" cb="0"/><line nr="31" mi="0" ci="3" mb="0" cb="0"/><line nr="32" mi="0" ci="4" mb="0" cb="0"/><line nr="33" mi="0" ci="10" mb="0" cb="0"/><line nr="34" mi="4" ci="10" mb="1" cb="1"/><line nr="35" mi="0" ci="2" mb="0" cb="0"/><line nr="36" mi="4" ci="16" mb="1" cb="1"/><line nr="37" mi="4" ci="13" mb="1" cb="1"/><line nr="38" mi="0" ci="2" mb="0" cb="0"/><line nr="39" mi="0" ci="1" mb="0" cb="0"/><line nr="42" mi="0" ci="2" mb="0" cb="0"/><line nr="43" mi="0" ci="2" mb="0" cb="0"/><line nr="44" mi="0" ci="1" mb="0" cb="0"/><line nr="47" mi="4" ci="16" mb="1" cb="1"/><line nr="48" mi="0" ci="5" mb="0" cb="0"/><line nr="49" mi="0" ci="2" mb="0" cb="0"/><line nr="50" mi="0" ci="1" mb="0" cb="0"/><line nr="51" mi="0" ci="4" mb="0" cb="0"/><line nr="52" mi="0" ci="2" mb="0" cb="0"/><line nr="53" mi="0" ci="1" mb="0" cb="0"/><line nr="54" mi="0" ci="1" mb="0" cb="0"/><line nr="55" mi="0" ci="1" mb="0" cb="0"/><line nr="58" mi="0" ci="2" mb="0" cb="0"/><line nr="59" mi="4" ci="13" mb="1" cb="1"/><line nr="60" mi="0" ci="1" mb="0" cb="0"/><line nr="64" mi="0" ci="1" mb="0" cb="0"/><line nr="65" mi="4" ci="9" mb="1" cb="1"/><line nr="66" mi="4" ci="18" mb="1" cb="1"/><line nr="67" mi="0" ci="3" mb="0" cb="0"/><line nr="68" mi="0" ci="3" mb="0" cb="0"/><line nr="70" mi="0" ci="3" mb="0" cb="0"/><line nr="71" mi="0" ci="3" mb="0" cb="0"/><line nr="72" mi="0" ci="1" mb="0" cb="0"/><line nr="73" mi="0" ci="1" mb="0" cb="0"/><line nr="75" mi="0" ci="4" mb="0" cb="0"/><line nr="76" mi="0" ci="4" mb="0" cb="0"/><line nr="78" mi="0" ci="4" mb="0" cb="0"/><line nr="79" mi="0" ci="2" mb="0" cb="0"/><line nr="80" mi="0" ci="1" mb="0" cb="0"/><line nr="98" mi="3" ci="11" mb="3" cb="3"/><line nr="99" mi="4" ci="13" mb="1" cb="1"/><line nr="101" mi="0" ci="1" mb="0" cb="0"/><line nr="123" mi="4" ci="22" mb="2" cb="2"/><line nr="124" mi="2" ci="7" mb="2" cb="2"/><line nr="125" mi="0" ci="5" mb="1" cb="1"/><line nr="126" mi="0" ci="9" mb="0" cb="0"/><line nr="127" mi="0" ci="6" mb="0" cb="2"/><line nr="128" mi="4" ci="9" mb="1" cb="1"/><line nr="129" mi="0" ci="3" mb="0" cb="0"/><line nr="130" mi="0" ci="2" mb="0" cb="0"/><line nr="136" mi="0" ci="5" mb="0" cb="0"/><counter type="INSTRUCTION" missed="45" covered="296"/><counter type="BRANCH" missed="17" covered="19"/><counter type="LINE" missed="0" covered="52"/><counter type="COMPLEXITY" missed="17" covered="14"/><counter type="METHOD" missed="0" covered="13"/><counter type="CLASS" missed="0" covered="2"/></sourcefile><sourcefile name="ActivityViewModelLazy.kt"><line nr="44" mi="0" ci="21" mb="0" cb="0"/><line nr="47" mi="0" ci="21" mb="0" cb="0"/><counter type="INSTRUCTION" missed="0" covered="42"/><counter type="LINE" missed="0" covered="2"/><counter type="COMPLEXITY" missed="0" covered="6"/><counter type="METHOD" missed="0" covered="6"/><counter type="CLASS" missed="0" covered="6"/></sourcefile><sourcefile name="RakutenRewardBaseAppCompatActivity.kt"><line nr="17" mi="0" ci="3" mb="0" cb="0"/><line nr="20" mi="0" ci="3" mb="0" cb="0"/><line nr="21" mi="0" ci="3" mb="0" cb="0"/><line nr="22" mi="0" ci="6" mb="0" cb="0"/><line nr="23" mi="0" ci="1" mb="0" cb="0"/><line nr="26" mi="0" ci="3" mb="0" cb="0"/><line nr="27" mi="0" ci="2" mb="0" cb="0"/><line nr="28" mi="0" ci="1" mb="0" cb="0"/><line nr="31" mi="0" ci="3" mb="0" cb="0"/><line nr="32" mi="0" ci="2" mb="0" cb="0"/><line nr="33" mi="0" ci="1" mb="0" cb="0"/><line nr="36" mi="0" ci="2" mb="0" cb="0"/><line nr="37" mi="0" ci="3" mb="0" cb="0"/><line nr="38" mi="0" ci="1" mb="0" cb="0"/><counter type="INSTRUCTION" missed="0" covered="34"/><counter type="LINE" missed="0" covered="14"/><counter type="COMPLEXITY" missed="0" covered="5"/><counter type="METHOD" missed="0" covered="5"/><counter type="CLASS" missed="0" covered="1"/></sourcefile><sourcefile name="RakutenRewardSettingActivity.kt"><line nr="14" mi="0" ci="3" mb="0" cb="0"/><line nr="19" mi="0" ci="3" mb="0" cb="0"/><line nr="21" mi="0" ci="10" mb="0" cb="0"/><line nr="22" mi="4" ci="9" mb="1" cb="1"/><line nr="23" mi="0" ci="7" mb="0" cb="0"/><line nr="31" mi="0" ci="3" mb="0" cb="0"/><line nr="32" mi="0" ci="3" mb="0" cb="0"/><line nr="33" mi="0" ci="1" mb="0" cb="0"/><line nr="34" mi="0" ci="1" mb="0" cb="0"/><line nr="37" mi="4" ci="8" mb="1" cb="1"/><line nr="38" mi="0" ci="8" mb="0" cb="0"/><line nr="39" mi="4" ci="14" mb="1" cb="1"/><line nr="40" mi="4" ci="9" mb="1" cb="1"/><line nr="41" mi="0" ci="1" mb="0" cb="0"/><counter type="INSTRUCTION" missed="16" covered="83"/><counter type="BRANCH" missed="4" covered="4"/><counter type="LINE" missed="0" covered="14"/><counter type="COMPLEXITY" missed="4" covered="3"/><counter type="METHOD" missed="0" covered="3"/><counter type="CLASS" missed="0" covered="1"/></sourcefile><sourcefile name="RakutenRewardExtension.kt"><line nr="40" mi="0" ci="9" mb="0" cb="0"/><line nr="41" mi="0" ci="7" mb="0" cb="0"/><line nr="43" mi="0" ci="1" mb="0" cb="0"/><line nr="67" mi="0" ci="4" mb="0" cb="0"/><line nr="68" mi="0" ci="2" mb="0" cb="0"/><line nr="73" mi="0" ci="3" mb="0" cb="0"/><line nr="74" mi="0" ci="1" mb="0" cb="0"/><line nr="100" mi="0" ci="10" mb="0" cb="0"/><line nr="101" mi="0" ci="2" mb="0" cb="0"/><line nr="102" mi="0" ci="6" mb="0" cb="0"/><line nr="103" mi="0" ci="1" mb="0" cb="0"/><line nr="105" mi="0" ci="2" mb="0" cb="0"/><line nr="133" mi="0" ci="2" mb="0" cb="0"/><line nr="134" mi="0" ci="9" mb="0" cb="0"/><line nr="136" mi="0" ci="2" mb="0" cb="0"/><line nr="150" mi="0" ci="2" mb="0" cb="2"/><line nr="151" mi="0" ci="4" mb="0" cb="0"/><line nr="153" mi="0" ci="3" mb="0" cb="0"/><line nr="155" mi="0" ci="1" mb="0" cb="0"/><line nr="157" mi="0" ci="17" mb="0" cb="0"/><line nr="158" mi="0" ci="1" mb="0" cb="0"/><line nr="159" mi="0" ci="1" mb="0" cb="0"/><line nr="160" mi="0" ci="2" mb="0" cb="0"/><line nr="161" mi="0" ci="1" mb="0" cb="0"/><counter type="INSTRUCTION" missed="0" covered="124"/><counter type="BRANCH" missed="0" covered="2"/><counter type="LINE" missed="0" covered="24"/><counter type="COMPLEXITY" missed="0" covered="13"/><counter type="METHOD" missed="0" covered="12"/><counter type="CLASS" missed="0" covered="2"/></sourcefile><sourcefile name="RakutenRewardSDKPortalActivity.kt"><line nr="27" mi="0" ci="3" mb="0" cb="0"/><line nr="33" mi="0" ci="16" mb="0" cb="0"/><line nr="39" mi="0" ci="11" mb="0" cb="0"/><line nr="40" mi="0" ci="38" mb="0" cb="0"/><line nr="44" mi="0" ci="3" mb="0" cb="0"/><line nr="46" mi="0" ci="10" mb="0" cb="0"/><line nr="47" mi="4" ci="9" mb="1" cb="1"/><line nr="49" mi="4" ci="11" mb="1" cb="1"/><line nr="50" mi="0" ci="2" mb="0" cb="0"/><line nr="51" mi="0" ci="1" mb="0" cb="0"/><line nr="54" mi="0" ci="1" mb="0" cb="0"/><line nr="56" mi="4" ci="8" mb="1" cb="1"/><line nr="57" mi="4" ci="8" mb="1" cb="1"/><line nr="58" mi="0" ci="6" mb="0" cb="0"/><line nr="59" mi="0" ci="2" mb="0" cb="0"/><line nr="61" mi="4" ci="8" mb="1" cb="1"/><line nr="62" mi="4" ci="8" mb="1" cb="1"/><line nr="63" mi="0" ci="6" mb="0" cb="0"/><line nr="64" mi="0" ci="2" mb="0" cb="0"/><line nr="66" mi="4" ci="8" mb="1" cb="1"/><line nr="67" mi="4" ci="8" mb="1" cb="1"/><line nr="68" mi="0" ci="6" mb="0" cb="0"/><line nr="69" mi="0" ci="2" mb="0" cb="0"/><line nr="71" mi="4" ci="8" mb="1" cb="1"/><line nr="72" mi="4" ci="8" mb="1" cb="1"/><line nr="73" mi="0" ci="6" mb="0" cb="0"/><line nr="74" mi="0" ci="2" mb="0" cb="0"/><line nr="76" mi="4" ci="8" mb="1" cb="1"/><line nr="77" mi="4" ci="8" mb="1" cb="1"/><line nr="78" mi="0" ci="6" mb="0" cb="0"/><line nr="79" mi="0" ci="2" mb="0" cb="0"/><line nr="82" mi="4" ci="9" mb="1" cb="1"/><line nr="84" mi="0" ci="12" mb="0" cb="0"/><line nr="86" mi="4" ci="9" mb="1" cb="1"/><line nr="87" mi="0" ci="4" mb="0" cb="0"/><line nr="88" mi="4" ci="7" mb="1" cb="1"/><line nr="89" mi="0" ci="12" mb="0" cb="0"/><line nr="91" mi="4" ci="7" mb="1" cb="1"/><line nr="92" mi="0" ci="12" mb="0" cb="0"/><line nr="94" mi="4" ci="7" mb="1" cb="1"/><line nr="95" mi="0" ci="12" mb="0" cb="0"/><line nr="97" mi="4" ci="7" mb="1" cb="1"/><line nr="98" mi="0" ci="12" mb="0" cb="0"/><line nr="100" mi="4" ci="7" mb="1" cb="1"/><line nr="101" mi="0" ci="12" mb="0" cb="0"/><line nr="104" mi="8" ci="15" mb="2" cb="2"/><line nr="105" mi="8" ci="19" mb="2" cb="2"/><line nr="106" mi="4" ci="15" mb="1" cb="1"/><line nr="107" mi="4" ci="11" mb="1" cb="1"/><line nr="109" mi="0" ci="3" mb="0" cb="0"/><line nr="110" mi="2" ci="23" mb="2" cb="2"/><line nr="111" mi="4" ci="10" mb="1" cb="1"/><line nr="112" mi="0" ci="1" mb="0" cb="0"/><line nr="113" mi="1" ci="15" mb="1" cb="1"/><line nr="114" mi="0" ci="4" mb="0" cb="0"/><line nr="115" mi="0" ci="6" mb="0" cb="2"/><line nr="116" mi="0" ci="6" mb="0" cb="2"/><line nr="117" mi="0" ci="6" mb="0" cb="2"/><line nr="118" mi="0" ci="6" mb="0" cb="2"/><line nr="119" mi="0" ci="6" mb="1" cb="1"/><line nr="120" mi="1" ci="0" mb="0" cb="0"/><line nr="122" mi="0" ci="4" mb="0" cb="0"/><line nr="124" mi="2" ci="13" mb="1" cb="5"/><line nr="125" mi="0" ci="1" mb="0" cb="0"/><line nr="126" mi="10" ci="25" mb="3" cb="3"/><line nr="127" mi="0" ci="3" mb="1" cb="1"/><line nr="128" mi="0" ci="3" mb="0" cb="0"/><line nr="131" mi="0" ci="1" mb="0" cb="0"/><line nr="134" mi="0" ci="3" mb="0" cb="0"/><line nr="135" mi="1" ci="15" mb="1" cb="1"/><line nr="136" mi="0" ci="4" mb="0" cb="0"/><line nr="137" mi="0" ci="6" mb="0" cb="2"/><line nr="138" mi="0" ci="6" mb="0" cb="2"/><line nr="139" mi="0" ci="6" mb="1" cb="1"/><line nr="140" mi="6" ci="0" mb="2" cb="0"/><line nr="141" mi="6" ci="0" mb="2" cb="0"/><line nr="142" mi="1" ci="0" mb="0" cb="0"/><line nr="144" mi="0" ci="4" mb="0" cb="0"/><line nr="146" mi="0" ci="1" mb="0" cb="0"/><line nr="148" mi="4" ci="9" mb="1" cb="1"/><line nr="149" mi="0" ci="9" mb="0" cb="0"/><line nr="151" mi="0" ci="8" mb="0" cb="0"/><line nr="152" mi="4" ci="17" mb="1" cb="3"/><line nr="153" mi="0" ci="1" mb="0" cb="0"/><line nr="154" mi="0" ci="1" mb="0" cb="0"/><line nr="157" mi="0" ci="3" mb="0" cb="0"/><line nr="158" mi="0" ci="3" mb="0" cb="0"/><line nr="159" mi="4" ci="11" mb="2" cb="2"/><line nr="160" mi="0" ci="4" mb="0" cb="0"/><line nr="162" mi="0" ci="1" mb="0" cb="0"/><line nr="166" mi="0" ci="5" mb="0" cb="0"/><line nr="167" mi="0" ci="3" mb="0" cb="2"/><line nr="168" mi="0" ci="2" mb="0" cb="0"/><line nr="170" mi="0" ci="1" mb="0" cb="0"/><line nr="173" mi="4" ci="9" mb="1" cb="1"/><line nr="174" mi="0" ci="1" mb="0" cb="0"/><line nr="180" mi="0" ci="7" mb="0" cb="0"/><line nr="181" mi="0" ci="1" mb="0" cb="0"/><line nr="184" mi="0" ci="9" mb="0" cb="3"/><line nr="186" mi="0" ci="3" mb="0" cb="0"/><line nr="187" mi="0" ci="3" mb="0" cb="0"/><line nr="188" mi="0" ci="3" mb="0" cb="0"/><line nr="189" mi="0" ci="3" mb="0" cb="0"/><line nr="191" mi="0" ci="4" mb="0" cb="0"/><line nr="194" mi="0" ci="5" mb="0" cb="0"/><line nr="196" mi="0" ci="1" mb="0" cb="0"/><line nr="198" mi="0" ci="1" mb="0" cb="0"/><line nr="204" mi="0" ci="4" mb="0" cb="0"/><line nr="205" mi="0" ci="1" mb="0" cb="0"/><line nr="209" mi="0" ci="2" mb="0" cb="0"/><line nr="210" mi="0" ci="1" mb="0" cb="0"/><counter type="INSTRUCTION" missed="150" covered="752"/><counter type="BRANCH" missed="46" covered="65"/><counter type="LINE" missed="4" covered="107"/><counter type="COMPLEXITY" missed="44" covered="30"/><counter type="METHOD" missed="0" covered="18"/><counter type="CLASS" missed="0" covered="3"/></sourcefile><sourcefile name="LiveData.kt"><line nr="47" mi="0" ci="5" mb="0" cb="0"/><counter type="INSTRUCTION" missed="0" covered="5"/><counter type="LINE" missed="0" covered="1"/><counter type="COMPLEXITY" missed="0" covered="1"/><counter type="METHOD" missed="0" covered="1"/><counter type="CLASS" missed="0" covered="1"/></sourcefile><sourcefile name="RakutenRewardPointActivity.kt"><line nr="19" mi="0" ci="3" mb="0" cb="0"/><line nr="27" mi="0" ci="16" mb="0" cb="0"/><line nr="32" mi="0" ci="3" mb="0" cb="0"/><line nr="34" mi="0" ci="10" mb="0" cb="0"/><line nr="35" mi="4" ci="9" mb="1" cb="1"/><line nr="37" mi="4" ci="9" mb="1" cb="1"/><line nr="38" mi="0" ci="31" mb="0" cb="0"/><line nr="39" mi="0" ci="2" mb="0" cb="0"/><line nr="40" mi="0" ci="7" mb="0" cb="0"/><line nr="41" mi="4" ci="12" mb="1" cb="1"/><line nr="42" mi="0" ci="3" mb="0" cb="0"/><line nr="45" mi="0" ci="3" mb="0" cb="0"/><line nr="46" mi="0" ci="5" mb="0" cb="0"/><line nr="47" mi="8" ci="15" mb="2" cb="2"/><line nr="48" mi="0" ci="7" mb="0" cb="0"/><line nr="51" mi="4" ci="9" mb="1" cb="1"/><line nr="52" mi="0" ci="1" mb="0" cb="0"/><line nr="55" mi="0" ci="2" mb="0" cb="0"/><line nr="56" mi="7" ci="11" mb="1" cb="1"/><line nr="57" mi="0" ci="1" mb="0" cb="0"/><line nr="61" mi="0" ci="9" mb="1" cb="2"/><line nr="63" mi="0" ci="4" mb="0" cb="0"/><line nr="66" mi="0" ci="5" mb="0" cb="0"/><line nr="68" mi="1" ci="0" mb="0" cb="0"/><line nr="70" mi="0" ci="1" mb="0" cb="0"/><line nr="74" mi="0" ci="3" mb="0" cb="0"/><line nr="75" mi="0" ci="2" mb="0" cb="0"/><line nr="76" mi="0" ci="1" mb="0" cb="0"/><counter type="INSTRUCTION" missed="35" covered="187"/><counter type="BRANCH" missed="8" covered="9"/><counter type="LINE" missed="1" covered="27"/><counter type="COMPLEXITY" missed="9" covered="7"/><counter type="METHOD" missed="1" covered="6"/><counter type="CLASS" missed="0" covered="1"/></sourcefile><counter type="INSTRUCTION" missed="246" covered="1523"/><counter type="BRANCH" missed="75" covered="99"/><counter type="LINE" missed="5" covered="241"/><counter type="COMPLEXITY" missed="74" covered="79"/><counter type="METHOD" missed="1" covered="64"/><counter type="CLASS" missed="0" covered="17"/></package><package name="com/rakuten/gap/ads/mission_ui"><class name="com/rakuten/gap/ads/mission_ui/RewardUIContentProvider" sourcefilename="RewardUIContentProvider.kt"><method name="&lt;init&gt;" desc="()V" line="17"><counter type="INSTRUCTION" missed="0" covered="3"/><counter type="LINE" missed="0" covered="1"/><counter type="COMPLEXITY" missed="0" covered="1"/><counter type="METHOD" missed="0" covered="1"/></method><method name="onCreate" desc="()Z" line="23"><counter type="INSTRUCTION" missed="0" covered="5"/><counter type="LINE" missed="0" covered="2"/><counter type="COMPLEXITY" missed="0" covered="1"/><counter type="METHOD" missed="0" covered="1"/></method><method name="attachInfo" desc="(Landroid/content/Context;Landroid/content/pm/ProviderInfo;)V" line="29"><counter type="INSTRUCTION" missed="19" covered="23"/><counter type="BRANCH" missed="3" covered="3"/><counter type="LINE" missed="7" covered="6"/><counter type="COMPLEXITY" missed="3" covered="1"/><counter type="METHOD" missed="0" covered="1"/></method><counter type="INSTRUCTION" missed="19" covered="31"/><counter type="BRANCH" missed="3" covered="3"/><counter type="LINE" missed="7" covered="9"/><counter type="COMPLEXITY" missed="3" covered="3"/><counter type="METHOD" missed="0" covered="3"/><counter type="CLASS" missed="0" covered="1"/></class><class name="com/rakuten/gap/ads/mission_ui/RewardUIContentProvider$Companion" sourcefilename="RewardUIContentProvider.kt"/><sourcefile name="RewardUIContentProvider.kt"><line nr="17" mi="0" ci="3" mb="0" cb="0"/><line nr="23" mi="0" ci="3" mb="0" cb="0"/><line nr="24" mi="0" ci="2" mb="0" cb="0"/><line nr="29" mi="0" ci="2" mb="1" cb="1"/><line nr="30" mi="4" ci="0" mb="0" cb="0"/><line nr="31" mi="1" ci="0" mb="0" cb="0"/><line nr="35" mi="0" ci="3" mb="0" cb="0"/><line nr="36" mi="0" ci="6" mb="0" cb="0"/><line nr="37" mi="1" ci="0" mb="0" cb="0"/><line nr="38" mi="5" ci="0" mb="0" cb="0"/><line nr="39" mi="3" ci="0" mb="0" cb="0"/><line nr="42" mi="0" ci="7" mb="2" cb="2"/><line nr="43" mi="4" ci="0" mb="0" cb="0"/><line nr="44" mi="1" ci="0" mb="0" cb="0"/><line nr="49" mi="0" ci="4" mb="0" cb="0"/><line nr="50" mi="0" ci="1" mb="0" cb="0"/><counter type="INSTRUCTION" missed="19" covered="31"/><counter type="BRANCH" missed="3" covered="3"/><counter type="LINE" missed="7" covered="9"/><counter type="COMPLEXITY" missed="3" covered="3"/><counter type="METHOD" missed="0" covered="3"/><counter type="CLASS" missed="0" covered="1"/></sourcefile><counter type="INSTRUCTION" missed="19" covered="31"/><counter type="BRANCH" missed="3" covered="3"/><counter type="LINE" missed="7" covered="9"/><counter type="COMPLEXITY" missed="3" covered="3"/><counter type="METHOD" missed="0" covered="3"/><counter type="CLASS" missed="0" covered="1"/></package><counter type="INSTRUCTION" missed="649" covered="5958"/><counter type="BRANCH" missed="187" covered="288"/><counter type="LINE" missed="55" covered="1035"/><counter type="COMPLEXITY" missed="189" covered="366"/><counter type="METHOD" missed="10" covered="300"/><counter type="CLASS" missed="0" covered="89"/></report>